============================================================
 PROOF: all 11 models -> extract -> train, on 60 real TCGA slides
   node:        sh03-15n02.int
   job:         32514465
   repo:        /scratch/users/akshatg/stanf_pfm
   proof tree:  /scratch/users/akshatg/stanf_pfm/runtime/proof
   models:      phikon conch uni2 virchow virchow2 exaone-path gigapath h-optimus mSTAR hipt titan
   HF token:    present (runtime/.hf_token, 37 chars)
   start:       Thu Jul  2 10:03:26 PDT 2026
============================================================

### STEP 1/6  ensure CPU data-build container + venv
  present: /scratch/users/akshatg/stanf_pfm/runtime/containers/tcga_build.sif + /scratch/users/akshatg/stanf_pfm/runtime/venvs/tcga_build

### STEP 2/6  REAL GDC build of 60 slides -> /scratch/users/akshatg/stanf_pfm/runtime/proof/tcga/tables/dataset.csv
  reusing existing dataset.csv (6846 lines). Delete /scratch/users/akshatg/stanf_pfm/runtime/proof/tcga to rebuild.
  dataset.csv ready: /scratch/users/akshatg/stanf_pfm/runtime/proof/tcga/tables/dataset.csv  (6845 slides)

### STEP 3/6  ensure GPU/torch model container
  present: /scratch/users/akshatg/stanf_pfm/runtime/containers/pfm_base.sif

### STEP 4/6  ensure HIPT repo + ViT-256 checkpoint (GitHub LFS, not on HF)
  ckpt: /scratch/users/akshatg/stanf_pfm/runtime/repos/HIPT/HIPT_4K/Checkpoints/vit256_small_dino.pth (704238867 bytes)

### STEP 5/6  per-model: setup venv (if needed) -> load weights -> extract
============================================================
  MODEL: phikon
============================================================
  [phikon] extracting -> log: /scratch/users/akshatg/stanf_pfm/runtime/proof/logs/phikon.log
  [phikon] OK  embeddings=/scratch/users/akshatg/stanf_pfm/runtime/proof/embeddings/phikon/patch_embeddings.pt  shape=(60, 1024)
============================================================
  MODEL: conch
============================================================
  [conch] extracting -> log: /scratch/users/akshatg/stanf_pfm/runtime/proof/logs/conch.log
  [conch] OK  embeddings=/scratch/users/akshatg/stanf_pfm/runtime/proof/embeddings/conch/patch_embeddings.pt  shape=(60, 512)
============================================================
  MODEL: uni2
============================================================
  [uni2] extracting -> log: /scratch/users/akshatg/stanf_pfm/runtime/proof/logs/uni2.log
  [uni2] OK  embeddings=/scratch/users/akshatg/stanf_pfm/runtime/proof/embeddings/uni2/patch_embeddings.pt  shape=(60, 1536)
============================================================
  MODEL: virchow
============================================================
  [virchow] extracting -> log: /scratch/users/akshatg/stanf_pfm/runtime/proof/logs/virchow.log
  [virchow] OK  embeddings=/scratch/users/akshatg/stanf_pfm/runtime/proof/embeddings/virchow/patch_embeddings.pt  shape=(60, 2560)
============================================================
  MODEL: virchow2
============================================================
  [virchow2] extracting -> log: /scratch/users/akshatg/stanf_pfm/runtime/proof/logs/virchow2.log
  [virchow2] OK  embeddings=/scratch/users/akshatg/stanf_pfm/runtime/proof/embeddings/virchow2/patch_embeddings.pt  shape=(60, 2560)
============================================================
  MODEL: exaone-path
============================================================
  [exaone-path] extracting -> log: /scratch/users/akshatg/stanf_pfm/runtime/proof/logs/exaone-path.log
  [exaone-path] OK  embeddings=/scratch/users/akshatg/stanf_pfm/runtime/proof/embeddings/exaone-path/patch_embeddings.pt  shape=(60, 768)
============================================================
  MODEL: gigapath
============================================================
  [gigapath] extracting -> log: /scratch/users/akshatg/stanf_pfm/runtime/proof/logs/gigapath.log
  [gigapath] OK  embeddings=/scratch/users/akshatg/stanf_pfm/runtime/proof/embeddings/gigapath/patch_embeddings.pt  shape=(60, 1536)
============================================================
  MODEL: h-optimus
============================================================
  [h-optimus] extracting -> log: /scratch/users/akshatg/stanf_pfm/runtime/proof/logs/h-optimus.log
  [h-optimus] NO-ACCESS (gated): access not granted -- disregarding this model.
============================================================
  MODEL: mSTAR
============================================================
  [mSTAR] extracting -> log: /scratch/users/akshatg/stanf_pfm/runtime/proof/logs/mSTAR.log
  [mSTAR] OK  embeddings=/scratch/users/akshatg/stanf_pfm/runtime/proof/embeddings/mSTAR/patch_embeddings.pt  shape=(60, 1024)
============================================================
  MODEL: hipt
============================================================
  [hipt] extracting -> log: /scratch/users/akshatg/stanf_pfm/runtime/proof/logs/hipt.log
  [hipt] FAIL (rc=1). Last 25 lines of /scratch/users/akshatg/stanf_pfm/runtime/proof/logs/hipt.log:
      |     data = self._next_data()
      |            ^^^^^^^^^^^^^^^^^
      |   File "/opt/conda/lib/python3.11/site-packages/torch/utils/data/dataloader.py", line 1344, in _next_data
      |     return self._process_data(data)
      |            ^^^^^^^^^^^^^^^^^^^^^^^^
      |   File "/opt/conda/lib/python3.11/site-packages/torch/utils/data/dataloader.py", line 1370, in _process_data
      |     data.reraise()
      |   File "/opt/conda/lib/python3.11/site-packages/torch/_utils.py", line 706, in reraise
      |     raise exception
      | RuntimeError: Caught RuntimeError in DataLoader worker process 0.
      | Original Traceback (most recent call last):
      |   File "/opt/conda/lib/python3.11/site-packages/torch/utils/data/_utils/worker.py", line 309, in _worker_loop
      |     data = fetcher.fetch(index)  # type: ignore[possibly-undefined]
      |            ^^^^^^^^^^^^^^^^^^^^
      |   File "/opt/conda/lib/python3.11/site-packages/torch/utils/data/_utils/fetch.py", line 55, in fetch
      |     return self.collate_fn(data)
      |            ^^^^^^^^^^^^^^^^^^^^^
      |   File "/scratch/users/akshatg/stanf_pfm/pfm_common/data.py", line 106, in collate
      |     return torch.stack(list(xs), 0), list(paths)
      |            ^^^^^^^^^^^^^^^^^^^^^^^^
      | RuntimeError: stack expects each tensor to be equal size, but got [3, 473, 512] at entry 0 and [3, 329, 512] at entry 1
      | 
      | [1;33m[pfm:warn][0m [hipt] exited with code 1 (likely the missing-data step -- see log above).
      | 
      | [1;34m[pfm][0m run summary:  OK=[]  NONZERO=[hipt]
============================================================
  MODEL: titan
============================================================
  [titan] extracting -> log: /scratch/users/akshatg/stanf_pfm/runtime/proof/logs/titan.log
  [titan] LOAD-ONLY (expected): titan is a SLIDE encoder, not a patch encoder.

### STEP 6/6  train linear probes across every model with embeddings + plot

[1;34m[pfm][0m benchmarking all PFMs across all tasks (venv: /scratch/users/akshatg/stanf_pfm/runtime/venvs/conch)
[bench] models: ['conch', 'exaone-path', 'gigapath', 'mSTAR', 'phikon', 'uni2', 'virchow', 'virchow2']
[bench] tasks : ['luad_vs_lusc', 'lgg_vs_gbm', 'kras', 'tp53', 'egfr', 'idh']
[bench] labels: /scratch/users/akshatg/stanf_pfm/runtime/proof/tcga/tables/dataset.csv

[bench] === task luad_vs_lusc  (30 labelled slides, classes=['LUAD', 'LUSC']) ===
[bench]   conch          n=   30  acc=0.333  bal_acc=0.333  f1=0.333  auroc=0.111
[bench]   exaone-path    n=   30  acc=0.500  bal_acc=0.500  f1=0.486  auroc=0.667
[bench]   gigapath       n=   30  acc=0.667  bal_acc=0.667  f1=0.667  auroc=0.556
[bench]   mSTAR          n=   30  acc=0.500  bal_acc=0.500  f1=0.486  auroc=0.667
[bench]   phikon         n=   30  acc=0.500  bal_acc=0.500  f1=0.486  auroc=0.667
[bench]   uni2           n=   30  acc=0.667  bal_acc=0.667  f1=0.667  auroc=0.556
[bench]   virchow        n=   30  acc=0.667  bal_acc=0.667  f1=0.667  auroc=0.667
[bench]   virchow2       n=   30  acc=0.500  bal_acc=0.500  f1=0.486  auroc=0.667

[bench] === task lgg_vs_gbm  (30 labelled slides, classes=['LGG', 'GBM']) ===
[bench]   conch          n=   30  acc=1.000  bal_acc=1.000  f1=1.000  auroc=1.000
[bench]   exaone-path    n=   30  acc=1.000  bal_acc=1.000  f1=1.000  auroc=1.000
[bench]   gigapath       n=   30  acc=0.833  bal_acc=0.833  f1=0.829  auroc=0.667
[bench]   mSTAR          n=   30  acc=0.833  bal_acc=0.833  f1=0.829  auroc=0.889
[bench]   phikon         n=   30  acc=0.833  bal_acc=0.833  f1=0.829  auroc=1.000
[bench]   uni2           n=   30  acc=0.833  bal_acc=0.833  f1=0.829  auroc=0.667
[bench]   virchow        n=   30  acc=0.833  bal_acc=0.833  f1=0.829  auroc=1.000
[bench]   virchow2       n=   30  acc=1.000  bal_acc=1.000  f1=1.000  auroc=1.000

[bench] === task kras  (31 labelled slides, classes=['KRAS-wt', 'KRAS-mut']) ===
[bench]   conch          n=   31  acc=0.833  bal_acc=0.833  f1=0.909  auroc=nan
[bench]   exaone-path    n=   31  acc=0.500  bal_acc=0.500  f1=0.667  auroc=nan
[bench]   gigapath       n=   31  acc=0.833  bal_acc=0.833  f1=0.909  auroc=nan
[bench]   mSTAR          n=   31  acc=0.500  bal_acc=0.500  f1=0.667  auroc=nan
[bench]   phikon         n=   31  acc=0.667  bal_acc=0.667  f1=0.800  auroc=nan
[bench]   uni2           n=   31  acc=0.667  bal_acc=0.667  f1=0.800  auroc=nan
[bench]   virchow        n=   31  acc=0.667  bal_acc=0.667  f1=0.800  auroc=nan
[bench]   virchow2       n=   31  acc=0.667  bal_acc=0.667  f1=0.800  auroc=nan

[bench] === task tp53  (31 labelled slides, classes=['TP53-wt', 'TP53-mut']) ===
[bench]   conch          n=   31  acc=0.500  bal_acc=0.500  f1=0.486  auroc=0.750
[bench]   exaone-path    n=   31  acc=0.833  bal_acc=0.875  f1=0.829  auroc=0.875
[bench]   gigapath       n=   31  acc=0.833  bal_acc=0.875  f1=0.829  auroc=0.750
[bench]   mSTAR          n=   31  acc=0.833  bal_acc=0.875  f1=0.829  auroc=0.750
[bench]   phikon         n=   31  acc=0.667  bal_acc=0.625  f1=0.625  auroc=0.625
[bench]   uni2           n=   31  acc=0.667  bal_acc=0.625  f1=0.625  auroc=0.750
[bench]   virchow        n=   31  acc=0.667  bal_acc=0.750  f1=0.667  auroc=0.750
[bench]   virchow2       n=   31  acc=0.833  bal_acc=0.875  f1=0.829  auroc=0.875

[bench] === task egfr  (31 labelled slides, classes=['EGFR-wt', 'EGFR-mut']) ===
[bench]   conch          n=   31  acc=0.667  bal_acc=0.800  f1=0.625  auroc=0.800
[bench]   exaone-path    n=   31  acc=0.667  bal_acc=0.800  f1=0.625  auroc=0.800
[bench]   gigapath       n=   31  acc=0.833  bal_acc=0.900  f1=0.778  auroc=1.000
[bench]   mSTAR          n=   31  acc=0.500  bal_acc=0.700  f1=0.486  auroc=0.600
[bench]   phikon         n=   31  acc=0.500  bal_acc=0.700  f1=0.486  auroc=1.000
[bench]   uni2           n=   31  acc=0.833  bal_acc=0.900  f1=0.778  auroc=0.800
[bench]   virchow        n=   31  acc=0.833  bal_acc=0.900  f1=0.778  auroc=0.800
[bench]   virchow2       n=   31  acc=0.833  bal_acc=0.900  f1=0.778  auroc=1.000

[bench] === task idh  (31 labelled slides, classes=['IDH-wt', 'IDH-mut']) ===
[bench]   conch          skipped: only one class present ({0})
[bench]   exaone-path    skipped: only one class present ({0})
[bench]   gigapath       skipped: only one class present ({0})
[bench]   mSTAR          skipped: only one class present ({0})
[bench]   phikon         skipped: only one class present ({0})
[bench]   uni2           skipped: only one class present ({0})
[bench]   virchow        skipped: only one class present ({0})
[bench]   virchow2       skipped: only one class present ({0})

[bench] wrote 40 (model, task) results
[bench]   table -> /scratch/users/akshatg/stanf_pfm/runtime/proof/embeddings/benchmark/results.csv
[bench]   detail-> /scratch/users/akshatg/stanf_pfm/runtime/proof/embeddings/benchmark/results.json
[bench] compare/plot:  python -m pfm_common.plot_results --results /scratch/users/akshatg/stanf_pfm/runtime/proof/embeddings/benchmark/results.csv

=== auroc : model x task ===
                      egfr        kras  lgg_vs_gbm luad_vs_lus        tp53        mean
--------------------------------------------------------------------------------------
virchow2             1.000         -         1.000       0.667       0.875       0.885
exaone-path          0.800         -         1.000       0.667       0.875       0.835
phikon               1.000         -         1.000       0.667       0.625       0.823
virchow              0.800         -         1.000       0.667       0.750       0.804
gigapath             1.000         -         0.667       0.556       0.750       0.743
mSTAR                0.600         -         0.889       0.667       0.750       0.726
uni2                 0.800         -         0.667       0.556       0.750       0.693
conch                0.800         -         1.000       0.111       0.750       0.665

=== leaderboard (mean auroc across tasks) ===
   1. virchow2         0.885
   2. exaone-path      0.835
   3. phikon           0.823
   4. virchow          0.804
   5. gigapath         0.743
   6. mSTAR            0.726
   7. uni2             0.693
   8. conch            0.665

[plot] summary table -> /scratch/users/akshatg/stanf_pfm/runtime/proof/embeddings/benchmark/summary_auroc.csv
[plot] heatmap       -> /scratch/users/akshatg/stanf_pfm/runtime/proof/embeddings/benchmark/heatmap_auroc.png

============================================================
 PROOF SUMMARY
============================================================
  MODEL          LOADED   EXTRACTED    SHAPE          TASKS_TRAINED        NOTE
  phikon         YES      YES          (60, 1024)     5 task(s)            ok
  conch          YES      YES          (60, 512)      5 task(s)            ok
  uni2           YES      YES          (60, 1536)     5 task(s)            ok
  virchow        YES      YES          (60, 2560)     5 task(s)            ok
  virchow2       YES      YES          (60, 2560)     5 task(s)            ok
  exaone-path    YES      YES          (60, 768)      5 task(s)            ok
  gigapath       YES      YES          (60, 1536)     5 task(s)            ok
  h-optimus      n/a      NO-ACCESS    gated repo: HF token missing or not approved -- access not granted, disregarded 0 task(s)            
  mSTAR          YES      YES          (60, 1024)     5 task(s)            ok
  hipt           ?        NO           run rc=1 -- see /scratch/users/akshatg/stanf_pfm/runtime/proof/logs/hipt.log (last lines below) 0 task(s)            
  titan          YES      LOAD-ONLY    slide encoder: consumes CONCH .h5 patch features, not thumbnails (expected, not a failure) 0 task(s)            
============================================================

  proof table : /scratch/users/akshatg/stanf_pfm/runtime/proof/proof.md
  proof csv   : /scratch/users/akshatg/stanf_pfm/runtime/proof/proof.csv
  per-model logs: /scratch/users/akshatg/stanf_pfm/runtime/proof/logs/<model>.log
  results.csv : /scratch/users/akshatg/stanf_pfm/runtime/proof/embeddings/benchmark/results.csv
  heatmap     : /scratch/users/akshatg/stanf_pfm/runtime/proof/embeddings/benchmark/heatmap_auroc.png

============================================================
 RESULT: ATTENTION — 1 model(s) failed to extract; trained_any=1.
         (1 gated model(s) disregarded: access not granted.)
         See the per-model logs above / in /scratch/users/akshatg/stanf_pfm/runtime/proof/logs and send them back.
 end: Thu Jul  2 10:11:59 PDT 2026
============================================================
