============================================================
 FINAL SETUP — staged full-SVS (~50 GB) -> all models -> train
   node:        sh03-12n08.int
   job:         32925691
   repo:        /scratch/users/akshatg/stanf_pfm
   scratch cache (PFM_TCGA_ROOT): /scratch/users/akshatg/stanf_pfm/runtime/tcga_tiled
   node-local staging (L_SCRATCH): /lscratch/akshatg
   embeddings:  /scratch/users/akshatg/stanf_pfm/runtime/embeddings_tiled
   HF token:    present (runtime/.hf_token)
   start:       Mon Jul  6 12:15:39 PDT 2026
============================================================

### STEP 1/5  ensure data-build container + venv
  present: /scratch/users/akshatg/stanf_pfm/runtime/containers/tcga_build.sif + /scratch/users/akshatg/stanf_pfm/runtime/venvs/tcga_build

### STEP 2/5  build/complete staged dataset (reuse cached SVS if present, else stream)
  no SVS cache -> stream each slide into node-local ($TMPDIR), thumbnail, evict (nothing large persists)
INFO: python -m build_tcga_dataset --config configs/tcga_tiled.yaml download.target_gb=3
  dataset ready: /scratch/users/akshatg/stanf_pfm/runtime/tcga_tiled/tables/dataset.csv  (6845 rows)

### STEP 3/5  ensure model container (pfm_base.sif)
  present: /scratch/users/akshatg/stanf_pfm/runtime/containers/pfm_base.sif

### STEP 4/5  point the GPU at node-local data (/lscratch/akshatg)
  WARN: no thumbnails staged; extraction will fall back to /scratch/users/akshatg/stanf_pfm/runtime/tcga_tiled/thumbnails

### STEP 5/5  extract embeddings (GPU) for all models, then benchmark

[1;34m[pfm][0m === run: conch ===

[1;34m[pfm][0m [conch] python /scratch/users/akshatg/stanf_pfm/models/conch/conch_spin.py
[conch] device=cuda (uses GPU if available, else CPU).
[conch] loading model ...
[conch] model ready.
[conch] Model + weights loaded OK, but no TCGA patch images were found.
[conch] Searched:
  PFM_PATCH_DIR      = (unset)
  TCGA thumbnails    = /scratch/users/akshatg/stanf_pfm/runtime/tcga_tiled/thumbnails
  TCGA slides (.svs) = /scratch/users/akshatg/stanf_pfm/runtime/tcga_tiled/slides
[conch] Stage tiles and set PFM_PATCH_DIR=/path/to/patches, then re-run.

[1;34m[pfm][0m [conch] run finished cleanly (exit 0).

[1;34m[pfm][0m === run: uni2 ===

[1;34m[pfm][0m [uni2] python /scratch/users/akshatg/stanf_pfm/models/uni2/uni2_spin.py
[uni2] device=cuda (uses GPU if available, else CPU).
[uni2] loading model ...
[uni2] model ready.
[uni2] Model + weights loaded OK, but no TCGA patch images were found.
[uni2] Searched:
  PFM_PATCH_DIR      = (unset)
  TCGA thumbnails    = /scratch/users/akshatg/stanf_pfm/runtime/tcga_tiled/thumbnails
  TCGA slides (.svs) = /scratch/users/akshatg/stanf_pfm/runtime/tcga_tiled/slides
[uni2] Stage tiles and set PFM_PATCH_DIR=/path/to/patches, then re-run.

[1;34m[pfm][0m [uni2] run finished cleanly (exit 0).

[1;34m[pfm][0m === run: virchow ===

[1;34m[pfm][0m [virchow] python /scratch/users/akshatg/stanf_pfm/models/virchow/virchow_spin.py
[virchow] device=cuda (uses GPU if available, else CPU).
[virchow] loading model ...
[virchow] model ready.
[virchow] Model + weights loaded OK, but no TCGA patch images were found.
[virchow] Searched:
  PFM_PATCH_DIR      = (unset)
  TCGA thumbnails    = /scratch/users/akshatg/stanf_pfm/runtime/tcga_tiled/thumbnails
  TCGA slides (.svs) = /scratch/users/akshatg/stanf_pfm/runtime/tcga_tiled/slides
[virchow] Stage tiles and set PFM_PATCH_DIR=/path/to/patches, then re-run.

[1;34m[pfm][0m [virchow] run finished cleanly (exit 0).

[1;34m[pfm][0m === run: virchow2 ===

[1;34m[pfm][0m [virchow2] python /scratch/users/akshatg/stanf_pfm/models/virchow2/virchow2_spin.py
[virchow2] device=cuda (uses GPU if available, else CPU).
[virchow2] loading model ...
[virchow2] model ready.
[virchow2] Model + weights loaded OK, but no TCGA patch images were found.
[virchow2] Searched:
  PFM_PATCH_DIR      = (unset)
  TCGA thumbnails    = /scratch/users/akshatg/stanf_pfm/runtime/tcga_tiled/thumbnails
  TCGA slides (.svs) = /scratch/users/akshatg/stanf_pfm/runtime/tcga_tiled/slides
[virchow2] Stage tiles and set PFM_PATCH_DIR=/path/to/patches, then re-run.

[1;34m[pfm][0m [virchow2] run finished cleanly (exit 0).

[1;34m[pfm][0m === run: titan ===

[1;34m[pfm][0m [titan] python /scratch/users/akshatg/stanf_pfm/models/titan/titan_spin.py
[titan] loading model (device=cuda) ...

[1;34m[pfm][0m === run: gigapath ===

[1;34m[pfm][0m [gigapath] python /scratch/users/akshatg/stanf_pfm/models/gigapath/gigapath_spin.py
[gigapath] device=cuda (uses GPU if available, else CPU).
[gigapath] loading model ...
[gigapath] model ready.
[gigapath] Model + weights loaded OK, but no TCGA patch images were found.
[gigapath] Searched:
  PFM_PATCH_DIR      = (unset)
  TCGA thumbnails    = /scratch/users/akshatg/stanf_pfm/runtime/tcga_tiled/thumbnails
  TCGA slides (.svs) = /scratch/users/akshatg/stanf_pfm/runtime/tcga_tiled/slides
[gigapath] Stage tiles and set PFM_PATCH_DIR=/path/to/patches, then re-run.

[1;34m[pfm][0m [gigapath] run finished cleanly (exit 0).

[1;34m[pfm][0m === run: mSTAR ===

[1;34m[pfm][0m [mSTAR] python /scratch/users/akshatg/stanf_pfm/models/mSTAR/mSTAR_spin.py
[mSTAR] device=cuda (uses GPU if available, else CPU).
[mSTAR] loading model ...
[mSTAR] model ready.
[mSTAR] Model + weights loaded OK, but no TCGA patch images were found.
[mSTAR] Searched:
  PFM_PATCH_DIR      = (unset)
  TCGA thumbnails    = /scratch/users/akshatg/stanf_pfm/runtime/tcga_tiled/thumbnails
  TCGA slides (.svs) = /scratch/users/akshatg/stanf_pfm/runtime/tcga_tiled/slides
[mSTAR] Stage tiles and set PFM_PATCH_DIR=/path/to/patches, then re-run.

[1;34m[pfm][0m [mSTAR] run finished cleanly (exit 0).

[1;34m[pfm][0m === run: exaone-path ===

[1;34m[pfm][0m [exaone-path] python /scratch/users/akshatg/stanf_pfm/models/exaone-path/exaone-path_spin.py
[exaone-path] device=cuda (uses GPU if available, else CPU).
[exaone-path] loading model ...
[exaone-path] model ready.
[exaone-path] Model + weights loaded OK, but no TCGA patch images were found.
[exaone-path] Searched:
  PFM_PATCH_DIR      = (unset)
  TCGA thumbnails    = /scratch/users/akshatg/stanf_pfm/runtime/tcga_tiled/thumbnails
  TCGA slides (.svs) = /scratch/users/akshatg/stanf_pfm/runtime/tcga_tiled/slides
[exaone-path] Stage tiles and set PFM_PATCH_DIR=/path/to/patches, then re-run.

[1;34m[pfm][0m [exaone-path] run finished cleanly (exit 0).

[1;34m[pfm][0m === run: phikon ===

[1;34m[pfm][0m [phikon] python /scratch/users/akshatg/stanf_pfm/models/phikon/phikon_spin.py
[phikon] device=cuda (uses GPU if available, else CPU).
[phikon] loading model ...
[phikon] model ready.
[phikon] Model + weights loaded OK, but no TCGA patch images were found.
[phikon] Searched:
  PFM_PATCH_DIR      = (unset)
  TCGA thumbnails    = /scratch/users/akshatg/stanf_pfm/runtime/tcga_tiled/thumbnails
  TCGA slides (.svs) = /scratch/users/akshatg/stanf_pfm/runtime/tcga_tiled/slides
[phikon] Stage tiles and set PFM_PATCH_DIR=/path/to/patches, then re-run.

[1;34m[pfm][0m [phikon] run finished cleanly (exit 0).

[1;34m[pfm][0m === run: h-optimus ===

[1;34m[pfm][0m [h-optimus] python /scratch/users/akshatg/stanf_pfm/models/h-optimus/h-optimus_spin.py
[h-optimus] device=cuda (uses GPU if available, else CPU).
[h-optimus] loading model ...
[h-optimus] ACCESS NOT GRANTED: gated model and the HF token is missing or not approved for it -- disregarding h-optimus. Request access on its Hugging Face page, then re-run.
[h-optimus] (GatedRepoError: 403 Client Error. (Request ID: Root=1-6a4c0143-1951bd524fcf35af6a2b7bf1;96a9fc82-c5d6-49d7-83fe-f4fe5e3eff9f)

Cannot access gated repo for url https://huggingface.co/bioptimus/H-optimus-0/resolve/main/config.json.
Access to model bioptimus/H-optimus-0 is restricted and you are not in the authorized list. Visit https://huggingface.co/bioptimus/H-optimus-0 to ask for access.)

[1;34m[pfm][0m === run: hipt ===

[1;34m[pfm][0m [hipt] python /scratch/users/akshatg/stanf_pfm/models/hipt/hipt_spin.py
[hipt] device=cuda (uses GPU if available, else CPU).
[hipt] loading model ...
Take key teacher in provided checkpoint dict
Pretrained weights found at /scratch/users/akshatg/stanf_pfm/runtime/repos/HIPT/HIPT_4K/Checkpoints/vit256_small_dino.pth and loaded with msg: _IncompatibleKeys(missing_keys=[], unexpected_keys=['head.mlp.0.weight', 'head.mlp.0.bias', 'head.mlp.2.weight', 'head.mlp.2.bias', 'head.mlp.4.weight', 'head.mlp.4.bias', 'head.last_layer.weight_g', 'head.last_layer.weight_v'])
[hipt] model ready.
[hipt] Model + weights loaded OK, but no TCGA patch images were found.
[hipt] Searched:
  PFM_PATCH_DIR      = (unset)
  TCGA thumbnails    = /scratch/users/akshatg/stanf_pfm/runtime/tcga_tiled/thumbnails
  TCGA slides (.svs) = /scratch/users/akshatg/stanf_pfm/runtime/tcga_tiled/slides
[hipt] Stage tiles and set PFM_PATCH_DIR=/path/to/patches, then re-run.

[1;34m[pfm][0m [hipt] run finished cleanly (exit 0).

[1;34m[pfm][0m run summary:  OK=[conch uni2 virchow virchow2 gigapath mSTAR exaone-path phikon hipt]  NONZERO=[titan h-optimus]

  --- benchmark: train a linear probe per (model x task) ---

[1;34m[pfm][0m benchmarking all PFMs across all tasks (venv: /scratch/users/akshatg/stanf_pfm/runtime/venvs/conch)
  WARN: benchmark returned nonzero (often 'too few labelled samples').

============================================================
 FINAL SETUP COMPLETE
   dataset:    /scratch/users/akshatg/stanf_pfm/runtime/tcga_tiled/tables/dataset.csv
   SVS cache:  /scratch/users/akshatg/stanf_pfm/runtime/tcga_tiled/slides   (4.0K)
   embeddings: /scratch/users/akshatg/stanf_pfm/runtime/embeddings_tiled/<model>/patch_embeddings.pt
   results:    /scratch/users/akshatg/stanf_pfm/runtime/embeddings_tiled/benchmark/results.csv
   end:        Mon Jul  6 12:26:15 PDT 2026
============================================================
