21:32:28 | INFO     | tcga.pipeline | Pipeline steps: ['etl', 'manifest', 'stage_process', 'download', 'gene_matrix', 'assemble']
21:32:28 | INFO     | tcga.pipeline | Projects: ['TCGA-LUAD', 'TCGA-LUSC', 'TCGA-LGG', 'TCGA-GBM']
21:32:28 | INFO     | tcga.pipeline | Data dir: /tcga_data
21:32:28 | INFO     | tcga.pipeline | ============================================================
21:32:28 | INFO     | tcga.pipeline | STEP: etl
21:32:28 | INFO     | tcga.pipeline | ============================================================
21:32:28 | INFO     | tcga.pipeline | Slide table already exists at /tcga_data/tables/slide_table.parquet — skipping ETL
21:32:28 | INFO     | tcga.pipeline | ============================================================
21:32:28 | INFO     | tcga.pipeline | STEP: manifest
21:32:28 | INFO     | tcga.pipeline | ============================================================
21:32:28 | INFO     | tcga.pipeline | Manifests already exist — skipping manifest generation
21:32:28 | INFO     | tcga.pipeline | ============================================================
21:32:28 | INFO     | tcga.pipeline | STEP: stage_process
21:32:28 | INFO     | tcga.pipeline | ============================================================
21:32:29 | INFO     | tcga.pipeline | Staged subset: 142 slides (~50.6 GB) across {'TCGA-GBM': 36, 'TCGA-LGG': 36, 'TCGA-LUAD': 35, 'TCGA-LUSC': 35}
21:33:23 | ERROR    | tcga.slide_stager | stage/process failed for 3b9b6712-5409-45b1-8f2f-1d868d09be14 (16cac4fe-54cf-4c33-a8c9-11d528886e4f): [Errno 2] No such file or directory: '/tcga_data/slides/16cac4fe-54cf-4c33-a8c9-11d528886e4f/TCGA-78-7158-01A-01-BS1.3b9b6712-5409-45b1-8f2f-1d868d09be14.svs.part' -> '/tcga_data/slides/16cac4fe-54cf-4c33-a8c9-11d528886e4f/TCGA-78-7158-01A-01-BS1.3b9b6712-5409-45b1-8f2f-1d868d09be14.svs'
21:34:43 | ERROR    | tcga.slide_stager | stage/process failed for e59a1c87-0c55-4eb4-b404-f58b012b6a0e (4c558ac2-57f0-4acc-93c9-da4d1a24d0a6): [Errno 2] No such file or directory: '/tcga_data/slides/4c558ac2-57f0-4acc-93c9-da4d1a24d0a6/TCGA-06-5411-01Z-00-DX1.08bf7f79-7346-4b1b-b8a7-e24abf11e848.svs.part' -> '/tcga_data/slides/4c558ac2-57f0-4acc-93c9-da4d1a24d0a6/TCGA-06-5411-01Z-00-DX1.08bf7f79-7346-4b1b-b8a7-e24abf11e848.svs'
21:35:19 | ERROR    | tcga.slide_stager | stage/process failed for a0c9609d-573f-4f28-8d8e-99c5a91ce991 (18c18613-c1e7-46fd-b045-d57330a9ce21): [Errno 2] No such file or directory: '/tcga_data/slides/18c18613-c1e7-46fd-b045-d57330a9ce21/TCGA-85-A4QQ-01Z-00-DX1.321B5149-FC07-434D-9819-3F8821D77849.svs.part' -> '/tcga_data/slides/18c18613-c1e7-46fd-b045-d57330a9ce21/TCGA-85-A4QQ-01Z-00-DX1.321B5149-FC07-434D-9819-3F8821D77849.svs'
21:36:59 | ERROR    | tcga.slide_stager | stage/process failed for faf7bfbc-75d1-4c43-944f-933b8f863705 (a81d4fdb-5166-4777-adb0-61fdfcd6cc87): [Errno 2] No such file or directory: '/tcga_data/slides/a81d4fdb-5166-4777-adb0-61fdfcd6cc87/TCGA-HT-7690-01Z-00-DX4.805125C0-C3B6-4CEB-BFD2-312200E372AC.svs.part' -> '/tcga_data/slides/a81d4fdb-5166-4777-adb0-61fdfcd6cc87/TCGA-HT-7690-01Z-00-DX4.805125C0-C3B6-4CEB-BFD2-312200E372AC.svs'
21:37:22 | ERROR    | tcga.slide_stager | stage/process failed for 52e2fcc8-cbc7-4239-ae63-34b8fd55d120 (9494b244-0cbc-46ff-ab66-9d953633e0e6): [Errno 2] No such file or directory: '/tcga_data/slides/9494b244-0cbc-46ff-ab66-9d953633e0e6/TCGA-86-8358-01A-01-BS1.52e2fcc8-cbc7-4239-ae63-34b8fd55d120.svs.part' -> '/tcga_data/slides/9494b244-0cbc-46ff-ab66-9d953633e0e6/TCGA-86-8358-01A-01-BS1.52e2fcc8-cbc7-4239-ae63-34b8fd55d120.svs'
21:37:52 | ERROR    | tcga.slide_stager | stage/process failed for 748f9118-890d-4a34-90d8-844e341e16b9 (6eb65f2c-90aa-47a8-8525-f91b0801827e): [Errno 2] No such file or directory: '/tcga_data/slides/6eb65f2c-90aa-47a8-8525-f91b0801827e/TCGA-HT-7690-01Z-00-DX2.70B38C74-164C-466F-BE38-983466C22733.svs.part' -> '/tcga_data/slides/6eb65f2c-90aa-47a8-8525-f91b0801827e/TCGA-HT-7690-01Z-00-DX2.70B38C74-164C-466F-BE38-983466C22733.svs'
21:38:26 | ERROR    | tcga.slide_stager | stage/process failed for 3f390b4d-487c-4f41-93a3-292fa5fc7466 (c144832c-aa21-497c-be43-c57468765cb6): [Errno 2] No such file or directory: '/tcga_data/slides/c144832c-aa21-497c-be43-c57468765cb6/TCGA-HT-7601-01Z-00-DX4.5ADFB354-2907-4615-9627-10535D06211E.svs.part' -> '/tcga_data/slides/c144832c-aa21-497c-be43-c57468765cb6/TCGA-HT-7601-01Z-00-DX4.5ADFB354-2907-4615-9627-10535D06211E.svs'
21:40:01 | ERROR    | tcga.slide_stager | stage/process failed for b08537ca-d00f-4b73-bcdd-3c65b42a0272 (2e0654a8-4551-4936-81f5-d1a7c9050737): [Errno 2] No such file or directory: '/tcga_data/slides/2e0654a8-4551-4936-81f5-d1a7c9050737/TCGA-HT-7601-01A-01-BS1.b08537ca-d00f-4b73-bcdd-3c65b42a0272.svs.part' -> '/tcga_data/slides/2e0654a8-4551-4936-81f5-d1a7c9050737/TCGA-HT-7601-01A-01-BS1.b08537ca-d00f-4b73-bcdd-3c65b42a0272.svs'
21:40:02 | ERROR    | tcga.slide_stager | stage/process failed for e488d7ed-888f-49d4-b28e-82dca5b8e4e9 (19b89589-cbb4-4b6a-bd21-257c04c531fe): [Errno 2] No such file or directory: '/tcga_data/slides/19b89589-cbb4-4b6a-bd21-257c04c531fe/TCGA-78-7158-01Z-00-DX1.74db3dcd-2715-4ce7-8e48-30c8b7946ba0.svs.part' -> '/tcga_data/slides/19b89589-cbb4-4b6a-bd21-257c04c531fe/TCGA-78-7158-01Z-00-DX1.74db3dcd-2715-4ce7-8e48-30c8b7946ba0.svs'
21:40:35 | ERROR    | tcga.slide_stager | stage/process failed for 0dc5ee49-a26d-48d4-906d-76544aa8225f (bf509471-1b97-45b3-832d-32de71dc5160): [Errno 2] No such file or directory: '/tcga_data/slides/bf509471-1b97-45b3-832d-32de71dc5160/TCGA-18-3419-01Z-00-DX1.69597BCF-2D4E-4D9B-B4E8-C03137445AF4.svs.part' -> '/tcga_data/slides/bf509471-1b97-45b3-832d-32de71dc5160/TCGA-18-3419-01Z-00-DX1.69597BCF-2D4E-4D9B-B4E8-C03137445AF4.svs'
21:41:01 | ERROR    | tcga.slide_stager | stage/process failed for 9b6a32f7-07bb-4e59-aa64-487c6a43edab (b059ce82-63d7-43b4-b52b-a681daeaef5a): [Errno 2] No such file or directory: '/tcga_data/slides/b059ce82-63d7-43b4-b52b-a681daeaef5a/TCGA-86-8074-01A-01-BS1.9b6a32f7-07bb-4e59-aa64-487c6a43edab.svs.part' -> '/tcga_data/slides/b059ce82-63d7-43b4-b52b-a681daeaef5a/TCGA-86-8074-01A-01-BS1.9b6a32f7-07bb-4e59-aa64-487c6a43edab.svs'
21:41:34 | ERROR    | tcga.slide_stager | stage/process failed for 93e32250-4a6d-4183-86ae-7e704377b146 (8d2845e5-c0a3-43db-a8b2-e642349a3026): [Errno 2] No such file or directory: '/tcga_data/slides/8d2845e5-c0a3-43db-a8b2-e642349a3026/TCGA-TM-A84H-01Z-00-DX2.3DD9940B-E941-45C4-8C26-0F87E8EF4569.svs.part' -> '/tcga_data/slides/8d2845e5-c0a3-43db-a8b2-e642349a3026/TCGA-TM-A84H-01Z-00-DX2.3DD9940B-E941-45C4-8C26-0F87E8EF4569.svs'
21:41:59 | ERROR    | tcga.slide_stager | stage/process failed for 3df9f746-7925-4d0c-8a78-bdeb27c6c7ba (9fe356ab-17d8-46ba-a103-137e52b56bdf): [Errno 2] No such file or directory: '/tcga_data/slides/9fe356ab-17d8-46ba-a103-137e52b56bdf/TCGA-12-3648-01A-01-TS1.3df9f746-7925-4d0c-8a78-bdeb27c6c7ba.svs.part' -> '/tcga_data/slides/9fe356ab-17d8-46ba-a103-137e52b56bdf/TCGA-12-3648-01A-01-TS1.3df9f746-7925-4d0c-8a78-bdeb27c6c7ba.svs'
21:42:13 | ERROR    | tcga.slide_stager | stage/process failed for bf1a671b-4c52-4784-8658-3a9d42e55f44 (5bed2cea-2deb-43a5-bc0e-c96198d2dcc0): [Errno 2] No such file or directory: '/tcga_data/slides/5bed2cea-2deb-43a5-bc0e-c96198d2dcc0/TCGA-S9-A6WN-01A-01-TS1.BF1A671B-4C52-4784-8658-3A9D42E55F44.svs.part' -> '/tcga_data/slides/5bed2cea-2deb-43a5-bc0e-c96198d2dcc0/TCGA-S9-A6WN-01A-01-TS1.BF1A671B-4C52-4784-8658-3A9D42E55F44.svs'
21:45:06 | ERROR    | tcga.slide_stager | stage/process failed for 106c90c5-d5e1-4fd6-84d7-77b708f6e11d (a3848fe5-863e-4b0c-829e-3d59c7d30dd2): [Errno 2] No such file or directory: '/tcga_data/slides/a3848fe5-863e-4b0c-829e-3d59c7d30dd2/TCGA-HT-7601-01Z-00-DX2.CF1F7F86-5B2B-4A72-9128-56079A376CB2.svs.part' -> '/tcga_data/slides/a3848fe5-863e-4b0c-829e-3d59c7d30dd2/TCGA-HT-7601-01Z-00-DX2.CF1F7F86-5B2B-4A72-9128-56079A376CB2.svs'
21:45:20 | ERROR    | tcga.slide_stager | stage/process failed for 48a7678c-41ef-4071-a035-3c1793d34c81 (3f236430-3963-4791-bf08-58cf42d0462d): [Errno 2] No such file or directory: '/tcga_data/slides/3f236430-3963-4791-bf08-58cf42d0462d/TCGA-TM-A84B-01Z-00-DX1.8736E13D-D47F-462E-BD06-61767245C2F5.svs.part' -> '/tcga_data/slides/3f236430-3963-4791-bf08-58cf42d0462d/TCGA-TM-A84B-01Z-00-DX1.8736E13D-D47F-462E-BD06-61767245C2F5.svs'
21:46:49 | ERROR    | tcga.slide_stager | stage/process failed for ab827fb4-6f7f-4ad0-9ee1-2690eec7f568 (a58376f2-8a8e-4977-a9d2-b80564f8f271): [Errno 2] No such file or directory: '/tcga_data/slides/a58376f2-8a8e-4977-a9d2-b80564f8f271/TCGA-HT-A615-01Z-00-DX1.454CE5AA-213B-4479-B6B9-4CEAB6EC951A.svs.part' -> '/tcga_data/slides/a58376f2-8a8e-4977-a9d2-b80564f8f271/TCGA-HT-A615-01Z-00-DX1.454CE5AA-213B-4479-B6B9-4CEAB6EC951A.svs'
21:47:37 | ERROR    | tcga.slide_stager | stage/process failed for 484e5654-5309-4a74-95b2-73e958325060 (27465606-fe93-4371-9d40-7fd643594d81): [Errno 2] No such file or directory: '/tcga_data/slides/27465606-fe93-4371-9d40-7fd643594d81/TCGA-CS-5393-01Z-00-DX1.29061bf4-af6c-445c-a5ca-86d99e81545d.svs.part' -> '/tcga_data/slides/27465606-fe93-4371-9d40-7fd643594d81/TCGA-CS-5393-01Z-00-DX1.29061bf4-af6c-445c-a5ca-86d99e81545d.svs'
21:47:46 | ERROR    | tcga.slide_stager | stage/process failed for 85453c81-8e02-4c39-8a28-f95967895628 (68efd10b-124c-4566-b988-6fc32f2e492c): [Errno 2] No such file or directory: '/tcga_data/slides/68efd10b-124c-4566-b988-6fc32f2e492c/TCGA-O2-A5IB-01Z-00-DX1.E34D0FEC-A9D3-4F7F-9977-C61FED37D2DE.svs.part' -> '/tcga_data/slides/68efd10b-124c-4566-b988-6fc32f2e492c/TCGA-O2-A5IB-01Z-00-DX1.E34D0FEC-A9D3-4F7F-9977-C61FED37D2DE.svs'
21:48:10 | ERROR    | tcga.slide_stager | stage/process failed for ad5b4e6f-eb3b-4c73-abaf-7e1b8f1a9b26 (3d106952-d62d-437c-bfa7-1844c486649c): [Errno 2] No such file or directory: '/tcga_data/slides/3d106952-d62d-437c-bfa7-1844c486649c/TCGA-HT-7601-01Z-00-DX1.F53B99B0-5123-41C1-9AB0-A0A786D6727F.svs.part' -> '/tcga_data/slides/3d106952-d62d-437c-bfa7-1844c486649c/TCGA-HT-7601-01Z-00-DX1.F53B99B0-5123-41C1-9AB0-A0A786D6727F.svs'
21:48:49 | ERROR    | tcga.slide_stager | stage/process failed for 459126fb-76b3-41d3-8a00-c575e3342045 (9c669488-6e90-4dce-beb9-4f0b61e0f848): [Errno 2] No such file or directory: '/tcga_data/slides/9c669488-6e90-4dce-beb9-4f0b61e0f848/TCGA-86-7714-01A-01-TS1.459126fb-76b3-41d3-8a00-c575e3342045.svs.part' -> '/tcga_data/slides/9c669488-6e90-4dce-beb9-4f0b61e0f848/TCGA-86-7714-01A-01-TS1.459126fb-76b3-41d3-8a00-c575e3342045.svs'
21:49:10 | ERROR    | tcga.slide_stager | stage/process failed for bea7a374-bcf5-4238-ad04-40f9a1fa3d3c (7bc387ff-930d-49d4-b93c-b1cc61d3ca65): [Errno 2] No such file or directory: '/tcga_data/slides/7bc387ff-930d-49d4-b93c-b1cc61d3ca65/TCGA-86-A4D0-01Z-00-DX1.165461AD-A8DA-4B7B-87CE-F5DBDBD2C0A7.svs.part' -> '/tcga_data/slides/7bc387ff-930d-49d4-b93c-b1cc61d3ca65/TCGA-86-A4D0-01Z-00-DX1.165461AD-A8DA-4B7B-87CE-F5DBDBD2C0A7.svs'
21:49:39 | ERROR    | tcga.slide_stager | stage/process failed for 12a70470-317a-4a67-a853-dc5f7e3f673c (31042170-0699-45f1-a9c5-0fa602dc9299): [Errno 2] No such file or directory: '/tcga_data/slides/31042170-0699-45f1-a9c5-0fa602dc9299/TCGA-86-7953-01A-01-BS1.12a70470-317a-4a67-a853-dc5f7e3f673c.svs.part' -> '/tcga_data/slides/31042170-0699-45f1-a9c5-0fa602dc9299/TCGA-86-7953-01A-01-BS1.12a70470-317a-4a67-a853-dc5f7e3f673c.svs'
21:50:00 | ERROR    | tcga.slide_stager | stage/process failed for 42456c1b-c41b-4a42-9367-cd0a21d38c46 (fe1a47a5-e539-4e60-b28f-ba613eed66a3): [Errno 2] No such file or directory: '/tcga_data/slides/fe1a47a5-e539-4e60-b28f-ba613eed66a3/TCGA-19-5959-01Z-00-DX1.86907dc7-c0ce-48e6-b67c-a3134f8b4aa2.svs.part' -> '/tcga_data/slides/fe1a47a5-e539-4e60-b28f-ba613eed66a3/TCGA-19-5959-01Z-00-DX1.86907dc7-c0ce-48e6-b67c-a3134f8b4aa2.svs'
21:50:21 | ERROR    | tcga.slide_stager | stage/process failed for 0610ef78-db46-4335-ba6e-87f92c9b389a (09f7d4a4-19ab-4017-92eb-170829e9b645): [Errno 2] No such file or directory: '/tcga_data/slides/09f7d4a4-19ab-4017-92eb-170829e9b645/TCGA-41-3915-01Z-00-DX1.0f98e7eb-cdb0-49c2-967c-242268cfbd33.svs.part' -> '/tcga_data/slides/09f7d4a4-19ab-4017-92eb-170829e9b645/TCGA-41-3915-01Z-00-DX1.0f98e7eb-cdb0-49c2-967c-242268cfbd33.svs'
21:51:13 | ERROR    | tcga.slide_stager | stage/process failed for 67e3208d-4a25-407c-8c41-50c31926cdfb (351b0b8f-63f2-4549-b9dd-d54caec5557d): [Errno 2] No such file or directory: '/tcga_data/slides/351b0b8f-63f2-4549-b9dd-d54caec5557d/TCGA-18-4721-01Z-00-DX1.C4952E79-071A-49C5-8E28-474442832D4E.svs.part' -> '/tcga_data/slides/351b0b8f-63f2-4549-b9dd-d54caec5557d/TCGA-18-4721-01Z-00-DX1.C4952E79-071A-49C5-8E28-474442832D4E.svs'
21:52:17 | ERROR    | tcga.slide_stager | stage/process failed for c6218ec0-829c-4a01-b160-29a634ea98fa (d1970ade-6593-41d9-bb79-7a3324cda8a9): [Errno 2] No such file or directory: '/tcga_data/slides/d1970ade-6593-41d9-bb79-7a3324cda8a9/TCGA-78-7145-01Z-00-DX1.ecde66bf-2de8-4e31-b3ab-4fed4f055dda.svs.part' -> '/tcga_data/slides/d1970ade-6593-41d9-bb79-7a3324cda8a9/TCGA-78-7145-01Z-00-DX1.ecde66bf-2de8-4e31-b3ab-4fed4f055dda.svs'
21:52:50 | ERROR    | tcga.slide_stager | stage/process failed for f4f8aaf4-85ac-438d-969d-0aaecad81f8e (836e2f05-8d82-4918-91f7-f7e094460131): [Errno 2] No such file or directory: '/tcga_data/slides/836e2f05-8d82-4918-91f7-f7e094460131/TCGA-63-A5MN-01A-02-TS2.F4F8AAF4-85AC-438D-969D-0AAECAD81F8E.svs.part' -> '/tcga_data/slides/836e2f05-8d82-4918-91f7-f7e094460131/TCGA-63-A5MN-01A-02-TS2.F4F8AAF4-85AC-438D-969D-0AAECAD81F8E.svs'
21:53:06 | ERROR    | tcga.slide_stager | stage/process failed for abc97877-91c5-461e-aca8-cc1fc05c3e1a (1ac67634-7c99-445e-abb0-7ed7f801a080): [Errno 2] No such file or directory: '/tcga_data/slides/1ac67634-7c99-445e-abb0-7ed7f801a080/TCGA-86-7953-01Z-00-DX1.847865ce-df59-4677-bac2-ee88a258fe4e.svs.part' -> '/tcga_data/slides/1ac67634-7c99-445e-abb0-7ed7f801a080/TCGA-86-7953-01Z-00-DX1.847865ce-df59-4677-bac2-ee88a258fe4e.svs'
21:53:32 | ERROR    | tcga.slide_stager | stage/process failed for fbd5bbd8-703a-4d5a-b3d5-eca5d8c8e948 (8280c244-82f5-47fc-a53b-4a69cafb722f): [Errno 2] No such file or directory: '/tcga_data/slides/8280c244-82f5-47fc-a53b-4a69cafb722f/TCGA-33-AASJ-01A-01-TSA.FBD5BBD8-703A-4D5A-B3D5-ECA5D8C8E948.svs.part' -> '/tcga_data/slides/8280c244-82f5-47fc-a53b-4a69cafb722f/TCGA-33-AASJ-01A-01-TSA.FBD5BBD8-703A-4D5A-B3D5-ECA5D8C8E948.svs'
21:54:41 | ERROR    | tcga.slide_stager | stage/process failed for 6b35531b-44e2-4bc8-b6ca-73237097281b (ade8b5f5-eb0e-4b94-a56f-0b314171afd5): [Errno 2] No such file or directory: '/tcga_data/slides/ade8b5f5-eb0e-4b94-a56f-0b314171afd5/TCGA-06-0166-01Z-00-DX2.bdf93b56-8162-4ddf-a7ef-42dd461daa4f.svs.part' -> '/tcga_data/slides/ade8b5f5-eb0e-4b94-a56f-0b314171afd5/TCGA-06-0166-01Z-00-DX2.bdf93b56-8162-4ddf-a7ef-42dd461daa4f.svs'
21:55:17 | ERROR    | tcga.slide_stager | stage/process failed for 37d09bf3-7810-4b6f-87d8-28b6a967d497 (f7cdd06d-8d92-4889-8fd0-717c7db32ff4): [Errno 2] No such file or directory: '/tcga_data/slides/f7cdd06d-8d92-4889-8fd0-717c7db32ff4/TCGA-02-0026-01Z-00-DX1.d8f3085f-e418-47da-86bc-20db44ac6efd.svs.part' -> '/tcga_data/slides/f7cdd06d-8d92-4889-8fd0-717c7db32ff4/TCGA-02-0026-01Z-00-DX1.d8f3085f-e418-47da-86bc-20db44ac6efd.svs'
21:55:28 | ERROR    | tcga.slide_stager | stage/process failed for 4679e7c3-c216-4c89-98fa-473fc9f16746 (d9067864-622a-44a4-9688-b3277a37dde7): [Errno 2] No such file or directory: '/tcga_data/slides/d9067864-622a-44a4-9688-b3277a37dde7/TCGA-06-0166-01Z-00-DX6.c9cc3892-da84-44e8-b5d1-895f831fbcdb.svs.part' -> '/tcga_data/slides/d9067864-622a-44a4-9688-b3277a37dde7/TCGA-06-0166-01Z-00-DX6.c9cc3892-da84-44e8-b5d1-895f831fbcdb.svs'
21:55:44 | ERROR    | tcga.slide_stager | stage/process failed for 9a016e1d-0b98-44a9-8f27-5931d6e289f5 (4371f265-af34-45ba-85ae-1b051ccf99e7): [Errno 2] No such file or directory: '/tcga_data/slides/4371f265-af34-45ba-85ae-1b051ccf99e7/TCGA-02-0026-01Z-00-DX2.ff8b5c7e-b5ec-43e5-b078-54ab86737f6f.svs.part' -> '/tcga_data/slides/4371f265-af34-45ba-85ae-1b051ccf99e7/TCGA-02-0026-01Z-00-DX2.ff8b5c7e-b5ec-43e5-b078-54ab86737f6f.svs'
21:57:43 | ERROR    | tcga.slide_stager | stage/process failed for 947cf090-faf5-4bdc-b83b-b29c06ae0efb (24bf891a-10be-4bd3-bca9-23691f376078): [Errno 2] No such file or directory: '/tcga_data/slides/24bf891a-10be-4bd3-bca9-23691f376078/TCGA-E1-A7YE-01Z-00-DX1.5F30A757-235B-47FB-9388-CD4608DA06B3.svs.part' -> '/tcga_data/slides/24bf891a-10be-4bd3-bca9-23691f376078/TCGA-E1-A7YE-01Z-00-DX1.5F30A757-235B-47FB-9388-CD4608DA06B3.svs'
21:58:08 | ERROR    | tcga.slide_stager | stage/process failed for 7fa17978-04c5-45cc-9548-0e231b3fabce (f283f239-1df7-4c78-9104-3f2c311a097e): [Errno 2] No such file or directory: '/tcga_data/slides/f283f239-1df7-4c78-9104-3f2c311a097e/TCGA-06-0141-01Z-00-DX2.9c16caf2-d538-4233-9480-1188d85c229d.svs.part' -> '/tcga_data/slides/f283f239-1df7-4c78-9104-3f2c311a097e/TCGA-06-0141-01Z-00-DX2.9c16caf2-d538-4233-9480-1188d85c229d.svs'
21:58:29 | ERROR    | tcga.slide_stager | stage/process failed for 26af9a01-7350-413d-8472-b9e3e1eb656e (82f6b777-e91b-419c-aeb8-d4d213e9f505): [Errno 2] No such file or directory: '/tcga_data/slides/82f6b777-e91b-419c-aeb8-d4d213e9f505/TCGA-06-0166-01Z-00-DX1.f0c10e84-1591-4ac1-9d14-0eb468f155f1.svs.part' -> '/tcga_data/slides/82f6b777-e91b-419c-aeb8-d4d213e9f505/TCGA-06-0166-01Z-00-DX1.f0c10e84-1591-4ac1-9d14-0eb468f155f1.svs'
21:58:39 | ERROR    | tcga.slide_stager | stage/process failed for 9fc70049-abd4-47cb-a166-d4d74f50f984 (8fc70255-9886-435f-9d69-7374aeb15c0f): [Errno 2] No such file or directory: '/tcga_data/slides/8fc70255-9886-435f-9d69-7374aeb15c0f/TCGA-53-7624-01Z-00-DX1.51b4de19-3531-4bcb-b822-fa966480f2ad.svs.part' -> '/tcga_data/slides/8fc70255-9886-435f-9d69-7374aeb15c0f/TCGA-53-7624-01Z-00-DX1.51b4de19-3531-4bcb-b822-fa966480f2ad.svs'
21:59:01 | ERROR    | tcga.slide_stager | stage/process failed for 22b93b82-0e44-4f6e-9917-355037488c9a (4e6f33f8-b756-4fbd-951a-16a063cd471b): [Errno 2] No such file or directory: '/tcga_data/slides/4e6f33f8-b756-4fbd-951a-16a063cd471b/TCGA-TQ-A7RW-01A-01-TS1.22B93B82-0E44-4F6E-9917-355037488C9A.svs.part' -> '/tcga_data/slides/4e6f33f8-b756-4fbd-951a-16a063cd471b/TCGA-TQ-A7RW-01A-01-TS1.22B93B82-0E44-4F6E-9917-355037488C9A.svs'
21:59:43 | ERROR    | tcga.slide_stager | stage/process failed for cf1d5648-6469-4be7-b19d-a90cde351d47 (4ef12f7b-cbe4-42e1-a341-063abd652989): [Errno 2] No such file or directory: '/tcga_data/slides/4ef12f7b-cbe4-42e1-a341-063abd652989/TCGA-06-0141-01Z-00-DX1.ec301079-2d58-4079-b2ab-d8fdbca2fbf7.svs.part' -> '/tcga_data/slides/4ef12f7b-cbe4-42e1-a341-063abd652989/TCGA-06-0141-01Z-00-DX1.ec301079-2d58-4079-b2ab-d8fdbca2fbf7.svs'
22:00:32 | ERROR    | tcga.slide_stager | stage/process failed for ae99233e-bfa3-4e6a-aeb9-6a3f090dfc21 (0dda6c6c-d840-4ac2-9f9f-182c5779bac7): [Errno 2] No such file or directory: '/tcga_data/slides/0dda6c6c-d840-4ac2-9f9f-182c5779bac7/TCGA-S9-A7R7-01A-01-TS1.AE99233E-BFA3-4E6A-AEB9-6A3F090DFC21.svs.part' -> '/tcga_data/slides/0dda6c6c-d840-4ac2-9f9f-182c5779bac7/TCGA-S9-A7R7-01A-01-TS1.AE99233E-BFA3-4E6A-AEB9-6A3F090DFC21.svs'
22:02:29 | ERROR    | tcga.slide_stager | stage/process failed for c4171841-2cd2-43e2-bc05-f051766e7aa6 (85924b95-bea6-4f1d-bd5b-afd67834dbc8): [Errno 2] No such file or directory: '/tcga_data/slides/85924b95-bea6-4f1d-bd5b-afd67834dbc8/TCGA-L9-A7SV-01Z-00-DX1.153B8E2D-54CE-4747-A22E-7A6ADCA03DB5.svs.part' -> '/tcga_data/slides/85924b95-bea6-4f1d-bd5b-afd67834dbc8/TCGA-L9-A7SV-01Z-00-DX1.153B8E2D-54CE-4747-A22E-7A6ADCA03DB5.svs'
22:03:50 | ERROR    | tcga.slide_stager | stage/process failed for 67037acb-56a5-46b4-81d8-c5c0fa99fdde (1c2d056e-a05c-41a2-b161-834e8d6ce0b8): [Errno 2] No such file or directory: '/tcga_data/slides/1c2d056e-a05c-41a2-b161-834e8d6ce0b8/TCGA-HT-7467-01Z-00-DX2.469E8B4F-96A2-4FDB-8397-E585D8AFCB3E.svs.part' -> '/tcga_data/slides/1c2d056e-a05c-41a2-b161-834e8d6ce0b8/TCGA-HT-7467-01Z-00-DX2.469E8B4F-96A2-4FDB-8397-E585D8AFCB3E.svs'
22:04:56 | ERROR    | tcga.slide_stager | stage/process failed for 58265df1-976a-4403-969a-3041c73df774 (1c931470-0e80-4abd-8f7a-3ffd80b6adc3): [Errno 2] No such file or directory: '/tcga_data/slides/1c931470-0e80-4abd-8f7a-3ffd80b6adc3/TCGA-85-8355-01A-01-BS1.58265df1-976a-4403-969a-3041c73df774.svs.part' -> '/tcga_data/slides/1c931470-0e80-4abd-8f7a-3ffd80b6adc3/TCGA-85-8355-01A-01-BS1.58265df1-976a-4403-969a-3041c73df774.svs'
22:04:56 | INFO     | tcga.slide_stager | stage_process: 0 processed (0 downloaded, 0 reused-cache), 98 already-thumbnailed, 44 failed
22:04:56 | INFO     | tcga.pipeline | Staged thumbnails: 0 processed (0 downloaded, 0 reused-cache), 98 existing, 44 failed
22:04:57 | INFO     | tcga.pipeline | Updated slide table with jpg_path → /tcga_data/tables/slide_table.parquet
22:04:57 | INFO     | tcga.pipeline | ============================================================
22:04:57 | INFO     | tcga.pipeline | STEP: download
22:04:57 | INFO     | tcga.pipeline | ============================================================
22:04:57 | INFO     | tcga.pipeline | MAF files already downloaded (61/61) — skipping
22:04:57 | INFO     | tcga.pipeline | ============================================================
22:04:57 | INFO     | tcga.pipeline | STEP: gene_matrix
22:04:57 | INFO     | tcga.pipeline | ============================================================
22:04:57 | INFO     | tcga.pipeline | Gene matrix already exists at /tcga_data/tables/gene_matrix.parquet — loading
22:04:58 | INFO     | tcga.pipeline | ============================================================
22:04:58 | INFO     | tcga.pipeline | STEP: assemble
22:04:58 | INFO     | tcga.pipeline | ============================================================
22:05:02 | INFO     | tcga.pipeline | Merged gene matrix (4 genes) into slide table
22:05:02 | INFO     | tcga.pipeline | Final dataset: 6845 rows × 43 columns
22:05:02 | INFO     | tcga.pipeline | Saved → /tcga_data/tables/dataset.csv
22:05:02 | INFO     | tcga.pipeline | Saved → /tcga_data/tables/dataset.parquet
22:05:02 | INFO     | tcga.pipeline | ============================================================
22:05:02 | INFO     | tcga.pipeline | PIPELINE COMPLETE
22:05:02 | INFO     | tcga.pipeline | ============================================================
22:05:02 | INFO     | tcga.pipeline | Slide table : 6845 rows
22:05:04 | INFO     | tcga.pipeline | Gene matrix : 61 samples × 7294 genes
22:05:04 | INFO     | tcga.pipeline | Dataset     : 6845 rows × 43 columns
22:05:04 | INFO     | tcga.pipeline | Output      : /tcga_data/tables/dataset.csv
22:05:04 | INFO     | __main__ | Done. Dataset at: /tcga_data/tables/dataset.csv
[1;33m[pfm:warn][0m [conch] note: reads real TCGA images from the configured paths (PFM_PATCH_DIR ->
[1;33m[pfm:warn][0m [conch] thumbnails). If none are staged yet, the run stops cleanly at that step.
Note: Environment variable`HF_TOKEN` is set and is the current active token independently from the token you've just configured.
/scratch/users/akshatg/stanf_pfm/runtime/venvs/conch/lib/python3.11/site-packages/timm/models/layers/__init__.py:49: FutureWarning: Importing from timm.models.layers is deprecated, please import via timm.layers
  warnings.warn(f"Importing from {__name__} is deprecated, please import via timm.layers", FutureWarning)
/scratch/users/akshatg/stanf_pfm/runtime/venvs/conch/lib/python3.11/site-packages/conch/open_clip_custom/factory.py:18: FutureWarning: You are using `torch.load` with `weights_only=False` (the current default value), which uses the default pickle module implicitly. It is possible to construct malicious pickle data which will execute arbitrary code during unpickling (See https://github.com/pytorch/pytorch/blob/main/SECURITY.md#untrusted-models for more details). In a future release, the default value for `weights_only` will be flipped to `True`. This limits the functions that could be executed during unpickling. Arbitrary objects will no longer be allowed to be loaded via this mode unless they are explicitly allowlisted by the user via `torch.serialization.add_safe_globals`. We recommend you start setting `weights_only=True` for any use case where you don't have full control of the loaded file. Please open an issue on GitHub for any issues related to this experimental feature.
  checkpoint = torch.load(checkpoint_path, map_location=map_location)
[1;33m[pfm:warn][0m [uni2] note: reads real TCGA images from the configured paths (PFM_PATCH_DIR ->
[1;33m[pfm:warn][0m [uni2] thumbnails). If none are staged yet, the run stops cleanly at that step.
Note: Environment variable`HF_TOKEN` is set and is the current active token independently from the token you've just configured.
[1;33m[pfm:warn][0m [virchow] note: reads real TCGA images from the configured paths (PFM_PATCH_DIR ->
[1;33m[pfm:warn][0m [virchow] thumbnails). If none are staged yet, the run stops cleanly at that step.
Note: Environment variable`HF_TOKEN` is set and is the current active token independently from the token you've just configured.
[1;33m[pfm:warn][0m [virchow2] note: reads real TCGA images from the configured paths (PFM_PATCH_DIR ->
[1;33m[pfm:warn][0m [virchow2] thumbnails). If none are staged yet, the run stops cleanly at that step.
Note: Environment variable`HF_TOKEN` is set and is the current active token independently from the token you've just configured.
[1;33m[pfm:warn][0m [titan] note: reads real TCGA images from the configured paths (PFM_PATCH_DIR ->
[1;33m[pfm:warn][0m [titan] thumbnails). If none are staged yet, the run stops cleanly at that step.
Note: Environment variable`HF_TOKEN` is set and is the current active token independently from the token you've just configured.
Loading weights:   0%|          | 0/246 [00:00<?, ?it/s]Loading weights:  52%|█████▏    | 128/246 [00:00<00:00, 1274.50it/s]Loading weights: 100%|██████████| 246/246 [00:00<00:00, 1909.55it/s]
Traceback (most recent call last):
  File "/scratch/users/akshatg/stanf_pfm/models/titan/titan_spin.py", line 53, in <module>
    main()
  File "/scratch/users/akshatg/stanf_pfm/models/titan/titan_spin.py", line 22, in main
    titan = AutoModel.from_pretrained("MahmoodLab/TITAN", trust_remote_code=True)
            ^^^^^^^^^^^^^^^^^^^^^^^^^^^^^^^^^^^^^^^^^^^^^^^^^^^^^^^^^^^^^^^^^^^^^
  File "/scratch/users/akshatg/stanf_pfm/runtime/venvs/titan/lib/python3.11/site-packages/transformers/models/auto/auto_factory.py", line 391, in from_pretrained
    return model_class.from_pretrained(
           ^^^^^^^^^^^^^^^^^^^^^^^^^^^^
  File "/scratch/users/akshatg/stanf_pfm/runtime/venvs/titan/lib/python3.11/site-packages/transformers/modeling_utils.py", line 4328, in from_pretrained
    loading_info = cls._finalize_model_loading(model, load_config, loading_info)
                   ^^^^^^^^^^^^^^^^^^^^^^^^^^^^^^^^^^^^^^^^^^^^^^^^^^^^^^^^^^^^^
  File "/scratch/users/akshatg/stanf_pfm/runtime/venvs/titan/lib/python3.11/site-packages/transformers/modeling_utils.py", line 4484, in _finalize_model_loading
    model._move_missing_keys_from_meta_to_device(
  File "/scratch/users/akshatg/stanf_pfm/runtime/venvs/titan/lib/python3.11/site-packages/transformers/modeling_utils.py", line 4774, in _move_missing_keys_from_meta_to_device
    for key in missing_keys - self.all_tied_weights_keys.keys():
                              ^^^^^^^^^^^^^^^^^^^^^^^^^^
  File "/opt/conda/lib/python3.11/site-packages/torch/nn/modules/module.py", line 1729, in __getattr__
    raise AttributeError(f"'{type(self).__name__}' object has no attribute '{name}'")
AttributeError: 'Titan' object has no attribute 'all_tied_weights_keys'. Did you mean: '_tied_weights_keys'?
[1;33m[pfm:warn][0m [titan] exited with code 1 (likely the missing-data step -- see log above).
[1;33m[pfm:warn][0m [gigapath] note: reads real TCGA images from the configured paths (PFM_PATCH_DIR ->
[1;33m[pfm:warn][0m [gigapath] thumbnails). If none are staged yet, the run stops cleanly at that step.
Note: Environment variable`HF_TOKEN` is set and is the current active token independently from the token you've just configured.
[1;33m[pfm:warn][0m [mSTAR] note: reads real TCGA images from the configured paths (PFM_PATCH_DIR ->
[1;33m[pfm:warn][0m [mSTAR] thumbnails). If none are staged yet, the run stops cleanly at that step.
Note: Environment variable`HF_TOKEN` is set and is the current active token independently from the token you've just configured.
[1;33m[pfm:warn][0m [exaone-path] note: reads real TCGA images from the configured paths (PFM_PATCH_DIR ->
[1;33m[pfm:warn][0m [exaone-path] thumbnails). If none are staged yet, the run stops cleanly at that step.
Note: Environment variable`HF_TOKEN` is set and is the current active token independently from the token you've just configured.
Fetching 41 files:   0%|          | 0/41 [00:00<?, ?it/s]Fetching 41 files: 100%|██████████| 41/41 [00:00<00:00, 1895.01it/s]
Loading weights:   0%|          | 0/150 [00:00<?, ?it/s]Loading weights: 100%|██████████| 150/150 [00:00<00:00, 1671.72it/s]
[1;33m[pfm:warn][0m [phikon] note: reads real TCGA images from the configured paths (PFM_PATCH_DIR ->
[1;33m[pfm:warn][0m [phikon] thumbnails). If none are staged yet, the run stops cleanly at that step.
Note: Environment variable`HF_TOKEN` is set and is the current active token independently from the token you've just configured.
Loading weights:   0%|          | 0/439 [00:00<?, ?it/s]Loading weights:  13%|█▎        | 58/439 [00:00<00:00, 574.66it/s]Loading weights:  26%|██▋       | 116/439 [00:00<00:00, 474.57it/s]Loading weights: 100%|██████████| 439/439 [00:00<00:00, 1463.33it/s]
[1;33m[pfm:warn][0m [h-optimus] note: reads real TCGA images from the configured paths (PFM_PATCH_DIR ->
[1;33m[pfm:warn][0m [h-optimus] thumbnails). If none are staged yet, the run stops cleanly at that step.
Note: Environment variable`HF_TOKEN` is set and is the current active token independently from the token you've just configured.
[1;33m[pfm:warn][0m [h-optimus] exited with code 75 (likely the missing-data step -- see log above).
[1;33m[pfm:warn][0m [hipt] note: reads real TCGA images from the configured paths (PFM_PATCH_DIR ->
[1;33m[pfm:warn][0m [hipt] thumbnails). If none are staged yet, the run stops cleanly at that step.
Note: Environment variable`HF_TOKEN` is set and is the current active token independently from the token you've just configured.
/scratch/users/akshatg/stanf_pfm/runtime/repos/HIPT/HIPT_4K/hipt_model_utils.py:61: FutureWarning: You are using `torch.load` with `weights_only=False` (the current default value), which uses the default pickle module implicitly. It is possible to construct malicious pickle data which will execute arbitrary code during unpickling (See https://github.com/pytorch/pytorch/blob/main/SECURITY.md#untrusted-models for more details). In a future release, the default value for `weights_only` will be flipped to `True`. This limits the functions that could be executed during unpickling. Arbitrary objects will no longer be allowed to be loaded via this mode unless they are explicitly allowlisted by the user via `torch.serialization.add_safe_globals`. We recommend you start setting `weights_only=True` for any use case where you don't have full control of the loaded file. Please open an issue on GitHub for any issues related to this experimental feature.
  state_dict = torch.load(pretrained_weights, map_location="cpu")
INFO:    Terminating fuse-overlayfs after timeout
INFO:    Timeouts can be caused by a running background process
