============================================================
 FINAL SETUP — staged full-SVS (~50 GB) -> all models -> train
   node:        sh04-07n12.int
   job:         32850169
   repo:        /scratch/users/akshatg/stanf_pfm
   scratch cache (PFM_TCGA_ROOT): /scratch/users/akshatg/stanf_pfm/runtime/tcga
   node-local staging (L_SCRATCH): /lscratch/akshatg
   embeddings:  /scratch/users/akshatg/stanf_pfm/runtime/embeddings
   HF token:    present (runtime/.hf_token)
   start:       Sun Jul  5 15:55:02 PDT 2026
============================================================

### STEP 1/5  ensure data-build container + venv
  present: /scratch/users/akshatg/stanf_pfm/runtime/containers/tcga_build.sif + /scratch/users/akshatg/stanf_pfm/runtime/venvs/tcga_build

### STEP 2/5  ensure staged dataset (download subset only if needed)
  reusing cached dataset: /scratch/users/akshatg/stanf_pfm/runtime/tcga/tables/dataset.csv (thumbnails already present). No download.
  dataset ready: /scratch/users/akshatg/stanf_pfm/runtime/tcga/tables/dataset.csv  (6845 rows)

### STEP 3/5  ensure model container (pfm_base.sif)
  present: /scratch/users/akshatg/stanf_pfm/runtime/containers/pfm_base.sif

### STEP 4/5  stage thumbnails to node-local (/lscratch/akshatg) for the GPU
  staged 142 thumbnails -> /lscratch/akshatg/thumbnails (PFM_PATCH_DIR points here)

### STEP 5/5  extract embeddings (GPU) for all models, then benchmark

[1;34m[pfm][0m === run: conch ===

[1;34m[pfm][0m [conch] python /scratch/users/akshatg/stanf_pfm/models/conch/conch_spin.py
[conch] device=cuda (uses GPU if available, else CPU).
[conch] loading model ...
[conch] model ready.
[conch] found 142 images.
[conch] batch 1 (8 imgs)
[conch] batch 11 (88 imgs)
[conch] saved embeddings (142, 512) for 142 images -> /scratch/users/akshatg/stanf_pfm/runtime/embeddings/conch/patch_embeddings.pt  (6.4s)

[1;34m[pfm][0m [conch] run finished cleanly (exit 0).

[1;34m[pfm][0m === run: uni2 ===

[1;34m[pfm][0m [uni2] python /scratch/users/akshatg/stanf_pfm/models/uni2/uni2_spin.py
[uni2] device=cuda (uses GPU if available, else CPU).
[uni2] loading model ...
[uni2] model ready.
[uni2] found 142 images.
[uni2] batch 1 (8 imgs)
[uni2] batch 11 (88 imgs)
[uni2] saved embeddings (142, 1536) for 142 images -> /scratch/users/akshatg/stanf_pfm/runtime/embeddings/uni2/patch_embeddings.pt  (2.0s)

[1;34m[pfm][0m [uni2] run finished cleanly (exit 0).

[1;34m[pfm][0m === run: virchow ===

[1;34m[pfm][0m [virchow] python /scratch/users/akshatg/stanf_pfm/models/virchow/virchow_spin.py
[virchow] device=cuda (uses GPU if available, else CPU).
[virchow] loading model ...
[virchow] model ready.
[virchow] found 142 images.
[virchow] batch 1 (8 imgs)
[virchow] batch 11 (88 imgs)
[virchow] saved embeddings (142, 2560) for 142 images -> /scratch/users/akshatg/stanf_pfm/runtime/embeddings/virchow/patch_embeddings.pt  (1.6s)

[1;34m[pfm][0m [virchow] run finished cleanly (exit 0).

[1;34m[pfm][0m === run: virchow2 ===

[1;34m[pfm][0m [virchow2] python /scratch/users/akshatg/stanf_pfm/models/virchow2/virchow2_spin.py
[virchow2] device=cuda (uses GPU if available, else CPU).
[virchow2] loading model ...
[virchow2] model ready.
[virchow2] found 142 images.
[virchow2] batch 1 (8 imgs)
[virchow2] batch 11 (88 imgs)
[virchow2] saved embeddings (142, 2560) for 142 images -> /scratch/users/akshatg/stanf_pfm/runtime/embeddings/virchow2/patch_embeddings.pt  (1.6s)

[1;34m[pfm][0m [virchow2] run finished cleanly (exit 0).

[1;34m[pfm][0m === run: titan ===

[1;34m[pfm][0m [titan] python /scratch/users/akshatg/stanf_pfm/models/titan/titan_spin.py
[titan] loading model (device=cuda) ...

[1;34m[pfm][0m === run: gigapath ===

[1;34m[pfm][0m [gigapath] python /scratch/users/akshatg/stanf_pfm/models/gigapath/gigapath_spin.py
[gigapath] device=cuda (uses GPU if available, else CPU).
[gigapath] loading model ...
[gigapath] model ready.
[gigapath] found 142 images.
[gigapath] batch 1 (8 imgs)
[gigapath] batch 11 (88 imgs)
[gigapath] saved embeddings (142, 1536) for 142 images -> /scratch/users/akshatg/stanf_pfm/runtime/embeddings/gigapath/patch_embeddings.pt  (1.8s)

[1;34m[pfm][0m [gigapath] run finished cleanly (exit 0).

[1;34m[pfm][0m === run: mSTAR ===

[1;34m[pfm][0m [mSTAR] python /scratch/users/akshatg/stanf_pfm/models/mSTAR/mSTAR_spin.py
[mSTAR] device=cuda (uses GPU if available, else CPU).
[mSTAR] loading model ...
[mSTAR] model ready.
[mSTAR] found 142 images.
[mSTAR] batch 1 (8 imgs)
[mSTAR] batch 11 (88 imgs)
[mSTAR] saved embeddings (142, 1024) for 142 images -> /scratch/users/akshatg/stanf_pfm/runtime/embeddings/mSTAR/patch_embeddings.pt  (2.4s)

[1;34m[pfm][0m [mSTAR] run finished cleanly (exit 0).

[1;34m[pfm][0m === run: exaone-path ===

[1;34m[pfm][0m [exaone-path] python /scratch/users/akshatg/stanf_pfm/models/exaone-path/exaone-path_spin.py
[exaone-path] device=cuda (uses GPU if available, else CPU).
[exaone-path] loading model ...
[exaone-path] model ready.
[exaone-path] found 142 images.
[exaone-path] batch 1 (8 imgs)
[exaone-path] batch 11 (88 imgs)
[exaone-path] saved embeddings (142, 768) for 142 images -> /scratch/users/akshatg/stanf_pfm/runtime/embeddings/exaone-path/patch_embeddings.pt  (1.2s)

[1;34m[pfm][0m [exaone-path] run finished cleanly (exit 0).

[1;34m[pfm][0m === run: phikon ===

[1;34m[pfm][0m [phikon] python /scratch/users/akshatg/stanf_pfm/models/phikon/phikon_spin.py
[phikon] device=cuda (uses GPU if available, else CPU).
[phikon] loading model ...
[phikon] model ready.
[phikon] found 142 images.
[phikon] batch 1 (8 imgs)
[phikon] batch 11 (88 imgs)
[phikon] saved embeddings (142, 1024) for 142 images -> /scratch/users/akshatg/stanf_pfm/runtime/embeddings/phikon/patch_embeddings.pt  (1.5s)

[1;34m[pfm][0m [phikon] run finished cleanly (exit 0).

[1;34m[pfm][0m === run: h-optimus ===

[1;34m[pfm][0m [h-optimus] python /scratch/users/akshatg/stanf_pfm/models/h-optimus/h-optimus_spin.py
[h-optimus] device=cuda (uses GPU if available, else CPU).
[h-optimus] loading model ...
[h-optimus] ACCESS NOT GRANTED: gated model and the HF token is missing or not approved for it -- disregarding h-optimus. Request access on its Hugging Face page, then re-run.
[h-optimus] (GatedRepoError: 403 Client Error. (Request ID: Root=1-6a4ae181-7285680f00333f8433bd6499;27880baf-ae3f-49e6-8b1b-71c575c83e2f)

Cannot access gated repo for url https://huggingface.co/bioptimus/H-optimus-0/resolve/main/config.json.
Access to model bioptimus/H-optimus-0 is restricted and you are not in the authorized list. Visit https://huggingface.co/bioptimus/H-optimus-0 to ask for access.)

[1;34m[pfm][0m === run: hipt ===

[1;34m[pfm][0m [hipt] python /scratch/users/akshatg/stanf_pfm/models/hipt/hipt_spin.py
[hipt] device=cuda (uses GPU if available, else CPU).
[hipt] loading model ...
Take key teacher in provided checkpoint dict
Pretrained weights found at /scratch/users/akshatg/stanf_pfm/runtime/repos/HIPT/HIPT_4K/Checkpoints/vit256_small_dino.pth and loaded with msg: _IncompatibleKeys(missing_keys=[], unexpected_keys=['head.mlp.0.weight', 'head.mlp.0.bias', 'head.mlp.2.weight', 'head.mlp.2.bias', 'head.mlp.4.weight', 'head.mlp.4.bias', 'head.last_layer.weight_g', 'head.last_layer.weight_v'])
[hipt] model ready.
[hipt] found 142 images.
[hipt] batch 1 (8 imgs)
[hipt] batch 11 (88 imgs)
[hipt] saved embeddings (142, 384) for 142 images -> /scratch/users/akshatg/stanf_pfm/runtime/embeddings/hipt/patch_embeddings.pt  (1.7s)

[1;34m[pfm][0m [hipt] run finished cleanly (exit 0).

[1;34m[pfm][0m run summary:  OK=[conch uni2 virchow virchow2 gigapath mSTAR exaone-path phikon hipt]  NONZERO=[titan h-optimus]

  --- benchmark: train a linear probe per (model x task) ---

[1;34m[pfm][0m benchmarking all PFMs across all tasks (venv: /scratch/users/akshatg/stanf_pfm/runtime/venvs/conch)
[bench] models: ['conch', 'exaone-path', 'gigapath', 'hipt', 'mSTAR', 'phikon', 'uni2', 'virchow', 'virchow2']
[bench] tasks : ['luad_vs_lusc', 'lgg_vs_gbm', 'kras', 'tp53', 'egfr', 'idh']
[bench] labels: /scratch/users/akshatg/stanf_pfm/runtime/tcga/tables/dataset.csv

[bench] === task luad_vs_lusc  (52 labelled slides, classes=['LUAD', 'LUSC']) ===
[bench]   conch          n=   52  acc=0.818  bal_acc=0.817  f1=0.817  auroc=0.833
[bench]   exaone-path    n=   52  acc=0.636  bal_acc=0.650  f1=0.633  auroc=0.567
[bench]   gigapath       n=   52  acc=0.727  bal_acc=0.750  f1=0.718  auroc=0.900
[bench]   hipt           n=   52  acc=0.727  bal_acc=0.717  f1=0.718  auroc=0.800
[bench]   mSTAR          n=   52  acc=0.636  bal_acc=0.633  f1=0.633  auroc=0.733
[bench]   phikon         n=   52  acc=0.727  bal_acc=0.733  f1=0.727  auroc=0.733
[bench]   uni2           n=   52  acc=0.727  bal_acc=0.733  f1=0.727  auroc=0.800
[bench]   virchow        n=   52  acc=0.818  bal_acc=0.817  f1=0.817  auroc=0.833
[bench]   virchow2       n=   52  acc=0.636  bal_acc=0.633  f1=0.633  auroc=0.767

[bench] === task lgg_vs_gbm  (46 labelled slides, classes=['LGG', 'GBM']) ===
[bench]   conch          n=   46  acc=0.778  bal_acc=0.800  f1=0.775  auroc=0.950
[bench]   exaone-path    n=   46  acc=0.889  bal_acc=0.900  f1=0.889  auroc=1.000
[bench]   gigapath       n=   46  acc=0.778  bal_acc=0.775  f1=0.775  auroc=0.900
[bench]   hipt           n=   46  acc=0.778  bal_acc=0.800  f1=0.775  auroc=0.900
[bench]   mSTAR          n=   46  acc=0.889  bal_acc=0.900  f1=0.889  auroc=0.950
[bench]   phikon         n=   46  acc=0.778  bal_acc=0.800  f1=0.775  auroc=0.950
[bench]   uni2           n=   46  acc=0.889  bal_acc=0.900  f1=0.889  auroc=0.850
[bench]   virchow        n=   46  acc=0.889  bal_acc=0.900  f1=0.889  auroc=0.950
[bench]   virchow2       n=   46  acc=0.778  bal_acc=0.800  f1=0.775  auroc=1.000

[bench] === task kras  (67 labelled slides, classes=['KRAS-wt', 'KRAS-mut']) ===
[bench]   conch          n=   67  acc=0.786  bal_acc=0.885  f1=0.635  auroc=0.923
[bench]   exaone-path    n=   67  acc=0.500  bal_acc=0.731  f1=0.427  auroc=0.923
[bench]   gigapath       n=   67  acc=0.786  bal_acc=0.885  f1=0.635  auroc=0.923
[bench]   hipt           n=   67  acc=0.571  bal_acc=0.769  f1=0.475  auroc=0.846
[bench]   mSTAR          n=   67  acc=0.643  bal_acc=0.808  f1=0.524  auroc=1.000
[bench]   phikon         n=   67  acc=0.786  bal_acc=0.885  f1=0.635  auroc=1.000
[bench]   uni2           n=   67  acc=0.571  bal_acc=0.769  f1=0.475  auroc=0.923
[bench]   virchow        n=   67  acc=0.643  bal_acc=0.808  f1=0.524  auroc=0.692
[bench]   virchow2       n=   67  acc=0.429  bal_acc=0.692  f1=0.378  auroc=0.923

[bench] === task tp53  (67 labelled slides, classes=['TP53-wt', 'TP53-mut']) ===
[bench]   conch          n=   67  acc=0.357  bal_acc=0.367  f1=0.354  auroc=0.422
[bench]   exaone-path    n=   67  acc=0.714  bal_acc=0.689  f1=0.689  auroc=0.756
[bench]   gigapath       n=   67  acc=0.500  bal_acc=0.478  f1=0.476  auroc=0.600
[bench]   hipt           n=   67  acc=0.714  bal_acc=0.733  f1=0.708  auroc=0.822
[bench]   mSTAR          n=   67  acc=0.571  bal_acc=0.533  f1=0.533  auroc=0.644
[bench]   phikon         n=   67  acc=0.714  bal_acc=0.689  f1=0.689  auroc=0.689
[bench]   uni2           n=   67  acc=0.643  bal_acc=0.678  f1=0.641  auroc=0.711
[bench]   virchow        n=   67  acc=0.571  bal_acc=0.533  f1=0.533  auroc=0.600
[bench]   virchow2       n=   67  acc=0.643  bal_acc=0.589  f1=0.591  auroc=0.689

[bench] === task egfr  (67 labelled slides, classes=['EGFR-wt', 'EGFR-mut']) ===
[bench]   conch          n=   67  acc=0.769  bal_acc=0.875  f1=0.629  auroc=0.917
[bench]   exaone-path    n=   67  acc=0.538  bal_acc=0.750  f1=0.458  auroc=0.583
[bench]   gigapath       n=   67  acc=0.538  bal_acc=0.750  f1=0.458  auroc=0.500
[bench]   hipt           n=   67  acc=0.462  bal_acc=0.250  f1=0.316  auroc=0.417
[bench]   mSTAR          n=   67  acc=0.462  bal_acc=0.708  f1=0.405  auroc=0.833
[bench]   phikon         n=   67  acc=0.231  bal_acc=0.125  f1=0.188  auroc=0.083
[bench]   uni2           n=   67  acc=0.615  bal_acc=0.792  f1=0.511  auroc=0.750
[bench]   virchow        n=   67  acc=0.231  bal_acc=0.125  f1=0.188  auroc=0.250
[bench]   virchow2       n=   67  acc=0.538  bal_acc=0.750  f1=0.458  auroc=0.500

[bench] === task idh  (67 labelled slides, classes=['IDH-wt', 'IDH-mut']) ===
[bench]   conch          skipped: only one class present ({0})
[bench]   exaone-path    skipped: only one class present ({0})
[bench]   gigapath       skipped: only one class present ({0})
[bench]   hipt           skipped: only one class present ({0})
[bench]   mSTAR          skipped: only one class present ({0})
[bench]   phikon         skipped: only one class present ({0})
[bench]   uni2           skipped: only one class present ({0})
[bench]   virchow        skipped: only one class present ({0})
[bench]   virchow2       skipped: only one class present ({0})

[bench] wrote 45 (model, task) results
[bench]   table -> /scratch/users/akshatg/stanf_pfm/runtime/embeddings/benchmark/results.csv
[bench]   detail-> /scratch/users/akshatg/stanf_pfm/runtime/embeddings/benchmark/results.json
[bench] compare/plot:  python -m pfm_common.plot_results --results /scratch/users/akshatg/stanf_pfm/runtime/embeddings/benchmark/results.csv

=== auroc : model x task ===
                      egfr        kras  lgg_vs_gbm luad_vs_lus        tp53        mean
--------------------------------------------------------------------------------------
mSTAR                0.833       1.000       0.950       0.733       0.644       0.832
conch                0.917       0.923       0.950       0.833       0.422       0.809
uni2                 0.750       0.923       0.850       0.800       0.711       0.807
virchow2             0.500       0.923       1.000       0.767       0.689       0.776
exaone-path          0.583       0.923       1.000       0.567       0.756       0.766
gigapath             0.500       0.923       0.900       0.900       0.600       0.765
hipt                 0.417       0.846       0.900       0.800       0.822       0.757
phikon               0.083       1.000       0.950       0.733       0.689       0.691
virchow              0.250       0.692       0.950       0.833       0.600       0.665

=== leaderboard (mean auroc across tasks) ===
   1. mSTAR            0.832
   2. conch            0.809
   3. uni2             0.807
   4. virchow2         0.776
   5. exaone-path      0.766
   6. gigapath         0.765
   7. hipt             0.757
   8. phikon           0.691
   9. virchow          0.665

[plot] summary table -> /scratch/users/akshatg/stanf_pfm/runtime/embeddings/benchmark/summary_auroc.csv
[plot] heatmap       -> /scratch/users/akshatg/stanf_pfm/runtime/embeddings/benchmark/heatmap_auroc.png

============================================================
 FINAL SETUP COMPLETE
   dataset:    /scratch/users/akshatg/stanf_pfm/runtime/tcga/tables/dataset.csv
   SVS cache:  /scratch/users/akshatg/stanf_pfm/runtime/tcga/slides   (51G)
   embeddings: /scratch/users/akshatg/stanf_pfm/runtime/embeddings/<model>/patch_embeddings.pt
   results:    /scratch/users/akshatg/stanf_pfm/runtime/embeddings/benchmark/results.csv
   end:        Sun Jul  5 15:58:38 PDT 2026
============================================================
