15:48:58 | INFO     | tcga.pipeline | Pipeline steps: ['etl', 'manifest', 'stage_process', 'download', 'gene_matrix', 'assemble']
15:48:58 | INFO     | tcga.pipeline | Projects: ['TCGA-LUAD', 'TCGA-LUSC', 'TCGA-LGG', 'TCGA-GBM']
15:48:58 | INFO     | tcga.pipeline | Data dir: /tcga_data
15:48:58 | INFO     | tcga.pipeline | ============================================================
15:48:58 | INFO     | tcga.pipeline | STEP: etl
15:48:58 | INFO     | tcga.pipeline | ============================================================
15:48:58 | INFO     | tcga.pipeline | Slide table already exists at /tcga_data/tables/slide_table.parquet — skipping ETL
15:48:59 | INFO     | tcga.pipeline | ============================================================
15:48:59 | INFO     | tcga.pipeline | STEP: manifest
15:48:59 | INFO     | tcga.pipeline | ============================================================
15:48:59 | INFO     | tcga.pipeline | Manifests already exist — skipping manifest generation
15:48:59 | INFO     | tcga.pipeline | ============================================================
15:48:59 | INFO     | tcga.pipeline | STEP: stage_process
15:48:59 | INFO     | tcga.pipeline | ============================================================
15:48:59 | INFO     | tcga.pipeline | Staged subset: 142 slides (~50.6 GB) across {'TCGA-GBM': 36, 'TCGA-LGG': 36, 'TCGA-LUAD': 35, 'TCGA-LUSC': 35}
15:48:59 | INFO     | tcga.pipeline | stage_process mode: stream-to-local (no persistent SVS cache)
15:48:59 | INFO     | tcga.slide_stager | stage_process: 0 processed (0 downloaded, 0 reused-cache), 142 already-thumbnailed, 0 failed
15:48:59 | INFO     | tcga.pipeline | Staged thumbnails: 0 processed (0 downloaded, 0 reused-cache), 142 existing, 0 failed
15:48:59 | INFO     | tcga.pipeline | Updated slide table with jpg_path → /tcga_data/tables/slide_table.parquet
15:48:59 | INFO     | tcga.pipeline | ============================================================
15:48:59 | INFO     | tcga.pipeline | STEP: download
15:48:59 | INFO     | tcga.pipeline | ============================================================
15:48:59 | INFO     | tcga.pipeline | MAF files already downloaded (61/61) — skipping
15:48:59 | INFO     | tcga.pipeline | ============================================================
15:48:59 | INFO     | tcga.pipeline | STEP: gene_matrix
15:48:59 | INFO     | tcga.pipeline | ============================================================
15:48:59 | INFO     | tcga.pipeline | Gene matrix already exists at /tcga_data/tables/gene_matrix.parquet — loading
15:49:01 | INFO     | tcga.pipeline | ============================================================
15:49:01 | INFO     | tcga.pipeline | STEP: assemble
15:49:01 | INFO     | tcga.pipeline | ============================================================
15:49:05 | INFO     | tcga.pipeline | Merged gene matrix (4 genes) into slide table
15:49:05 | INFO     | tcga.pipeline | Final dataset: 6845 rows × 43 columns
15:49:05 | INFO     | tcga.pipeline | Saved → /tcga_data/tables/dataset.csv
15:49:05 | INFO     | tcga.pipeline | Saved → /tcga_data/tables/dataset.parquet
15:49:05 | INFO     | tcga.pipeline | ============================================================
15:49:05 | INFO     | tcga.pipeline | PIPELINE COMPLETE
15:49:05 | INFO     | tcga.pipeline | ============================================================
15:49:05 | INFO     | tcga.pipeline | Slide table : 6845 rows
15:49:07 | INFO     | tcga.pipeline | Gene matrix : 61 samples × 7294 genes
15:49:07 | INFO     | tcga.pipeline | Dataset     : 6845 rows × 43 columns
15:49:07 | INFO     | tcga.pipeline | Output      : /tcga_data/tables/dataset.csv
15:49:07 | INFO     | __main__ | Done. Dataset at: /tcga_data/tables/dataset.csv
[1;33m[pfm:warn][0m [conch] note: reads real TCGA images from the configured paths (PFM_PATCH_DIR ->
[1;33m[pfm:warn][0m [conch] thumbnails). If none are staged yet, the run stops cleanly at that step.
[1;33m[pfm:warn][0m [uni2] note: reads real TCGA images from the configured paths (PFM_PATCH_DIR ->
[1;33m[pfm:warn][0m [uni2] thumbnails). If none are staged yet, the run stops cleanly at that step.
[1;33m[pfm:warn][0m [virchow] note: reads real TCGA images from the configured paths (PFM_PATCH_DIR ->
[1;33m[pfm:warn][0m [virchow] thumbnails). If none are staged yet, the run stops cleanly at that step.
Traceback (most recent call last):
  File "/scratch/users/akshatg/stanf_pfm/models/uni2/uni2_spin.py", line 2, in <module>
    from pfm_common import runner
  File "/scratch/users/akshatg/stanf_pfm/pfm_common/__init__.py", line 24, in <module>
    from . import config, hf_auth, data, runner  # noqa: F401
    ^^^^^^^^^^^^^^^^^^^^^^^^^^^^^^^^^^^^^^^^^^^
  File "/scratch/users/akshatg/stanf_pfm/pfm_common/config.py", line 39, in <module>
Traceback (most recent call last):
  File "/scratch/users/akshatg/stanf_pfm/models/virchow/virchow_spin.py", line 2, in <module>
    BATCH_SIZE = int(_env("PFM_BATCH_SIZE", "8"))      # spec-driven in final_setup; this is the ad-hoc fallback
                 ^^^^^^^^^^^^^Traceback (most recent call last):
^  File "/scratch/users/akshatg/stanf_pfm/models/conch/conch_spin.py", line 5, in <module>
^^^^^^^^^^^^^^^^^^
ValueError    : from pfm_common import runnerinvalid literal for int() with base 10: 'auto'

    from pfm_common import runner  File "/scratch/users/akshatg/stanf_pfm/pfm_common/__init__.py", line 24, in <module>

  File "/scratch/users/akshatg/stanf_pfm/pfm_common/__init__.py", line 24, in <module>
    from . import config, hf_auth, data, runner  # noqa: F401
    from . import config, hf_auth, data, runner  # noqa: F401
    ^^^^^^^^^^^^^^ ^ ^ ^ ^^^^^^^^^^^^^^^^^^^^^^^^^^^^^^^^^^^^^^^^^^^^^^^^^^^^
^^  File "/scratch/users/akshatg/stanf_pfm/pfm_common/config.py", line 39, in <module>
^^^^^^^^    ^BATCH_SIZE = int(_env("PFM_BATCH_SIZE", "8"))      # spec-driven in final_setup; this is the ad-hoc fallback^
^^^ ^ ^ 
    File "/scratch/users/akshatg/stanf_pfm/pfm_common/config.py", line 39, in <module>
            ^^^^^^    ^BATCH_SIZE = int(_env("PFM_BATCH_SIZE", "8"))      # spec-driven in final_setup; this is the ad-hoc fallback^
^^^^^^^ ^ ^ ^ ^ ^ ^ ^ ^ ^ ^ ^ ^ ^ ^ ^ ^ ^^
^^ValueError^: ^invalid literal for int() with base 10: 'auto'^
^^^^^^^^^^^^^^^^^^^^^^^^^^
ValueError: invalid literal for int() with base 10: 'auto'
[1;33m[pfm:warn][0m [virchow] exited with code 1 (likely the missing-data step -- see log above).
[1;33m[pfm:warn][0m [conch] exited with code 1 (likely the missing-data step -- see log above).
[1;33m[pfm:warn][0m [uni2] exited with code 1 (likely the missing-data step -- see log above).
[1;33m[pfm:warn][0m [virchow2] note: reads real TCGA images from the configured paths (PFM_PATCH_DIR ->
[1;33m[pfm:warn][0m [virchow2] thumbnails). If none are staged yet, the run stops cleanly at that step.
[1;33m[pfm:warn][0m [titan] note: reads real TCGA images from the configured paths (PFM_PATCH_DIR ->
[1;33m[pfm:warn][0m [titan] thumbnails). If none are staged yet, the run stops cleanly at that step.
[1;33m[pfm:warn][0m [gigapath] note: reads real TCGA images from the configured paths (PFM_PATCH_DIR ->
[1;33m[pfm:warn][0m [gigapath] thumbnails). If none are staged yet, the run stops cleanly at that step.
Traceback (most recent call last):
  File "/scratch/users/akshatg/stanf_pfm/models/virchow2/virchow2_spin.py", line 3, in <module>
    from pfm_common import runner
  File "/scratch/users/akshatg/stanf_pfm/pfm_common/__init__.py", line 24, in <module>
    from . import config, hf_auth, data, runner  # noqa: F401
    ^^^^^^^^^^^^^^^^^^^^^^^^^^^^^^^^^^^^^^^^^^^
  File "/scratch/users/akshatg/stanf_pfm/pfm_common/config.py", line 39, in <module>
    BATCH_SIZE = int(_env("PFM_BATCH_SIZE", "8"))      # spec-driven in final_setup; this is the ad-hoc fallback
                 ^^^^^^^^^^^^^^^^^^^^^^^^^^^^^^^^
ValueError: invalid literal for int() with base 10: 'auto'
Traceback (most recent call last):
  File "/scratch/users/akshatg/stanf_pfm/models/titan/titan_spin.py", line 11, in <module>
    from pfm_common import config, data, hf_auth
  File "/scratch/users/akshatg/stanf_pfm/pfm_common/__init__.py", line 24, in <module>
    from . import config, hf_auth, data, runner  # noqa: F401
    ^^^^^^^^^^^^^^^^^^^^^^^^^^^^^^^^^^^^^^^^^^^
  File "/scratch/users/akshatg/stanf_pfm/pfm_common/config.py", line 39, in <module>
    BATCH_SIZE = int(_env("PFM_BATCH_SIZE", "8"))      # spec-driven in final_setup; this is the ad-hoc fallback
                 ^^^^^^^^^^^^^^^^^^^^^^^^^^^^^^^^
ValueError: invalid literal for int() with base 10: 'auto'
[1;33m[pfm:warn][0m [virchow2] exited with code 1 (likely the missing-data step -- see log above).
[1;33m[pfm:warn][0m [titan] exited with code 1 (likely the missing-data step -- see log above).
Traceback (most recent call last):
  File "/scratch/users/akshatg/stanf_pfm/models/gigapath/gigapath_spin.py", line 6, in <module>
    from pfm_common import runner
  File "/scratch/users/akshatg/stanf_pfm/pfm_common/__init__.py", line 24, in <module>
    from . import config, hf_auth, data, runner  # noqa: F401
    ^^^^^^^^^^^^^^^^^^^^^^^^^^^^^^^^^^^^^^^^^^^
  File "/scratch/users/akshatg/stanf_pfm/pfm_common/config.py", line 39, in <module>
    BATCH_SIZE = int(_env("PFM_BATCH_SIZE", "8"))      # spec-driven in final_setup; this is the ad-hoc fallback
                 ^^^^^^^^^^^^^^^^^^^^^^^^^^^^^^^^
ValueError: invalid literal for int() with base 10: 'auto'
[1;33m[pfm:warn][0m [gigapath] exited with code 1 (likely the missing-data step -- see log above).
[1;33m[pfm:warn][0m [mSTAR] note: reads real TCGA images from the configured paths (PFM_PATCH_DIR ->
[1;33m[pfm:warn][0m [mSTAR] thumbnails). If none are staged yet, the run stops cleanly at that step.
[1;33m[pfm:warn][0m [phikon] note: reads real TCGA images from the configured paths (PFM_PATCH_DIR ->
[1;33m[pfm:warn][0m [phikon] thumbnails). If none are staged yet, the run stops cleanly at that step.
[1;33m[pfm:warn][0m [exaone-path] note: reads real TCGA images from the configured paths (PFM_PATCH_DIR ->
[1;33m[pfm:warn][0m [exaone-path] thumbnails). If none are staged yet, the run stops cleanly at that step.
Traceback (most recent call last):
  File "/scratch/users/akshatg/stanf_pfm/models/phikon/phikon_spin.py", line 2, in <module>
    from pfm_common import runner
  File "/scratch/users/akshatg/stanf_pfm/pfm_common/__init__.py", line 24, in <module>
    from . import config, hf_auth, data, runner  # noqa: F401
    ^^^^^^^^^^^^^^^^^^^^^^^^^^^^^^^^^^^^^^^^^^^
  File "/scratch/users/akshatg/stanf_pfm/pfm_common/config.py", line 39, in <module>
    BATCH_SIZE = int(_env("PFM_BATCH_SIZE", "8"))      # spec-driven in final_setup; this is the ad-hoc fallback
                 ^^^^^^^^^^^^^^^^^^^^^^^^^^^^^^^^
ValueError: invalid literal for int() with base 10: 'auto'
Traceback (most recent call last):
  File "/scratch/users/akshatg/stanf_pfm/models/exaone-path/exaone-path_spin.py", line 2, in <module>
    from pfm_common import runner
  File "/scratch/users/akshatg/stanf_pfm/pfm_common/__init__.py", line 24, in <module>
    from . import config, hf_auth, data, runner  # noqa: F401
    ^^^^^^^^^^^^^^^^^^^^^^^^^^^^^^^^^^^^^^^^^^^
  File "/scratch/users/akshatg/stanf_pfm/pfm_common/config.py", line 39, in <module>
    BATCH_SIZE = int(_env("PFM_BATCH_SIZE", "8"))      # spec-driven in final_setup; this is the ad-hoc fallback
                 ^^^^^^^^^^^^^^^^^^^^^^^^^^^^^^^^
ValueError: invalid literal for int() with base 10: 'auto'
Traceback (most recent call last):
  File "/scratch/users/akshatg/stanf_pfm/models/mSTAR/mSTAR_spin.py", line 2, in <module>
    from pfm_common import runner
  File "/scratch/users/akshatg/stanf_pfm/pfm_common/__init__.py", line 24, in <module>
    from . import config, hf_auth, data, runner  # noqa: F401
    ^^^^^^^^^^^^^^^^^^^^^^^^^^^^^^^^^^^^^^^^^^^
  File "/scratch/users/akshatg/stanf_pfm/pfm_common/config.py", line 39, in <module>
    BATCH_SIZE = int(_env("PFM_BATCH_SIZE", "8"))      # spec-driven in final_setup; this is the ad-hoc fallback
                 ^^^^^^^^^^^^^^^^^^^^^^^^^^^^^^^^
ValueError: invalid literal for int() with base 10: 'auto'
[1;33m[pfm:warn][0m [phikon] exited with code 1 (likely the missing-data step -- see log above).
[1;33m[pfm:warn][0m [exaone-path] exited with code 1 (likely the missing-data step -- see log above).
[1;33m[pfm:warn][0m [mSTAR] exited with code 1 (likely the missing-data step -- see log above).
[1;33m[pfm:warn][0m [hipt] note: reads real TCGA images from the configured paths (PFM_PATCH_DIR ->
[1;33m[pfm:warn][0m [hipt] thumbnails). If none are staged yet, the run stops cleanly at that step.
[1;33m[pfm:warn][0m [h-optimus] note: reads real TCGA images from the configured paths (PFM_PATCH_DIR ->
[1;33m[pfm:warn][0m [h-optimus] thumbnails). If none are staged yet, the run stops cleanly at that step.
Traceback (most recent call last):
  File "/scratch/users/akshatg/stanf_pfm/models/hipt/hipt_spin.py", line 11, in <module>
    from pfm_common import runner
  File "/scratch/users/akshatg/stanf_pfm/pfm_common/__init__.py", line 24, in <module>
    from . import config, hf_auth, data, runner  # noqa: F401
    ^^^^^^^^^^^^^^^^^^^^^^^^^^^^^^^^^^^^^^^^^^^
  File "/scratch/users/akshatg/stanf_pfm/pfm_common/config.py", line 39, in <module>
    BATCH_SIZE = int(_env("PFM_BATCH_SIZE", "8"))      # spec-driven in final_setup; this is the ad-hoc fallback
                 ^^^^^^^^^^^^^^^^^^^^^^^^^^^^^^^^
ValueError: invalid literal for int() with base 10: 'auto'
Traceback (most recent call last):
  File "/scratch/users/akshatg/stanf_pfm/models/h-optimus/h-optimus_spin.py", line 2, in <module>
    from pfm_common import runner
  File "/scratch/users/akshatg/stanf_pfm/pfm_common/__init__.py", line 24, in <module>
    from . import config, hf_auth, data, runner  # noqa: F401
    ^^^^^^^^^^^^^^^^^^^^^^^^^^^^^^^^^^^^^^^^^^^
  File "/scratch/users/akshatg/stanf_pfm/pfm_common/config.py", line 39, in <module>
    BATCH_SIZE = int(_env("PFM_BATCH_SIZE", "8"))      # spec-driven in final_setup; this is the ad-hoc fallback
                 ^^^^^^^^^^^^^^^^^^^^^^^^^^^^^^^^
ValueError: invalid literal for int() with base 10: 'auto'
[1;33m[pfm:warn][0m [hipt] exited with code 1 (likely the missing-data step -- see log above).
[1;33m[pfm:warn][0m [h-optimus] exited with code 1 (likely the missing-data step -- see log above).
Traceback (most recent call last):
  File "<frozen runpy>", line 189, in _run_module_as_main
  File "<frozen runpy>", line 112, in _get_module_details
  File "/scratch/users/akshatg/stanf_pfm/pfm_common/__init__.py", line 24, in <module>
    from . import config, hf_auth, data, runner  # noqa: F401
    ^^^^^^^^^^^^^^^^^^^^^^^^^^^^^^^^^^^^^^^^^^^
  File "/scratch/users/akshatg/stanf_pfm/pfm_common/config.py", line 39, in <module>
    BATCH_SIZE = int(_env("PFM_BATCH_SIZE", "8"))      # spec-driven in final_setup; this is the ad-hoc fallback
                 ^^^^^^^^^^^^^^^^^^^^^^^^^^^^^^^^
ValueError: invalid literal for int() with base 10: 'auto'
