13:49:23 | INFO     | tcga.pipeline | Pipeline steps: ['etl', 'manifest', 'stage_process', 'download', 'gene_matrix', 'assemble']
13:49:23 | INFO     | tcga.pipeline | Projects: ['TCGA-LUAD', 'TCGA-LUSC', 'TCGA-LGG', 'TCGA-GBM']
13:49:23 | INFO     | tcga.pipeline | Data dir: /tcga_data
13:49:23 | INFO     | tcga.pipeline | ============================================================
13:49:23 | INFO     | tcga.pipeline | STEP: etl
13:49:23 | INFO     | tcga.pipeline | ============================================================
13:49:23 | INFO     | tcga.pipeline | Slide table already exists at /tcga_data/tables/slide_table.parquet ŌĆö skipping ETL
13:49:23 | INFO     | tcga.pipeline | ============================================================
13:49:23 | INFO     | tcga.pipeline | STEP: manifest
13:49:23 | INFO     | tcga.pipeline | ============================================================
13:49:23 | INFO     | tcga.pipeline | Manifests already exist ŌĆö skipping manifest generation
13:49:23 | INFO     | tcga.pipeline | ============================================================
13:49:23 | INFO     | tcga.pipeline | STEP: stage_process
13:49:23 | INFO     | tcga.pipeline | ============================================================
13:49:23 | INFO     | tcga.pipeline | Staged subset: 142 slides (~50.6 GB) across {'TCGA-GBM': 36, 'TCGA-LGG': 36, 'TCGA-LUAD': 35, 'TCGA-LUSC': 35}
13:49:23 | INFO     | tcga.pipeline | stage_process mode: stream-to-local (no persistent SVS cache)
13:49:23 | INFO     | tcga.slide_stager | stage_process: 0 processed (0 downloaded, 0 reused-cache), 142 already-thumbnailed, 0 failed
13:49:23 | INFO     | tcga.pipeline | Staged thumbnails: 0 processed (0 downloaded, 0 reused-cache), 142 existing, 0 failed
13:49:23 | INFO     | tcga.pipeline | Updated slide table with jpg_path ŌåÆ /tcga_data/tables/slide_table.parquet
13:49:23 | INFO     | tcga.pipeline | ============================================================
13:49:23 | INFO     | tcga.pipeline | STEP: download
13:49:23 | INFO     | tcga.pipeline | ============================================================
13:49:23 | INFO     | tcga.pipeline | MAF files already downloaded (61/61) ŌĆö skipping
13:49:23 | INFO     | tcga.pipeline | ============================================================
13:49:23 | INFO     | tcga.pipeline | STEP: gene_matrix
13:49:23 | INFO     | tcga.pipeline | ============================================================
13:49:23 | INFO     | tcga.pipeline | Gene matrix already exists at /tcga_data/tables/gene_matrix.parquet ŌĆö loading
13:49:25 | INFO     | tcga.pipeline | ============================================================
13:49:25 | INFO     | tcga.pipeline | STEP: assemble
13:49:25 | INFO     | tcga.pipeline | ============================================================
13:49:29 | INFO     | tcga.pipeline | Merged gene matrix (4 genes) into slide table
13:49:29 | INFO     | tcga.pipeline | Final dataset: 6845 rows ├Ś 43 columns
13:49:29 | INFO     | tcga.pipeline | Saved ŌåÆ /tcga_data/tables/dataset.csv
13:49:29 | INFO     | tcga.pipeline | Saved ŌåÆ /tcga_data/tables/dataset.parquet
13:49:29 | INFO     | tcga.pipeline | ============================================================
13:49:29 | INFO     | tcga.pipeline | PIPELINE COMPLETE
13:49:29 | INFO     | tcga.pipeline | ============================================================
13:49:29 | INFO     | tcga.pipeline | Slide table : 6845 rows
13:49:31 | INFO     | tcga.pipeline | Gene matrix : 61 samples ├Ś 7294 genes
13:49:31 | INFO     | tcga.pipeline | Dataset     : 6845 rows ├Ś 43 columns
13:49:31 | INFO     | tcga.pipeline | Output      : /tcga_data/tables/dataset.csv
13:49:31 | INFO     | __main__ | Done. Dataset at: /tcga_data/tables/dataset.csv
[1;33m[pfm:warn][0m [conch] note: reads real TCGA images from the configured paths (PFM_PATCH_DIR ->
[1;33m[pfm:warn][0m [conch] thumbnails). If none are staged yet, the run stops cleanly at that step.
Note: Environment variable`HF_TOKEN` is set and is the current active token independently from the token you've just configured.
/scratch/users/akshatg/stanf_pfm/runtime/venvs/conch/lib/python3.11/site-packages/timm/models/layers/__init__.py:49: FutureWarning: Importing from timm.models.layers is deprecated, please import via timm.layers
  warnings.warn(f"Importing from {__name__} is deprecated, please import via timm.layers", FutureWarning)
/scratch/users/akshatg/stanf_pfm/runtime/venvs/conch/lib/python3.11/site-packages/conch/open_clip_custom/factory.py:18: FutureWarning: You are using `torch.load` with `weights_only=False` (the current default value), which uses the default pickle module implicitly. It is possible to construct malicious pickle data which will execute arbitrary code during unpickling (See https://github.com/pytorch/pytorch/blob/main/SECURITY.md#untrusted-models for more details). In a future release, the default value for `weights_only` will be flipped to `True`. This limits the functions that could be executed during unpickling. Arbitrary objects will no longer be allowed to be loaded via this mode unless they are explicitly allowlisted by the user via `torch.serialization.add_safe_globals`. We recommend you start setting `weights_only=True` for any use case where you don't have full control of the loaded file. Please open an issue on GitHub for any issues related to this experimental feature.
  checkpoint = torch.load(checkpoint_path, map_location=map_location)
[1;33m[pfm:warn][0m [uni2] note: reads real TCGA images from the configured paths (PFM_PATCH_DIR ->
[1;33m[pfm:warn][0m [uni2] thumbnails). If none are staged yet, the run stops cleanly at that step.
Note: Environment variable`HF_TOKEN` is set and is the current active token independently from the token you've just configured.
[1;33m[pfm:warn][0m [virchow] note: reads real TCGA images from the configured paths (PFM_PATCH_DIR ->
[1;33m[pfm:warn][0m [virchow] thumbnails). If none are staged yet, the run stops cleanly at that step.
Note: Environment variable`HF_TOKEN` is set and is the current active token independently from the token you've just configured.
[1;33m[pfm:warn][0m [virchow2] note: reads real TCGA images from the configured paths (PFM_PATCH_DIR ->
[1;33m[pfm:warn][0m [virchow2] thumbnails). If none are staged yet, the run stops cleanly at that step.
Note: Environment variable`HF_TOKEN` is set and is the current active token independently from the token you've just configured.
[1;33m[pfm:warn][0m [titan] note: reads real TCGA images from the configured paths (PFM_PATCH_DIR ->
[1;33m[pfm:warn][0m [titan] thumbnails). If none are staged yet, the run stops cleanly at that step.
Note: Environment variable`HF_TOKEN` is set and is the current active token independently from the token you've just configured.
Loading weights:   0%|          | 0/246 [00:00<?, ?it/s]Loading weights:  28%|Ō¢łŌ¢łŌ¢Ŗ       | 69/246 [00:00<00:00, 685.69it/s]Loading weights: 100%|Ō¢łŌ¢łŌ¢łŌ¢łŌ¢łŌ¢łŌ¢łŌ¢łŌ¢łŌ¢ł| 246/246 [00:00<00:00, 1847.40it/s]
Traceback (most recent call last):
  File "/scratch/users/akshatg/stanf_pfm/models/titan/titan_spin.py", line 53, in <module>
    main()
  File "/scratch/users/akshatg/stanf_pfm/models/titan/titan_spin.py", line 22, in main
    titan = AutoModel.from_pretrained("MahmoodLab/TITAN", trust_remote_code=True)
            ^^^^^^^^^^^^^^^^^^^^^^^^^^^^^^^^^^^^^^^^^^^^^^^^^^^^^^^^^^^^^^^^^^^^^
  File "/scratch/users/akshatg/stanf_pfm/runtime/venvs/titan/lib/python3.11/site-packages/transformers/models/auto/auto_factory.py", line 391, in from_pretrained
    return model_class.from_pretrained(
           ^^^^^^^^^^^^^^^^^^^^^^^^^^^^
  File "/scratch/users/akshatg/stanf_pfm/runtime/venvs/titan/lib/python3.11/site-packages/transformers/modeling_utils.py", line 4328, in from_pretrained
    loading_info = cls._finalize_model_loading(model, load_config, loading_info)
                   ^^^^^^^^^^^^^^^^^^^^^^^^^^^^^^^^^^^^^^^^^^^^^^^^^^^^^^^^^^^^^
  File "/scratch/users/akshatg/stanf_pfm/runtime/venvs/titan/lib/python3.11/site-packages/transformers/modeling_utils.py", line 4484, in _finalize_model_loading
    model._move_missing_keys_from_meta_to_device(
  File "/scratch/users/akshatg/stanf_pfm/runtime/venvs/titan/lib/python3.11/site-packages/transformers/modeling_utils.py", line 4774, in _move_missing_keys_from_meta_to_device
    for key in missing_keys - self.all_tied_weights_keys.keys():
                              ^^^^^^^^^^^^^^^^^^^^^^^^^^
  File "/opt/conda/lib/python3.11/site-packages/torch/nn/modules/module.py", line 1729, in __getattr__
    raise AttributeError(f"'{type(self).__name__}' object has no attribute '{name}'")
AttributeError: 'Titan' object has no attribute 'all_tied_weights_keys'. Did you mean: '_tied_weights_keys'?
[1;33m[pfm:warn][0m [titan] exited with code 1 (likely the missing-data step -- see log above).
[1;33m[pfm:warn][0m [gigapath] note: reads real TCGA images from the configured paths (PFM_PATCH_DIR ->
[1;33m[pfm:warn][0m [gigapath] thumbnails). If none are staged yet, the run stops cleanly at that step.
Note: Environment variable`HF_TOKEN` is set and is the current active token independently from the token you've just configured.
[1;33m[pfm:warn][0m [mSTAR] note: reads real TCGA images from the configured paths (PFM_PATCH_DIR ->
[1;33m[pfm:warn][0m [mSTAR] thumbnails). If none are staged yet, the run stops cleanly at that step.
Note: Environment variable`HF_TOKEN` is set and is the current active token independently from the token you've just configured.
[1;33m[pfm:warn][0m [exaone-path] note: reads real TCGA images from the configured paths (PFM_PATCH_DIR ->
[1;33m[pfm:warn][0m [exaone-path] thumbnails). If none are staged yet, the run stops cleanly at that step.
Note: Environment variable`HF_TOKEN` is set and is the current active token independently from the token you've just configured.
Fetching 41 files:   0%|          | 0/41 [00:00<?, ?it/s]Fetching 41 files: 100%|Ō¢łŌ¢łŌ¢łŌ¢łŌ¢łŌ¢łŌ¢łŌ¢łŌ¢łŌ¢ł| 41/41 [00:00<00:00, 3014.73it/s]
Loading weights:   0%|          | 0/150 [00:00<?, ?it/s]Loading weights: 100%|Ō¢łŌ¢łŌ¢łŌ¢łŌ¢łŌ¢łŌ¢łŌ¢łŌ¢łŌ¢ł| 150/150 [00:00<00:00, 2440.56it/s]
[1;33m[pfm:warn][0m [phikon] note: reads real TCGA images from the configured paths (PFM_PATCH_DIR ->
[1;33m[pfm:warn][0m [phikon] thumbnails). If none are staged yet, the run stops cleanly at that step.
Note: Environment variable`HF_TOKEN` is set and is the current active token independently from the token you've just configured.
Loading weights:   0%|          | 0/439 [00:00<?, ?it/s]Loading weights:  16%|Ō¢łŌ¢ī        | 70/439 [00:00<00:00, 698.67it/s]Loading weights:  32%|Ō¢łŌ¢łŌ¢łŌ¢Å      | 140/439 [00:00<00:00, 611.26it/s]Loading weights: 100%|Ō¢łŌ¢łŌ¢łŌ¢łŌ¢łŌ¢łŌ¢łŌ¢łŌ¢łŌ¢ł| 439/439 [00:00<00:00, 1519.26it/s]
[1;33m[pfm:warn][0m [h-optimus] note: reads real TCGA images from the configured paths (PFM_PATCH_DIR ->
[1;33m[pfm:warn][0m [h-optimus] thumbnails). If none are staged yet, the run stops cleanly at that step.
Note: Environment variable`HF_TOKEN` is set and is the current active token independently from the token you've just configured.
[1;33m[pfm:warn][0m [h-optimus] exited with code 75 (likely the missing-data step -- see log above).
[1;33m[pfm:warn][0m [hipt] note: reads real TCGA images from the configured paths (PFM_PATCH_DIR ->
[1;33m[pfm:warn][0m [hipt] thumbnails). If none are staged yet, the run stops cleanly at that step.
Note: Environment variable`HF_TOKEN` is set and is the current active token independently from the token you've just configured.
/scratch/users/akshatg/stanf_pfm/runtime/repos/HIPT/HIPT_4K/hipt_model_utils.py:61: FutureWarning: You are using `torch.load` with `weights_only=False` (the current default value), which uses the default pickle module implicitly. It is possible to construct malicious pickle data which will execute arbitrary code during unpickling (See https://github.com/pytorch/pytorch/blob/main/SECURITY.md#untrusted-models for more details). In a future release, the default value for `weights_only` will be flipped to `True`. This limits the functions that could be executed during unpickling. Arbitrary objects will no longer be allowed to be loaded via this mode unless they are explicitly allowlisted by the user via `torch.serialization.add_safe_globals`. We recommend you start setting `weights_only=True` for any use case where you don't have full control of the loaded file. Please open an issue on GitHub for any issues related to this experimental feature.
  state_dict = torch.load(pretrained_weights, map_location="cpu")
INFO:    Terminating fuse-overlayfs after timeout
INFO:    Timeouts can be caused by a running background process
