16:15:12 | INFO     | tcga.pipeline | Pipeline steps: ['etl', 'manifest', 'tile_slides', 'download', 'gene_matrix', 'assemble']
16:15:12 | INFO     | tcga.pipeline | Projects: ['TCGA-LUAD', 'TCGA-LUSC', 'TCGA-LGG', 'TCGA-GBM']
16:15:12 | INFO     | tcga.pipeline | Data dir: /tcga_data
16:15:12 | INFO     | tcga.pipeline | ============================================================
16:15:12 | INFO     | tcga.pipeline | STEP: etl
16:15:12 | INFO     | tcga.pipeline | ============================================================
16:15:49 | INFO     | tcga.pipeline | Slide table: 6845 rows, 36 columns
16:15:49 | INFO     | tcga.pipeline | Saved slide table → /tcga_data/tables/slide_table.parquet
16:15:49 | INFO     | tcga.pipeline | ============================================================
16:15:49 | INFO     | tcga.pipeline | STEP: manifest
16:15:49 | INFO     | tcga.pipeline | ============================================================
16:15:50 | INFO     | tcga.pipeline | Slide manifest → /tcga_data/manifests/slides_manifest.txt
16:15:50 | INFO     | tcga.pipeline | MAF manifest   → /tcga_data/manifests/maf_manifest.txt
16:15:50 | INFO     | tcga.pipeline | Stratified subset: 142 slides across projects {'TCGA-GBM': 36, 'TCGA-LGG': 36, 'TCGA-LUAD': 35, 'TCGA-LUSC': 35}
16:15:50 | INFO     | tcga.pipeline | Subset slide manifest (142 files) → /tcga_data/manifests/slides_manifest_subset.txt
16:15:50 | INFO     | tcga.pipeline | Subset MAF manifest (for the 142 subset slides) → /tcga_data/manifests/maf_manifest_subset.txt
16:15:50 | INFO     | tcga.pipeline | ============================================================
16:15:50 | INFO     | tcga.pipeline | STEP: tile_slides
16:15:50 | INFO     | tcga.pipeline | ============================================================
16:15:50 | INFO     | tcga.pipeline | Staged subset: 142 slides (~50.6 GB) across {'TCGA-GBM': 36, 'TCGA-LGG': 36, 'TCGA-LUAD': 35, 'TCGA-LUSC': 35}
16:17:52 | INFO     | tcga.slide_tiler | tiled a9f5306a-1e02-4936-9fba-77834bd4fb9f -> 5609 tissue patches (level=0, 256px)
16:18:01 | INFO     | tcga.slide_tiler | tiled d6cf2938-e26c-47fe-8c47-ea96462f0845 -> 7356 tissue patches (level=0, 256px)
16:18:24 | INFO     | tcga.slide_tiler | tiled 8b31bea0-df9b-43ed-a3f8-f904ffb726f8 -> 1281 tissue patches (level=0, 256px)
16:19:18 | INFO     | tcga.slide_tiler | tiled 8ae90263-bf55-4a02-9a6b-9e02aa256606 -> 4748 tissue patches (level=0, 256px)
16:19:21 | INFO     | tcga.slide_tiler | tiled 4f65d8d8-a4b3-451f-b497-5e489f46ada1 -> 11497 tissue patches (level=0, 256px)
16:20:13 | INFO     | tcga.slide_tiler | tiled c1fccb4e-6bed-4177-9d9c-2f8788f7b484 -> 25464 tissue patches (level=0, 256px)
16:22:35 | INFO     | tcga.slide_tiler | tiled 2bb765c6-d3f8-4f6f-9f25-57d3d99ec5d3 -> 34119 tissue patches (level=0, 256px)
16:23:11 | INFO     | tcga.slide_tiler | tiled c2620186-ad6f-46e8-a408-a8061b935699 -> 38606 tissue patches (level=0, 256px)
16:23:33 | INFO     | tcga.slide_tiler | tiled 217338e1-32c2-4b36-beb0-842b362c84c3 -> 17038 tissue patches (level=0, 256px)
16:23:51 | INFO     | tcga.slide_tiler | tiled 8e38324c-8605-4f16-a842-082e4ffd94dd -> 1031 tissue patches (level=0, 256px)
16:24:20 | INFO     | tcga.slide_tiler | tiled b56528fa-5cb2-4769-ba79-c3f091d3ced3 -> 2582 tissue patches (level=0, 256px)
16:24:41 | INFO     | tcga.slide_tiler | tiled a3b366a5-5174-4030-8d1f-c55a1694b291 -> 10590 tissue patches (level=0, 256px)
16:25:10 | INFO     | tcga.slide_tiler | tiled d5d460e0-0431-4dc2-b6e0-5c0df0ca00b7 -> 4461 tissue patches (level=0, 256px)
16:25:16 | INFO     | tcga.slide_tiler | tiled cb5d80f3-d6e0-4348-8c77-0830e59de14c -> 3569 tissue patches (level=0, 256px)
16:25:50 | INFO     | tcga.slide_tiler | tiled ad918725-1b17-44a1-b301-148413a762c9 -> 3034 tissue patches (level=0, 256px)
16:26:01 | INFO     | tcga.slide_tiler | tiled 62c3c0b4-ca9c-4b8c-b95d-6e2bc49e9590 -> 948 tissue patches (level=0, 256px)
16:26:03 | INFO     | tcga.slide_tiler | tiled f78f70cd-1122-4e9b-82a8-a2f7b3e39bcb -> 35537 tissue patches (level=0, 256px)
16:26:44 | INFO     | tcga.slide_tiler | tiled 964296ab-b0df-4ceb-ad52-4a3fa0efc108 -> 23444 tissue patches (level=0, 256px)
16:27:36 | INFO     | tcga.slide_tiler | tiled 89a63ffc-a081-47ad-93ec-ae418182a33d -> 3713 tissue patches (level=0, 256px)
16:27:42 | INFO     | tcga.slide_tiler | tiled c39cf5d9-14d7-4f41-81aa-2c9a1563d1e4 -> 282 tissue patches (level=0, 256px)
16:28:32 | INFO     | tcga.slide_tiler | tiled 9b6a32f7-07bb-4e59-aa64-487c6a43edab -> 51244 tissue patches (level=0, 256px)
16:31:03 | INFO     | tcga.slide_tiler | tiled 3b9b6712-5409-45b1-8f2f-1d868d09be14 -> 11666 tissue patches (level=0, 256px)
16:31:28 | INFO     | tcga.slide_tiler | tiled 65e1d50a-e8ba-454f-a0b0-7d144ecf557c -> 41848 tissue patches (level=0, 256px)
16:32:30 | INFO     | tcga.slide_tiler | tiled 52e2fcc8-cbc7-4239-ae63-34b8fd55d120 -> 29303 tissue patches (level=0, 256px)
16:33:58 | INFO     | tcga.slide_tiler | tiled e59a1c87-0c55-4eb4-b404-f58b012b6a0e -> 13691 tissue patches (level=0, 256px)
16:34:01 | INFO     | tcga.slide_tiler | tiled 748f9118-890d-4a34-90d8-844e341e16b9 -> 43953 tissue patches (level=0, 256px)
16:34:05 | INFO     | tcga.slide_tiler | tiled 35b59b29-59d6-4c03-a60f-dfd4541484e3 -> 80488 tissue patches (level=0, 256px)
16:34:10 | INFO     | tcga.slide_tiler | tiled 6b2bfcc9-08d2-4f9a-9cda-239291ee25bf -> 265 tissue patches (level=0, 256px)
16:34:41 | INFO     | tcga.slide_tiler | tiled faf7bfbc-75d1-4c43-944f-933b8f863705 -> 42953 tissue patches (level=0, 256px)
16:35:00 | INFO     | tcga.slide_tiler | tiled a0c9609d-573f-4f28-8d8e-99c5a91ce991 -> 27307 tissue patches (level=0, 256px)
16:35:32 | INFO     | tcga.slide_tiler | tiled 2fbc3ed1-8e87-4012-a0cb-5dfb6af272b3 -> 1520 tissue patches (level=0, 256px)
16:35:37 | INFO     | tcga.slide_tiler | tiled 3baacf13-ee12-453b-a35e-30223972284b -> 323 tissue patches (level=0, 256px)
16:35:56 | INFO     | tcga.slide_tiler | tiled 3f390b4d-487c-4f41-93a3-292fa5fc7466 -> 21040 tissue patches (level=0, 256px)
16:36:11 | INFO     | tcga.slide_tiler | tiled 7316cf99-dff8-4f59-a0e0-c3ba3eb8dce5 -> 7342 tissue patches (level=0, 256px)
16:36:19 | WARNING  | tcga.slide_stager | download f70be3ea-1213-4006-8822-b7ce7bdf50c9 attempt 1/4 failed (('Connection aborted.', RemoteDisconnected('Remote end closed connection without response'))) -- retrying
16:36:34 | INFO     | tcga.slide_tiler | tiled 4b4b4465-0b06-4f42-a4e3-e36fc777f643 -> 1697 tissue patches (level=0, 256px)
16:36:41 | INFO     | tcga.slide_tiler | tiled 258a5fb6-f212-4a6a-a43a-75541f043038 -> 981 tissue patches (level=0, 256px)
16:37:23 | INFO     | tcga.slide_tiler | tiled b08537ca-d00f-4b73-bcdd-3c65b42a0272 -> 12801 tissue patches (level=0, 256px)
16:38:18 | INFO     | tcga.slide_tiler | tiled ecbda866-74d0-470b-81dd-3741dc7b473b -> 3326 tissue patches (level=0, 256px)
16:38:25 | INFO     | tcga.slide_tiler | tiled fe0b9f2c-d38d-487a-a67d-b2ab021f42ee -> 327 tissue patches (level=0, 256px)
16:39:02 | INFO     | tcga.slide_tiler | tiled fc98f784-63cc-40e3-9a9b-8938299c63e1 -> 2324 tissue patches (level=0, 256px)
16:40:26 | INFO     | tcga.slide_tiler | tiled 6048f510-f81e-493a-afdb-64a8ebd34524 -> 21702 tissue patches (level=0, 256px)
16:40:40 | INFO     | tcga.slide_tiler | tiled 13d9a55e-1b18-4594-a19a-9e08528e5a08 -> 686 tissue patches (level=0, 256px)
16:40:40 | WARNING  | tcga.slide_stager | download 68efd10b-124c-4566-b988-6fc32f2e492c attempt 1/4 failed (('Connection aborted.', RemoteDisconnected('Remote end closed connection without response'))) -- retrying
16:41:47 | INFO     | tcga.slide_tiler | tiled 93e32250-4a6d-4183-86ae-7e704377b146 -> 27097 tissue patches (level=0, 256px)
16:43:58 | INFO     | tcga.slide_tiler | tiled 0dc5ee49-a26d-48d4-906d-76544aa8225f -> 58902 tissue patches (level=0, 256px)
16:44:09 | INFO     | tcga.slide_tiler | tiled 35ff3b92-0466-4645-af63-e755f2b4d1d9 -> 13991 tissue patches (level=0, 256px)
16:45:49 | INFO     | tcga.slide_tiler | tiled 48a7678c-41ef-4071-a035-3c1793d34c81 -> 38341 tissue patches (level=0, 256px)
16:45:49 | INFO     | tcga.slide_tiler | tiled 106c90c5-d5e1-4fd6-84d7-77b708f6e11d -> 43658 tissue patches (level=0, 256px)
16:46:37 | INFO     | tcga.slide_tiler | tiled fda66180-a121-457c-aed9-636d9b113b01 -> 13436 tissue patches (level=0, 256px)
16:48:01 | INFO     | tcga.slide_tiler | tiled e488d7ed-888f-49d4-b28e-82dca5b8e4e9 -> 80614 tissue patches (level=0, 256px)
16:48:09 | INFO     | tcga.slide_tiler | tiled 0dab41a1-6038-416d-9cfe-680043dc3eac -> 13125 tissue patches (level=0, 256px)
16:48:12 | INFO     | tcga.slide_tiler | tiled bf1a671b-4c52-4784-8658-3a9d42e55f44 -> 7384 tissue patches (level=0, 256px)
16:48:27 | INFO     | tcga.slide_tiler | tiled a9e1a7c9-cd00-4c66-838b-555a5c91c2db -> 1001 tissue patches (level=0, 256px)
16:48:40 | INFO     | tcga.slide_tiler | tiled c26224ad-b3ec-47b8-9ea8-480a0d4f12f1 -> 3537 tissue patches (level=0, 256px)
16:48:45 | INFO     | tcga.slide_tiler | tiled 3df9f746-7925-4d0c-8a78-bdeb27c6c7ba -> 2704 tissue patches (level=0, 256px)
16:49:22 | INFO     | tcga.slide_tiler | tiled c35ba437-7df7-4c5c-8d45-47a84e627b32 -> 20346 tissue patches (level=0, 256px)
16:50:23 | INFO     | tcga.slide_tiler | tiled 028af1fe-a1a3-4589-ab4f-8b5fcefbd5c7 -> 3315 tissue patches (level=0, 256px)
16:51:43 | INFO     | tcga.slide_tiler | tiled 85453c81-8e02-4c39-8a28-f95967895628 -> 75935 tissue patches (level=0, 256px)
16:52:02 | INFO     | tcga.slide_tiler | tiled 2b9e9749-3cdc-4560-8960-d30b9dbbd2ee -> 6638 tissue patches (level=0, 256px)
16:52:30 | INFO     | tcga.slide_tiler | tiled 8a22d88d-afcc-4a61-b267-780d5d738f36 -> 1766 tissue patches (level=0, 256px)
16:53:20 | INFO     | tcga.slide_tiler | tiled e59facab-ab32-4d8d-bf11-c68de16f2a8e -> 8096 tissue patches (level=0, 256px)
16:53:58 | INFO     | tcga.slide_tiler | tiled f6eae146-f019-4458-9186-4ef7e6f9b22f -> 2695 tissue patches (level=0, 256px)
16:54:22 | INFO     | tcga.slide_tiler | tiled ad5b4e6f-eb3b-4c73-abaf-7e1b8f1a9b26 -> 56245 tissue patches (level=0, 256px)
16:54:30 | INFO     | tcga.slide_tiler | tiled 597ed83f-64ef-4649-8599-bdd4be3bb167 -> 7430 tissue patches (level=0, 256px)
16:54:38 | INFO     | tcga.slide_tiler | tiled d7448610-4a7c-4dc6-8775-f17de852a68c -> 1323 tissue patches (level=0, 256px)
16:54:39 | INFO     | tcga.slide_tiler | tiled aef47920-7611-4f71-8942-3fbc0c7aeb03 -> 4384 tissue patches (level=0, 256px)
16:54:46 | INFO     | tcga.slide_tiler | tiled 1d04e2ab-84fc-49f1-b983-ad57bd3ff496 -> 1406 tissue patches (level=0, 256px)
16:55:15 | INFO     | tcga.slide_tiler | tiled 61d9b60c-2a60-4f53-b0f1-36a09b278c39 -> 34471 tissue patches (level=0, 256px)
16:55:20 | INFO     | tcga.slide_tiler | tiled ab827fb4-6f7f-4ad0-9ee1-2690eec7f568 -> 32818 tissue patches (level=0, 256px)
16:55:26 | INFO     | tcga.slide_tiler | tiled 9fcff907-953d-4e32-837f-4a2f82c5bb59 -> 357 tissue patches (level=0, 256px)
16:55:44 | INFO     | tcga.slide_tiler | tiled 6aec9490-87b2-43b5-8389-913edb1dcb12 -> 1877 tissue patches (level=0, 256px)
16:56:15 | INFO     | tcga.slide_tiler | tiled 083d369f-9333-4fe9-99f2-115eb5db3a3c -> 3974 tissue patches (level=0, 256px)
16:56:18 | INFO     | tcga.slide_tiler | tiled cf388f43-5201-4d9c-87a9-330ecf7581fe -> 2156 tissue patches (level=0, 256px)
16:56:27 | INFO     | tcga.slide_tiler | tiled 73fc3783-e661-484c-87eb-2f0127d15970 -> 816 tissue patches (level=0, 256px)
16:57:35 | INFO     | tcga.slide_tiler | tiled ae248361-8091-4127-a148-608751a4ac65 -> 4773 tissue patches (level=0, 256px)
16:58:08 | INFO     | tcga.slide_tiler | tiled 8422579f-191d-41eb-afb6-c10c8efa94d0 -> 2829 tissue patches (level=0, 256px)
16:58:49 | INFO     | tcga.slide_tiler | tiled 07d06bde-21ef-4ee8-86ff-1cae6981b357 -> 14188 tissue patches (level=0, 256px)
16:59:02 | INFO     | tcga.slide_tiler | tiled c6abc246-87b8-4158-a590-9e660bfc0988 -> 4569 tissue patches (level=0, 256px)
16:59:21 | INFO     | tcga.slide_tiler | tiled 459126fb-76b3-41d3-8a00-c575e3342045 -> 26564 tissue patches (level=0, 256px)
16:59:33 | INFO     | tcga.slide_tiler | tiled 2e60ce88-7397-43b2-849f-d2054f8d1587 -> 3635 tissue patches (level=0, 256px)
16:59:41 | INFO     | tcga.slide_tiler | tiled 484e5654-5309-4a74-95b2-73e958325060 -> 29769 tissue patches (level=0, 256px)
16:59:54 | INFO     | tcga.slide_tiler | tiled c401f480-84f4-4269-a633-1fd1a02aaa47 -> 3407 tissue patches (level=0, 256px)
17:00:30 | INFO     | tcga.slide_tiler | tiled bea7a374-bcf5-4238-ad04-40f9a1fa3d3c -> 61465 tissue patches (level=0, 256px)
17:00:48 | INFO     | tcga.slide_tiler | tiled ea7a39e2-e249-48c1-a7e3-0f006004e508 -> 7669 tissue patches (level=0, 256px)
17:01:05 | INFO     | tcga.slide_tiler | tiled 5defdd3c-e8ab-4b69-b857-4903584f3b62 -> 6487 tissue patches (level=0, 256px)
17:01:07 | INFO     | tcga.slide_tiler | tiled 38cc8b40-c29d-41d9-965c-21c2091c2f08 -> 1793 tissue patches (level=0, 256px)
17:01:43 | INFO     | tcga.slide_tiler | tiled 39536ef2-2cee-4f71-8fb3-012fed9203cd -> 15625 tissue patches (level=0, 256px)
17:02:22 | INFO     | tcga.slide_tiler | tiled 5ca89eeb-5e87-4f17-81d6-8eff5aa843c5 -> 10074 tissue patches (level=0, 256px)
17:02:25 | INFO     | tcga.slide_tiler | tiled 4a011faf-664c-4d71-bda8-1354b48960d7 -> 6635 tissue patches (level=0, 256px)
17:02:57 | INFO     | tcga.slide_tiler | tiled 4c9f604e-f883-4585-9b60-3c301d41d37c -> 3092 tissue patches (level=0, 256px)
17:03:50 | INFO     | tcga.slide_tiler | tiled d425a9b6-2465-42c2-9ea4-becb1e109f28 -> 48289 tissue patches (level=0, 256px)
17:04:50 | INFO     | tcga.slide_tiler | tiled eef90c86-dc6c-4fe2-80e8-44250b4f002f -> 3161 tissue patches (level=0, 256px)
17:05:42 | INFO     | tcga.slide_tiler | tiled 08d52e6f-a28c-49b4-b323-0dfb1fc0c70d -> 4253 tissue patches (level=0, 256px)
17:06:32 | INFO     | tcga.slide_tiler | tiled 12a70470-317a-4a67-a853-dc5f7e3f673c -> 34475 tissue patches (level=0, 256px)
17:07:46 | INFO     | tcga.slide_tiler | tiled abc97877-91c5-461e-aca8-cc1fc05c3e1a -> 20157 tissue patches (level=0, 256px)
17:07:53 | INFO     | tcga.slide_tiler | tiled 42456c1b-c41b-4a42-9367-cd0a21d38c46 -> 50281 tissue patches (level=0, 256px)
17:08:01 | INFO     | tcga.slide_tiler | tiled d40b8758-20ca-4d59-88bb-502cceed8995 -> 907 tissue patches (level=0, 256px)
17:08:08 | INFO     | tcga.slide_tiler | tiled 0610ef78-db46-4335-ba6e-87f92c9b389a -> 35190 tissue patches (level=0, 256px)
17:08:35 | INFO     | tcga.slide_tiler | tiled b6881dd0-e2dd-4b32-853c-9729ce0a02f3 -> 2879 tissue patches (level=0, 256px)
17:08:44 | INFO     | tcga.slide_tiler | tiled ff890643-cd25-4528-ab56-1d866053de60 -> 2588 tissue patches (level=0, 256px)
17:10:18 | INFO     | tcga.slide_tiler | tiled 67e3208d-4a25-407c-8c41-50c31926cdfb -> 56118 tissue patches (level=0, 256px)
17:10:39 | INFO     | tcga.slide_tiler | tiled 6ba16858-9140-403f-ab71-44ce797e7c7f -> 6517 tissue patches (level=0, 256px)
17:11:15 | INFO     | tcga.slide_tiler | tiled b34e7c65-2656-428c-864e-57f74261fb62 -> 4199 tissue patches (level=0, 256px)
17:11:33 | INFO     | tcga.slide_tiler | tiled ec8f181a-3ecb-4a27-995a-13303416016d -> 2821 tissue patches (level=0, 256px)
17:11:51 | INFO     | tcga.slide_tiler | tiled 42c0c5ec-c984-400b-bf40-9f65747c7ece -> 864 tissue patches (level=0, 256px)
17:12:51 | INFO     | tcga.slide_tiler | tiled c6218ec0-829c-4a01-b160-29a634ea98fa -> 42269 tissue patches (level=0, 256px)
17:13:08 | INFO     | tcga.slide_tiler | tiled 8aec5340-6ca5-4b80-915e-87e6a762bd9a -> 6185 tissue patches (level=0, 256px)
17:13:40 | INFO     | tcga.slide_tiler | tiled 37d09bf3-7810-4b6f-87d8-28b6a967d497 -> 17752 tissue patches (level=0, 256px)
17:13:50 | INFO     | tcga.slide_tiler | tiled f4f8aaf4-85ac-438d-969d-0aaecad81f8e -> 13201 tissue patches (level=0, 256px)
17:14:26 | INFO     | tcga.slide_tiler | tiled 769d7702-02b6-4f1f-a061-056f2e51bf9c -> 10324 tissue patches (level=0, 256px)
17:14:29 | INFO     | tcga.slide_tiler | tiled 8de53327-4d6d-48bc-a13a-8dd1bad32ccb -> 4006 tissue patches (level=0, 256px)
17:14:42 | INFO     | tcga.slide_tiler | tiled fbd5bbd8-703a-4d5a-b3d5-eca5d8c8e948 -> 11129 tissue patches (level=0, 256px)
17:14:54 | INFO     | tcga.slide_tiler | tiled 9a016e1d-0b98-44a9-8f27-5931d6e289f5 -> 18335 tissue patches (level=0, 256px)
17:15:04 | INFO     | tcga.slide_tiler | tiled e4df80c6-2d78-47ce-9e40-12e5fbe657cf -> 3510 tissue patches (level=0, 256px)
17:15:08 | INFO     | tcga.slide_tiler | tiled 5cb42424-6f32-4b0f-bad8-036f628761ae -> 3529 tissue patches (level=0, 256px)
17:15:20 | INFO     | tcga.slide_tiler | tiled 4679e7c3-c216-4c89-98fa-473fc9f16746 -> 7325 tissue patches (level=0, 256px)
17:15:30 | INFO     | tcga.slide_tiler | tiled 51202570-8777-49de-876f-93d7abf7b248 -> 1510 tissue patches (level=0, 256px)
17:15:41 | INFO     | tcga.slide_tiler | tiled cbb39c07-f935-4a9d-8a15-2da068d29fe3 -> 4367 tissue patches (level=0, 256px)
17:15:49 | INFO     | tcga.slide_tiler | tiled 6b35531b-44e2-4bc8-b6ca-73237097281b -> 4276 tissue patches (level=0, 256px)
17:16:13 | INFO     | tcga.slide_tiler | tiled 5933b4e3-38f7-43b1-b9e5-e9af17cd2548 -> 3741 tissue patches (level=0, 256px)
17:16:22 | INFO     | tcga.slide_tiler | tiled eb7bfa8a-59ba-4d87-b2c7-a88c593cae68 -> 2031 tissue patches (level=0, 256px)
17:17:02 | INFO     | tcga.slide_tiler | tiled e85993b2-c783-4571-a562-373df206d2ff -> 955 tissue patches (level=0, 256px)
17:18:00 | INFO     | tcga.slide_tiler | tiled b3bdc422-1e9d-441e-b646-dbd64f60aad3 -> 7976 tissue patches (level=0, 256px)
17:19:05 | INFO     | tcga.slide_tiler | tiled 0eb9f716-7dc1-4547-b32c-744a64babe40 -> 3638 tissue patches (level=0, 256px)
17:19:29 | INFO     | tcga.slide_tiler | tiled 26af9a01-7350-413d-8472-b9e3e1eb656e -> 11171 tissue patches (level=0, 256px)
17:20:10 | INFO     | tcga.slide_tiler | tiled 21fdb510-1532-43ab-aaa6-c5790f1ff474 -> 6491 tissue patches (level=0, 256px)
17:20:23 | INFO     | tcga.slide_tiler | tiled a2fb7679-fb9f-4e80-855f-77877c694d26 -> 787 tissue patches (level=0, 256px)
17:20:25 | INFO     | tcga.slide_tiler | tiled 4b951ce9-2241-4caa-9db8-e41dc3631019 -> 21735 tissue patches (level=0, 256px)
17:20:40 | INFO     | tcga.slide_tiler | tiled 53aff731-236e-4e9f-8938-30d1b76541f9 -> 868 tissue patches (level=0, 256px)
17:22:27 | INFO     | tcga.slide_tiler | tiled 947cf090-faf5-4bdc-b83b-b29c06ae0efb -> 84666 tissue patches (level=0, 256px)
17:22:56 | INFO     | tcga.slide_tiler | tiled 22b93b82-0e44-4f6e-9917-355037488c9a -> 6923 tissue patches (level=0, 256px)
17:23:07 | INFO     | tcga.slide_tiler | tiled 7fa17978-04c5-45cc-9548-0e231b3fabce -> 7519 tissue patches (level=0, 256px)
17:24:16 | INFO     | tcga.slide_tiler | tiled f203b449-116b-47b5-b47b-5ddcfcb3af3a -> 19735 tissue patches (level=0, 256px)
17:24:46 | INFO     | tcga.slide_tiler | tiled cf1d5648-6469-4be7-b19d-a90cde351d47 -> 7384 tissue patches (level=0, 256px)
17:24:53 | INFO     | tcga.slide_tiler | tiled 4744a441-4743-4916-ab7b-6205a8781ea6 -> 14287 tissue patches (level=0, 256px)
17:25:21 | INFO     | tcga.slide_tiler | tiled f9161a4c-f7aa-40e5-abdf-b245365c8eaf -> 3087 tissue patches (level=0, 256px)
17:25:41 | INFO     | tcga.slide_tiler | tiled 9fc70049-abd4-47cb-a166-d4d74f50f984 -> 50931 tissue patches (level=0, 256px)
17:25:41 | INFO     | tcga.slide_tiler | tiled ec359396-7a55-4969-bb91-13e91a972126 -> 17915 tissue patches (level=0, 256px)
17:26:00 | INFO     | tcga.slide_tiler | tiled ae99233e-bfa3-4e6a-aeb9-6a3f090dfc21 -> 6510 tissue patches (level=0, 256px)
17:26:56 | INFO     | tcga.slide_tiler | tiled bd2e1297-86ba-466d-9fc2-39de3fdd972c -> 5536 tissue patches (level=0, 256px)
17:27:21 | INFO     | tcga.slide_tiler | tiled c4171841-2cd2-43e2-bc05-f051766e7aa6 -> 51927 tissue patches (level=0, 256px)
17:33:19 | INFO     | tcga.slide_tiler | tiled 67037acb-56a5-46b4-81d8-c5c0fa99fdde -> 37751 tissue patches (level=0, 256px)
17:34:41 | INFO     | tcga.slide_tiler | tiled 58265df1-976a-4403-969a-3041c73df774 -> 45563 tissue patches (level=0, 256px)
17:34:41 | INFO     | tcga.slide_stager | tile_process: 142 slides tiled (2263652 patches total, 0 reused-cache), 0 already-tiled, 0 failed
17:34:41 | INFO     | tcga.pipeline | Tiled 142 slides -> 2263652 patches; extraction reads PFM_PATCH_DIR=/tcga_data/patches
17:34:41 | INFO     | tcga.pipeline | ============================================================
17:34:41 | INFO     | tcga.pipeline | STEP: download
17:34:41 | INFO     | tcga.pipeline | ============================================================
17:34:41 | INFO     | tcga.pipeline | Downloading MAF files from /tcga_data/manifests/maf_manifest_subset.txt …
17:34:41 | INFO     | tcga.downloader | Downloading 61/61 files (0 already exist)
17:34:47 | INFO     | tcga.downloader | Progress: 50/61 downloaded
17:34:49 | INFO     | tcga.pipeline | MAF download completed: 61/61 files
17:34:49 | INFO     | tcga.pipeline | ============================================================
17:34:49 | INFO     | tcga.pipeline | STEP: gene_matrix
17:34:49 | INFO     | tcga.pipeline | ============================================================
17:34:49 | INFO     | tcga.gene_matrix | Resolving aliquot→sample batch 0-61 / 61
17:34:53 | INFO     | tcga.pipeline | Gene matrix (61, 7294) → /tcga_data/tables/gene_matrix.parquet
17:34:53 | INFO     | tcga.pipeline | ============================================================
17:34:53 | INFO     | tcga.pipeline | STEP: assemble
17:34:53 | INFO     | tcga.pipeline | ============================================================
17:34:57 | INFO     | tcga.pipeline | Merged gene matrix (4 genes) into slide table
17:34:57 | INFO     | tcga.pipeline | Final dataset: 6845 rows × 42 columns
17:34:57 | INFO     | tcga.pipeline | Saved → /tcga_data/tables/dataset.csv
17:34:57 | INFO     | tcga.pipeline | Saved → /tcga_data/tables/dataset.parquet
17:34:57 | INFO     | tcga.pipeline | ============================================================
17:34:57 | INFO     | tcga.pipeline | PIPELINE COMPLETE
17:34:57 | INFO     | tcga.pipeline | ============================================================
17:34:57 | INFO     | tcga.pipeline | Slide table : 6845 rows
17:34:59 | INFO     | tcga.pipeline | Gene matrix : 61 samples × 7294 genes
17:34:59 | INFO     | tcga.pipeline | Dataset     : 6845 rows × 42 columns
17:34:59 | INFO     | tcga.pipeline | Output      : /tcga_data/tables/dataset.csv
17:34:59 | INFO     | __main__ | Done. Dataset at: /tcga_data/tables/dataset.csv
[1;33m[pfm:warn][0m [conch] note: reads real TCGA images from the configured paths (PFM_PATCH_DIR ->
[1;33m[pfm:warn][0m [uni2] note: reads real TCGA images from the configured paths (PFM_PATCH_DIR ->
[1;33m[pfm:warn][0m [uni2] thumbnails). If none are staged yet, the run stops cleanly at that step.
[1;33m[pfm:warn][0m [conch] thumbnails). If none are staged yet, the run stops cleanly at that step.
[1;33m[pfm:warn][0m [virchow] note: reads real TCGA images from the configured paths (PFM_PATCH_DIR ->
[1;33m[pfm:warn][0m [virchow] thumbnails). If none are staged yet, the run stops cleanly at that step.
Note: Environment variable`HF_TOKEN` is set and is the current active token independently from the token you've just configured.
Note: Environment variable`HF_TOKEN` is set and is the current active token independently from the token you've just configured.
Note: Environment variable`HF_TOKEN` is set and is the current active token independently from the token you've just configured.
/scratch/users/akshatg/stanf_pfm/runtime/venvs/conch/lib/python3.11/site-packages/timm/models/layers/__init__.py:49: FutureWarning: Importing from timm.models.layers is deprecated, please import via timm.layers
  warnings.warn(f"Importing from {__name__} is deprecated, please import via timm.layers", FutureWarning)
/scratch/users/akshatg/stanf_pfm/runtime/venvs/conch/lib/python3.11/site-packages/conch/open_clip_custom/factory.py:18: FutureWarning: You are using `torch.load` with `weights_only=False` (the current default value), which uses the default pickle module implicitly. It is possible to construct malicious pickle data which will execute arbitrary code during unpickling (See https://github.com/pytorch/pytorch/blob/main/SECURITY.md#untrusted-models for more details). In a future release, the default value for `weights_only` will be flipped to `True`. This limits the functions that could be executed during unpickling. Arbitrary objects will no longer be allowed to be loaded via this mode unless they are explicitly allowlisted by the user via `torch.serialization.add_safe_globals`. We recommend you start setting `weights_only=True` for any use case where you don't have full control of the loaded file. Please open an issue on GitHub for any issues related to this experimental feature.
  checkpoint = torch.load(checkpoint_path, map_location=map_location)
[2026-07-06T22:15:21.017] error: *** JOB 32940211 ON sh03-12n13 CANCELLED AT 2026-07-06T22:15:21 DUE TO TIME LIMIT ***
