13:28:56 | INFO     | tcga.pipeline | Pipeline steps: ['etl', 'manifest', 'tile_slides', 'download', 'gene_matrix', 'assemble']
13:28:56 | INFO     | tcga.pipeline | Projects: ['TCGA-LUAD', 'TCGA-LUSC', 'TCGA-LGG', 'TCGA-GBM']
13:28:56 | INFO     | tcga.pipeline | Data dir: /tcga_data
13:28:56 | INFO     | tcga.pipeline | ============================================================
13:28:56 | INFO     | tcga.pipeline | STEP: etl
13:28:56 | INFO     | tcga.pipeline | ============================================================
13:28:56 | INFO     | tcga.pipeline | Slide table already exists at /tcga_data/tables/slide_table.parquet — skipping ETL
13:28:57 | INFO     | tcga.pipeline | ============================================================
13:28:57 | INFO     | tcga.pipeline | STEP: manifest
13:28:57 | INFO     | tcga.pipeline | ============================================================
13:28:57 | INFO     | tcga.pipeline | Manifests already exist — skipping manifest generation
13:28:57 | INFO     | tcga.pipeline | ============================================================
13:28:57 | INFO     | tcga.pipeline | STEP: tile_slides
13:28:57 | INFO     | tcga.pipeline | ============================================================
13:28:57 | INFO     | tcga.pipeline | Staged subset: 7 slides (~4.5 GB) across {'TCGA-GBM': 2, 'TCGA-LGG': 2, 'TCGA-LUAD': 2, 'TCGA-LUSC': 1}
13:29:32 | INFO     | tcga.slide_tiler | tiled c1fccb4e-6bed-4177-9d9c-2f8788f7b484 -> 256 tissue patches (level=0, 256px)
13:29:42 | INFO     | tcga.slide_tiler | tiled d6cf2938-e26c-47fe-8c47-ea96462f0845 -> 256 tissue patches (level=0, 256px)
13:29:49 | INFO     | tcga.slide_tiler | tiled a9f5306a-1e02-4936-9fba-77834bd4fb9f -> 256 tissue patches (level=0, 256px)
13:30:10 | INFO     | tcga.slide_tiler | tiled 4f65d8d8-a4b3-451f-b497-5e489f46ada1 -> 256 tissue patches (level=0, 256px)
13:30:44 | INFO     | tcga.slide_tiler | tiled 2bb765c6-d3f8-4f6f-9f25-57d3d99ec5d3 -> 256 tissue patches (level=0, 256px)
13:30:55 | INFO     | tcga.slide_tiler | tiled c2620186-ad6f-46e8-a408-a8061b935699 -> 256 tissue patches (level=0, 256px)
13:32:49 | INFO     | tcga.slide_tiler | tiled 9b6a32f7-07bb-4e59-aa64-487c6a43edab -> 256 tissue patches (level=0, 256px)
13:32:49 | INFO     | tcga.slide_stager | tile_process: 7 slides tiled (1792 patches total, 0 reused-cache), 0 already-tiled, 0 failed
13:32:49 | INFO     | tcga.pipeline | Tiled 7 slides -> 1792 patches; extraction reads PFM_PATCH_DIR=/lscratch/akshatg/tcga_patches
13:32:49 | INFO     | tcga.pipeline | ============================================================
13:32:49 | INFO     | tcga.pipeline | STEP: download
13:32:49 | INFO     | tcga.pipeline | ============================================================
13:32:49 | INFO     | tcga.pipeline | MAF files already downloaded (3/3) — skipping
13:32:49 | INFO     | tcga.pipeline | ============================================================
13:32:49 | INFO     | tcga.pipeline | STEP: gene_matrix
13:32:49 | INFO     | tcga.pipeline | ============================================================
13:32:49 | INFO     | tcga.pipeline | Gene matrix already exists at /tcga_data/tables/gene_matrix.parquet — loading
13:32:49 | INFO     | tcga.pipeline | ============================================================
13:32:49 | INFO     | tcga.pipeline | STEP: assemble
13:32:49 | INFO     | tcga.pipeline | ============================================================
13:32:52 | INFO     | tcga.pipeline | Merged gene matrix (4 genes) into slide table
13:32:53 | INFO     | tcga.pipeline | Final dataset: 6845 rows × 42 columns
13:32:53 | INFO     | tcga.pipeline | Saved → /tcga_data/tables/dataset.csv
13:32:53 | INFO     | tcga.pipeline | Saved → /tcga_data/tables/dataset.parquet
13:32:53 | INFO     | tcga.pipeline | ============================================================
13:32:53 | INFO     | tcga.pipeline | PIPELINE COMPLETE
13:32:53 | INFO     | tcga.pipeline | ============================================================
13:32:53 | INFO     | tcga.pipeline | Slide table : 6845 rows
13:32:54 | INFO     | tcga.pipeline | Gene matrix : 3 samples × 610 genes
13:32:54 | INFO     | tcga.pipeline | Dataset     : 6845 rows × 42 columns
13:32:54 | INFO     | tcga.pipeline | Output      : /tcga_data/tables/dataset.csv
13:32:54 | INFO     | __main__ | Done. Dataset at: /tcga_data/tables/dataset.csv
[1;33m[pfm:warn][0m [conch] note: reads real TCGA images from the configured paths (PFM_PATCH_DIR ->
[1;33m[pfm:warn][0m [conch] thumbnails). If none are staged yet, the run stops cleanly at that step.
Note: Environment variable`HF_TOKEN` is set and is the current active token independently from the token you've just configured.
/scratch/users/akshatg/stanf_pfm/runtime/venvs/conch/lib/python3.11/site-packages/timm/models/layers/__init__.py:49: FutureWarning: Importing from timm.models.layers is deprecated, please import via timm.layers
  warnings.warn(f"Importing from {__name__} is deprecated, please import via timm.layers", FutureWarning)
/scratch/users/akshatg/stanf_pfm/runtime/venvs/conch/lib/python3.11/site-packages/conch/open_clip_custom/factory.py:18: FutureWarning: You are using `torch.load` with `weights_only=False` (the current default value), which uses the default pickle module implicitly. It is possible to construct malicious pickle data which will execute arbitrary code during unpickling (See https://github.com/pytorch/pytorch/blob/main/SECURITY.md#untrusted-models for more details). In a future release, the default value for `weights_only` will be flipped to `True`. This limits the functions that could be executed during unpickling. Arbitrary objects will no longer be allowed to be loaded via this mode unless they are explicitly allowlisted by the user via `torch.serialization.add_safe_globals`. We recommend you start setting `weights_only=True` for any use case where you don't have full control of the loaded file. Please open an issue on GitHub for any issues related to this experimental feature.
  checkpoint = torch.load(checkpoint_path, map_location=map_location)
[1;33m[pfm:warn][0m [uni2] note: reads real TCGA images from the configured paths (PFM_PATCH_DIR ->
[1;33m[pfm:warn][0m [uni2] thumbnails). If none are staged yet, the run stops cleanly at that step.
Note: Environment variable`HF_TOKEN` is set and is the current active token independently from the token you've just configured.
[1;33m[pfm:warn][0m [virchow] note: reads real TCGA images from the configured paths (PFM_PATCH_DIR ->
[1;33m[pfm:warn][0m [virchow] thumbnails). If none are staged yet, the run stops cleanly at that step.
Note: Environment variable`HF_TOKEN` is set and is the current active token independently from the token you've just configured.
[1;33m[pfm:warn][0m [virchow2] note: reads real TCGA images from the configured paths (PFM_PATCH_DIR ->
[1;33m[pfm:warn][0m [virchow2] thumbnails). If none are staged yet, the run stops cleanly at that step.
Note: Environment variable`HF_TOKEN` is set and is the current active token independently from the token you've just configured.
[2026-07-06T13:47:25.792] error: *** JOB 32926292 ON sh02-13n11 CANCELLED AT 2026-07-06T13:47:25 DUE to SIGNAL Terminated ***
