14:10:53 | INFO     | tcga.pipeline | Pipeline steps: ['etl', 'manifest', 'tile_slides', 'download', 'gene_matrix', 'assemble']
14:10:53 | INFO     | tcga.pipeline | Projects: ['TCGA-LUAD', 'TCGA-LUSC', 'TCGA-LGG', 'TCGA-GBM']
14:10:53 | INFO     | tcga.pipeline | Data dir: /tcga_data
14:10:53 | INFO     | tcga.pipeline | ============================================================
14:10:53 | INFO     | tcga.pipeline | STEP: etl
14:10:53 | INFO     | tcga.pipeline | ============================================================
14:11:26 | INFO     | tcga.pipeline | Slide table: 6845 rows, 36 columns
14:11:27 | INFO     | tcga.pipeline | Saved slide table → /tcga_data/tables/slide_table.parquet
14:11:27 | INFO     | tcga.pipeline | ============================================================
14:11:27 | INFO     | tcga.pipeline | STEP: manifest
14:11:27 | INFO     | tcga.pipeline | ============================================================
14:11:27 | INFO     | tcga.pipeline | Slide manifest → /tcga_data/manifests/slides_manifest.txt
14:11:27 | INFO     | tcga.pipeline | MAF manifest   → /tcga_data/manifests/maf_manifest.txt
14:11:27 | INFO     | tcga.pipeline | Stratified subset: 7 slides across projects {'TCGA-GBM': 2, 'TCGA-LGG': 2, 'TCGA-LUAD': 2, 'TCGA-LUSC': 1}
14:11:27 | INFO     | tcga.pipeline | Subset slide manifest (7 files) → /tcga_data/manifests/slides_manifest_subset.txt
14:11:27 | INFO     | tcga.pipeline | Subset MAF manifest (for the 7 subset slides) → /tcga_data/manifests/maf_manifest_subset.txt
14:11:27 | INFO     | tcga.pipeline | ============================================================
14:11:27 | INFO     | tcga.pipeline | STEP: tile_slides
14:11:27 | INFO     | tcga.pipeline | ============================================================
14:11:27 | INFO     | tcga.pipeline | Staged subset: 7 slides (~4.5 GB) across {'TCGA-GBM': 2, 'TCGA-LGG': 2, 'TCGA-LUAD': 2, 'TCGA-LUSC': 1}
14:12:44 | INFO     | tcga.slide_tiler | tiled c1fccb4e-6bed-4177-9d9c-2f8788f7b484 -> 128 tissue patches (level=0, 256px)
14:12:56 | INFO     | tcga.slide_tiler | tiled d6cf2938-e26c-47fe-8c47-ea96462f0845 -> 128 tissue patches (level=0, 256px)
14:13:01 | INFO     | tcga.slide_tiler | tiled a9f5306a-1e02-4936-9fba-77834bd4fb9f -> 128 tissue patches (level=0, 256px)
14:13:33 | INFO     | tcga.slide_tiler | tiled 4f65d8d8-a4b3-451f-b497-5e489f46ada1 -> 128 tissue patches (level=0, 256px)
14:14:50 | INFO     | tcga.slide_tiler | tiled 2bb765c6-d3f8-4f6f-9f25-57d3d99ec5d3 -> 128 tissue patches (level=0, 256px)
14:14:59 | INFO     | tcga.slide_tiler | tiled c2620186-ad6f-46e8-a408-a8061b935699 -> 128 tissue patches (level=0, 256px)
14:18:33 | INFO     | tcga.slide_tiler | tiled 9b6a32f7-07bb-4e59-aa64-487c6a43edab -> 128 tissue patches (level=0, 256px)
14:18:33 | INFO     | tcga.slide_stager | tile_process: 7 slides tiled (896 patches total, 0 reused-cache), 0 already-tiled, 0 failed
14:18:33 | INFO     | tcga.pipeline | Tiled 7 slides -> 896 patches; extraction reads PFM_PATCH_DIR=/lscratch/akshatg/tcga_patches
14:18:33 | INFO     | tcga.pipeline | ============================================================
14:18:33 | INFO     | tcga.pipeline | STEP: download
14:18:33 | INFO     | tcga.pipeline | ============================================================
14:18:33 | INFO     | tcga.pipeline | Downloading MAF files from /tcga_data/manifests/maf_manifest_subset.txt …
14:18:33 | INFO     | tcga.downloader | Downloading 3/3 files (0 already exist)
14:18:33 | INFO     | tcga.pipeline | MAF download completed: 3/3 files
14:18:33 | INFO     | tcga.pipeline | ============================================================
14:18:33 | INFO     | tcga.pipeline | STEP: gene_matrix
14:18:33 | INFO     | tcga.pipeline | ============================================================
14:18:34 | INFO     | tcga.gene_matrix | Resolving aliquot→sample batch 0-3 / 3
14:18:34 | INFO     | tcga.pipeline | Gene matrix (3, 610) → /tcga_data/tables/gene_matrix.parquet
14:18:34 | INFO     | tcga.pipeline | ============================================================
14:18:34 | INFO     | tcga.pipeline | STEP: assemble
14:18:34 | INFO     | tcga.pipeline | ============================================================
14:18:36 | INFO     | tcga.pipeline | Merged gene matrix (4 genes) into slide table
14:18:36 | INFO     | tcga.pipeline | Final dataset: 6845 rows × 42 columns
14:18:36 | INFO     | tcga.pipeline | Saved → /tcga_data/tables/dataset.csv
14:18:36 | INFO     | tcga.pipeline | Saved → /tcga_data/tables/dataset.parquet
14:18:36 | INFO     | tcga.pipeline | ============================================================
14:18:36 | INFO     | tcga.pipeline | PIPELINE COMPLETE
14:18:36 | INFO     | tcga.pipeline | ============================================================
14:18:36 | INFO     | tcga.pipeline | Slide table : 6845 rows
14:18:36 | INFO     | tcga.pipeline | Gene matrix : 3 samples × 610 genes
14:18:37 | INFO     | tcga.pipeline | Dataset     : 6845 rows × 42 columns
14:18:37 | INFO     | tcga.pipeline | Output      : /tcga_data/tables/dataset.csv
14:18:37 | INFO     | __main__ | Done. Dataset at: /tcga_data/tables/dataset.csv
[1;33m[pfm:warn][0m [conch] note: reads real TCGA images from the configured paths (PFM_PATCH_DIR ->
[1;33m[pfm:warn][0m [conch] thumbnails). If none are staged yet, the run stops cleanly at that step.
Note: Environment variable`HF_TOKEN` is set and is the current active token independently from the token you've just configured.
/scratch/users/akshatg/stanf_pfm/runtime/venvs/conch/lib/python3.11/site-packages/timm/models/layers/__init__.py:49: FutureWarning: Importing from timm.models.layers is deprecated, please import via timm.layers
  warnings.warn(f"Importing from {__name__} is deprecated, please import via timm.layers", FutureWarning)
/scratch/users/akshatg/stanf_pfm/runtime/venvs/conch/lib/python3.11/site-packages/conch/open_clip_custom/factory.py:18: FutureWarning: You are using `torch.load` with `weights_only=False` (the current default value), which uses the default pickle module implicitly. It is possible to construct malicious pickle data which will execute arbitrary code during unpickling (See https://github.com/pytorch/pytorch/blob/main/SECURITY.md#untrusted-models for more details). In a future release, the default value for `weights_only` will be flipped to `True`. This limits the functions that could be executed during unpickling. Arbitrary objects will no longer be allowed to be loaded via this mode unless they are explicitly allowlisted by the user via `torch.serialization.add_safe_globals`. We recommend you start setting `weights_only=True` for any use case where you don't have full control of the loaded file. Please open an issue on GitHub for any issues related to this experimental feature.
  checkpoint = torch.load(checkpoint_path, map_location=map_location)
[1;33m[pfm:warn][0m [uni2] note: reads real TCGA images from the configured paths (PFM_PATCH_DIR ->
[1;33m[pfm:warn][0m [uni2] thumbnails). If none are staged yet, the run stops cleanly at that step.
Note: Environment variable`HF_TOKEN` is set and is the current active token independently from the token you've just configured.
[1;33m[pfm:warn][0m [virchow] note: reads real TCGA images from the configured paths (PFM_PATCH_DIR ->
[1;33m[pfm:warn][0m [virchow] thumbnails). If none are staged yet, the run stops cleanly at that step.
Note: Environment variable`HF_TOKEN` is set and is the current active token independently from the token you've just configured.
[1;33m[pfm:warn][0m [virchow2] note: reads real TCGA images from the configured paths (PFM_PATCH_DIR ->
[1;33m[pfm:warn][0m [virchow2] thumbnails). If none are staged yet, the run stops cleanly at that step.
Note: Environment variable`HF_TOKEN` is set and is the current active token independently from the token you've just configured.
[1;33m[pfm:warn][0m [titan] note: reads real TCGA images from the configured paths (PFM_PATCH_DIR ->
[1;33m[pfm:warn][0m [titan] thumbnails). If none are staged yet, the run stops cleanly at that step.
Note: Environment variable`HF_TOKEN` is set and is the current active token independently from the token you've just configured.
Loading weights:   0%|          | 0/246 [00:00<?, ?it/s]Loading weights:  43%|████▎     | 105/246 [00:00<00:00, 1045.57it/s]Loading weights: 100%|██████████| 246/246 [00:00<00:00, 1647.09it/s]
Traceback (most recent call last):
  File "/scratch/users/akshatg/stanf_pfm/models/titan/titan_spin.py", line 53, in <module>
    main()
  File "/scratch/users/akshatg/stanf_pfm/models/titan/titan_spin.py", line 22, in main
    titan = AutoModel.from_pretrained("MahmoodLab/TITAN", trust_remote_code=True)
            ^^^^^^^^^^^^^^^^^^^^^^^^^^^^^^^^^^^^^^^^^^^^^^^^^^^^^^^^^^^^^^^^^^^^^
  File "/scratch/users/akshatg/stanf_pfm/runtime/venvs/titan/lib/python3.11/site-packages/transformers/models/auto/auto_factory.py", line 391, in from_pretrained
    return model_class.from_pretrained(
           ^^^^^^^^^^^^^^^^^^^^^^^^^^^^
  File "/scratch/users/akshatg/stanf_pfm/runtime/venvs/titan/lib/python3.11/site-packages/transformers/modeling_utils.py", line 4328, in from_pretrained
    loading_info = cls._finalize_model_loading(model, load_config, loading_info)
                   ^^^^^^^^^^^^^^^^^^^^^^^^^^^^^^^^^^^^^^^^^^^^^^^^^^^^^^^^^^^^^
  File "/scratch/users/akshatg/stanf_pfm/runtime/venvs/titan/lib/python3.11/site-packages/transformers/modeling_utils.py", line 4484, in _finalize_model_loading
    model._move_missing_keys_from_meta_to_device(
  File "/scratch/users/akshatg/stanf_pfm/runtime/venvs/titan/lib/python3.11/site-packages/transformers/modeling_utils.py", line 4774, in _move_missing_keys_from_meta_to_device
    for key in missing_keys - self.all_tied_weights_keys.keys():
                              ^^^^^^^^^^^^^^^^^^^^^^^^^^
  File "/opt/conda/lib/python3.11/site-packages/torch/nn/modules/module.py", line 1729, in __getattr__
    raise AttributeError(f"'{type(self).__name__}' object has no attribute '{name}'")
AttributeError: 'Titan' object has no attribute 'all_tied_weights_keys'. Did you mean: '_tied_weights_keys'?
[1;33m[pfm:warn][0m [titan] exited with code 1 (likely the missing-data step -- see log above).
[1;33m[pfm:warn][0m [gigapath] note: reads real TCGA images from the configured paths (PFM_PATCH_DIR ->
[1;33m[pfm:warn][0m [gigapath] thumbnails). If none are staged yet, the run stops cleanly at that step.
Note: Environment variable`HF_TOKEN` is set and is the current active token independently from the token you've just configured.
[1;33m[pfm:warn][0m [mSTAR] note: reads real TCGA images from the configured paths (PFM_PATCH_DIR ->
[1;33m[pfm:warn][0m [mSTAR] thumbnails). If none are staged yet, the run stops cleanly at that step.
Note: Environment variable`HF_TOKEN` is set and is the current active token independently from the token you've just configured.
[1;33m[pfm:warn][0m [exaone-path] note: reads real TCGA images from the configured paths (PFM_PATCH_DIR ->
[1;33m[pfm:warn][0m [exaone-path] thumbnails). If none are staged yet, the run stops cleanly at that step.
Note: Environment variable`HF_TOKEN` is set and is the current active token independently from the token you've just configured.
Fetching 41 files:   0%|          | 0/41 [00:00<?, ?it/s]Fetching 41 files: 100%|██████████| 41/41 [00:00<00:00, 2444.96it/s]
Loading weights:   0%|          | 0/150 [00:00<?, ?it/s]Loading weights: 100%|██████████| 150/150 [00:00<00:00, 1858.42it/s]
[1;33m[pfm:warn][0m [phikon] note: reads real TCGA images from the configured paths (PFM_PATCH_DIR ->
[1;33m[pfm:warn][0m [phikon] thumbnails). If none are staged yet, the run stops cleanly at that step.
Note: Environment variable`HF_TOKEN` is set and is the current active token independently from the token you've just configured.
Loading weights:   0%|          | 0/439 [00:00<?, ?it/s]Loading weights:  15%|█▌        | 68/439 [00:00<00:00, 635.98it/s]Loading weights:  54%|█████▍    | 236/439 [00:00<00:00, 1214.92it/s]Loading weights: 100%|██████████| 439/439 [00:00<00:00, 1578.58it/s]
[1;33m[pfm:warn][0m [h-optimus] note: reads real TCGA images from the configured paths (PFM_PATCH_DIR ->
[1;33m[pfm:warn][0m [h-optimus] thumbnails). If none are staged yet, the run stops cleanly at that step.
Note: Environment variable`HF_TOKEN` is set and is the current active token independently from the token you've just configured.
[1;33m[pfm:warn][0m [h-optimus] exited with code 75 (likely the missing-data step -- see log above).
[1;33m[pfm:warn][0m [hipt] note: reads real TCGA images from the configured paths (PFM_PATCH_DIR ->
[1;33m[pfm:warn][0m [hipt] thumbnails). If none are staged yet, the run stops cleanly at that step.
Note: Environment variable`HF_TOKEN` is set and is the current active token independently from the token you've just configured.
/scratch/users/akshatg/stanf_pfm/runtime/repos/HIPT/HIPT_4K/hipt_model_utils.py:61: FutureWarning: You are using `torch.load` with `weights_only=False` (the current default value), which uses the default pickle module implicitly. It is possible to construct malicious pickle data which will execute arbitrary code during unpickling (See https://github.com/pytorch/pytorch/blob/main/SECURITY.md#untrusted-models for more details). In a future release, the default value for `weights_only` will be flipped to `True`. This limits the functions that could be executed during unpickling. Arbitrary objects will no longer be allowed to be loaded via this mode unless they are explicitly allowlisted by the user via `torch.serialization.add_safe_globals`. We recommend you start setting `weights_only=True` for any use case where you don't have full control of the loaded file. Please open an issue on GitHub for any issues related to this experimental feature.
  state_dict = torch.load(pretrained_weights, map_location="cpu")
INFO:    Terminating fuse-overlayfs after timeout
INFO:    Timeouts can be caused by a running background process
No (model, task) cell produced a result. Common causes: embeddings and dataset.csv don't share slide_ids, or every cell was below --min-samples.
