============================================================
 FINAL SETUP — staged full-SVS (~50 GB) -> all models -> train
   node:        sh02-14n14.int
   job:         32921295
   repo:        /scratch/users/akshatg/stanf_pfm
   scratch cache (PFM_TCGA_ROOT): /scratch/users/akshatg/stanf_pfm/runtime/tcga_stream2
   node-local staging (L_SCRATCH): /lscratch/akshatg
   embeddings:  /scratch/users/akshatg/stanf_pfm/runtime/embeddings_stream2
   HF token:    present (runtime/.hf_token)
   start:       Mon Jul  6 11:25:55 PDT 2026
============================================================

### STEP 1/5  ensure data-build container + venv
  present: /scratch/users/akshatg/stanf_pfm/runtime/containers/tcga_build.sif + /scratch/users/akshatg/stanf_pfm/runtime/venvs/tcga_build

### STEP 2/5  build/complete staged dataset (reuse cached SVS if present, else stream)
  no SVS cache -> stream each slide into node-local ($TMPDIR), thumbnail, evict (nothing large persists)
INFO: python -m build_tcga_dataset --config configs/tcga_staged.yaml download.target_gb=5
  dataset ready: /scratch/users/akshatg/stanf_pfm/runtime/tcga_stream2/tables/dataset.csv  (6845 rows)

### STEP 3/5  ensure model container (pfm_base.sif)
  present: /scratch/users/akshatg/stanf_pfm/runtime/containers/pfm_base.sif

### STEP 4/5  stage thumbnails to node-local (/lscratch/akshatg) for the GPU
  staged 10 thumbnails -> /lscratch/akshatg/thumbnails (PFM_PATCH_DIR points here)

### STEP 5/5  extract embeddings (GPU) for all models, then benchmark

[1;34m[pfm][0m === run: conch ===

[1;34m[pfm][0m [conch] python /scratch/users/akshatg/stanf_pfm/models/conch/conch_spin.py
[conch] device=cuda (uses GPU if available, else CPU).
[conch] loading model ...
[conch] model ready.
[conch] found 10 images.
[conch] batch 1 (8 imgs)
[conch] saved embeddings (10, 512) for 10 images -> /scratch/users/akshatg/stanf_pfm/runtime/embeddings_stream2/conch/patch_embeddings.pt  (2.1s)

[1;34m[pfm][0m [conch] run finished cleanly (exit 0).

[1;34m[pfm][0m === run: uni2 ===

[1;34m[pfm][0m [uni2] python /scratch/users/akshatg/stanf_pfm/models/uni2/uni2_spin.py
[uni2] device=cuda (uses GPU if available, else CPU).
[uni2] loading model ...
[uni2] model ready.
[uni2] found 10 images.
[uni2] batch 1 (8 imgs)
[uni2] saved embeddings (10, 1536) for 10 images -> /scratch/users/akshatg/stanf_pfm/runtime/embeddings_stream2/uni2/patch_embeddings.pt  (1.8s)

[1;34m[pfm][0m [uni2] run finished cleanly (exit 0).

[1;34m[pfm][0m === run: virchow ===

[1;34m[pfm][0m [virchow] python /scratch/users/akshatg/stanf_pfm/models/virchow/virchow_spin.py
[virchow] device=cuda (uses GPU if available, else CPU).
[virchow] loading model ...
[virchow] model ready.
[virchow] found 10 images.
[virchow] batch 1 (8 imgs)
[virchow] saved embeddings (10, 2560) for 10 images -> /scratch/users/akshatg/stanf_pfm/runtime/embeddings_stream2/virchow/patch_embeddings.pt  (1.9s)

[1;34m[pfm][0m [virchow] run finished cleanly (exit 0).

[1;34m[pfm][0m === run: virchow2 ===

[1;34m[pfm][0m [virchow2] python /scratch/users/akshatg/stanf_pfm/models/virchow2/virchow2_spin.py
[virchow2] device=cuda (uses GPU if available, else CPU).
[virchow2] loading model ...
[virchow2] model ready.
[virchow2] found 10 images.
[virchow2] batch 1 (8 imgs)
[virchow2] saved embeddings (10, 2560) for 10 images -> /scratch/users/akshatg/stanf_pfm/runtime/embeddings_stream2/virchow2/patch_embeddings.pt  (2.0s)

[1;34m[pfm][0m [virchow2] run finished cleanly (exit 0).

[1;34m[pfm][0m === run: titan ===

[1;34m[pfm][0m [titan] python /scratch/users/akshatg/stanf_pfm/models/titan/titan_spin.py
[titan] loading model (device=cuda) ...

[1;34m[pfm][0m === run: gigapath ===

[1;34m[pfm][0m [gigapath] python /scratch/users/akshatg/stanf_pfm/models/gigapath/gigapath_spin.py
[gigapath] device=cuda (uses GPU if available, else CPU).
[gigapath] loading model ...
[gigapath] model ready.
[gigapath] found 10 images.
[gigapath] batch 1 (8 imgs)
[gigapath] saved embeddings (10, 1536) for 10 images -> /scratch/users/akshatg/stanf_pfm/runtime/embeddings_stream2/gigapath/patch_embeddings.pt  (1.8s)

[1;34m[pfm][0m [gigapath] run finished cleanly (exit 0).

[1;34m[pfm][0m === run: mSTAR ===

[1;34m[pfm][0m [mSTAR] python /scratch/users/akshatg/stanf_pfm/models/mSTAR/mSTAR_spin.py
[mSTAR] device=cuda (uses GPU if available, else CPU).
[mSTAR] loading model ...
[mSTAR] model ready.
[mSTAR] found 10 images.
[mSTAR] batch 1 (8 imgs)
[mSTAR] saved embeddings (10, 1024) for 10 images -> /scratch/users/akshatg/stanf_pfm/runtime/embeddings_stream2/mSTAR/patch_embeddings.pt  (1.0s)

[1;34m[pfm][0m [mSTAR] run finished cleanly (exit 0).

[1;34m[pfm][0m === run: exaone-path ===

[1;34m[pfm][0m [exaone-path] python /scratch/users/akshatg/stanf_pfm/models/exaone-path/exaone-path_spin.py
[exaone-path] device=cuda (uses GPU if available, else CPU).
[exaone-path] loading model ...
[exaone-path] model ready.
[exaone-path] found 10 images.
[exaone-path] batch 1 (8 imgs)
[exaone-path] saved embeddings (10, 768) for 10 images -> /scratch/users/akshatg/stanf_pfm/runtime/embeddings_stream2/exaone-path/patch_embeddings.pt  (1.0s)

[1;34m[pfm][0m [exaone-path] run finished cleanly (exit 0).

[1;34m[pfm][0m === run: phikon ===

[1;34m[pfm][0m [phikon] python /scratch/users/akshatg/stanf_pfm/models/phikon/phikon_spin.py
[phikon] device=cuda (uses GPU if available, else CPU).
[phikon] loading model ...
[phikon] model ready.
[phikon] found 10 images.
[phikon] batch 1 (8 imgs)
[phikon] saved embeddings (10, 1024) for 10 images -> /scratch/users/akshatg/stanf_pfm/runtime/embeddings_stream2/phikon/patch_embeddings.pt  (1.0s)

[1;34m[pfm][0m [phikon] run finished cleanly (exit 0).

[1;34m[pfm][0m === run: h-optimus ===

[1;34m[pfm][0m [h-optimus] python /scratch/users/akshatg/stanf_pfm/models/h-optimus/h-optimus_spin.py
[h-optimus] device=cuda (uses GPU if available, else CPU).
[h-optimus] loading model ...
[h-optimus] ACCESS NOT GRANTED: gated model and the HF token is missing or not approved for it -- disregarding h-optimus. Request access on its Hugging Face page, then re-run.
[h-optimus] (GatedRepoError: 403 Client Error. (Request ID: Root=1-6a4bf53b-38150d6757a7ec87637cc78b;3496599a-75c7-4c47-ae6d-64a76ab15faa)

Cannot access gated repo for url https://huggingface.co/bioptimus/H-optimus-0/resolve/main/config.json.
Access to model bioptimus/H-optimus-0 is restricted and you are not in the authorized list. Visit https://huggingface.co/bioptimus/H-optimus-0 to ask for access.)

[1;34m[pfm][0m === run: hipt ===

[1;34m[pfm][0m [hipt] python /scratch/users/akshatg/stanf_pfm/models/hipt/hipt_spin.py
[hipt] device=cuda (uses GPU if available, else CPU).
[hipt] loading model ...
Take key teacher in provided checkpoint dict
Pretrained weights found at /scratch/users/akshatg/stanf_pfm/runtime/repos/HIPT/HIPT_4K/Checkpoints/vit256_small_dino.pth and loaded with msg: _IncompatibleKeys(missing_keys=[], unexpected_keys=['head.mlp.0.weight', 'head.mlp.0.bias', 'head.mlp.2.weight', 'head.mlp.2.bias', 'head.mlp.4.weight', 'head.mlp.4.bias', 'head.last_layer.weight_g', 'head.last_layer.weight_v'])
[hipt] model ready.
[hipt] found 10 images.
[hipt] batch 1 (8 imgs)
[hipt] saved embeddings (10, 384) for 10 images -> /scratch/users/akshatg/stanf_pfm/runtime/embeddings_stream2/hipt/patch_embeddings.pt  (1.2s)

[1;34m[pfm][0m [hipt] run finished cleanly (exit 0).

[1;34m[pfm][0m run summary:  OK=[conch uni2 virchow virchow2 gigapath mSTAR exaone-path phikon hipt]  NONZERO=[titan h-optimus]

  --- benchmark: train a linear probe per (model x task) ---

[1;34m[pfm][0m benchmarking all PFMs across all tasks (venv: /scratch/users/akshatg/stanf_pfm/runtime/venvs/conch)
[bench] models: ['conch', 'exaone-path', 'gigapath', 'hipt', 'mSTAR', 'phikon', 'uni2', 'virchow', 'virchow2']
[bench] tasks : ['luad_vs_lusc', 'lgg_vs_gbm', 'kras', 'tp53', 'egfr', 'idh']
[bench] labels: /scratch/users/akshatg/stanf_pfm/runtime/tcga_stream2/tables/dataset.csv

[bench] === task luad_vs_lusc  (4 labelled slides, classes=['LUAD', 'LUSC']) ===
[bench]   conch          skipped: only 4 labelled embeddings (< 10)
[bench]   exaone-path    skipped: only 4 labelled embeddings (< 10)
[bench]   gigapath       skipped: only 4 labelled embeddings (< 10)
[bench]   hipt           skipped: only 4 labelled embeddings (< 10)
[bench]   mSTAR          skipped: only 4 labelled embeddings (< 10)
[bench]   phikon         skipped: only 4 labelled embeddings (< 10)
[bench]   uni2           skipped: only 4 labelled embeddings (< 10)
[bench]   virchow        skipped: only 4 labelled embeddings (< 10)
[bench]   virchow2       skipped: only 4 labelled embeddings (< 10)

[bench] === task lgg_vs_gbm  (6 labelled slides, classes=['LGG', 'GBM']) ===
[bench]   conch          skipped: only 6 labelled embeddings (< 10)
[bench]   exaone-path    skipped: only 6 labelled embeddings (< 10)
[bench]   gigapath       skipped: only 6 labelled embeddings (< 10)
[bench]   hipt           skipped: only 6 labelled embeddings (< 10)
[bench]   mSTAR          skipped: only 6 labelled embeddings (< 10)
[bench]   phikon         skipped: only 6 labelled embeddings (< 10)
[bench]   uni2           skipped: only 6 labelled embeddings (< 10)
[bench]   virchow        skipped: only 6 labelled embeddings (< 10)
[bench]   virchow2       skipped: only 6 labelled embeddings (< 10)

[bench] === task kras  (5 labelled slides, classes=['KRAS-wt', 'KRAS-mut']) ===
[bench]   conch          skipped: only 5 labelled embeddings (< 10)
[bench]   exaone-path    skipped: only 5 labelled embeddings (< 10)
[bench]   gigapath       skipped: only 5 labelled embeddings (< 10)
[bench]   hipt           skipped: only 5 labelled embeddings (< 10)
[bench]   mSTAR          skipped: only 5 labelled embeddings (< 10)
[bench]   phikon         skipped: only 5 labelled embeddings (< 10)
[bench]   uni2           skipped: only 5 labelled embeddings (< 10)
[bench]   virchow        skipped: only 5 labelled embeddings (< 10)
[bench]   virchow2       skipped: only 5 labelled embeddings (< 10)

[bench] === task tp53  (5 labelled slides, classes=['TP53-wt', 'TP53-mut']) ===
[bench]   conch          skipped: only 5 labelled embeddings (< 10)
[bench]   exaone-path    skipped: only 5 labelled embeddings (< 10)
[bench]   gigapath       skipped: only 5 labelled embeddings (< 10)
[bench]   hipt           skipped: only 5 labelled embeddings (< 10)
[bench]   mSTAR          skipped: only 5 labelled embeddings (< 10)
[bench]   phikon         skipped: only 5 labelled embeddings (< 10)
[bench]   uni2           skipped: only 5 labelled embeddings (< 10)
[bench]   virchow        skipped: only 5 labelled embeddings (< 10)
[bench]   virchow2       skipped: only 5 labelled embeddings (< 10)

[bench] === task egfr  (5 labelled slides, classes=['EGFR-wt', 'EGFR-mut']) ===
[bench]   conch          skipped: only 5 labelled embeddings (< 10)
[bench]   exaone-path    skipped: only 5 labelled embeddings (< 10)
[bench]   gigapath       skipped: only 5 labelled embeddings (< 10)
[bench]   hipt           skipped: only 5 labelled embeddings (< 10)
[bench]   mSTAR          skipped: only 5 labelled embeddings (< 10)
[bench]   phikon         skipped: only 5 labelled embeddings (< 10)
[bench]   uni2           skipped: only 5 labelled embeddings (< 10)
[bench]   virchow        skipped: only 5 labelled embeddings (< 10)
[bench]   virchow2       skipped: only 5 labelled embeddings (< 10)

[bench] === task idh  (5 labelled slides, classes=['IDH-wt', 'IDH-mut']) ===
[bench]   conch          skipped: only 5 labelled embeddings (< 10)
[bench]   exaone-path    skipped: only 5 labelled embeddings (< 10)
[bench]   gigapath       skipped: only 5 labelled embeddings (< 10)
[bench]   hipt           skipped: only 5 labelled embeddings (< 10)
[bench]   mSTAR          skipped: only 5 labelled embeddings (< 10)
[bench]   phikon         skipped: only 5 labelled embeddings (< 10)
[bench]   uni2           skipped: only 5 labelled embeddings (< 10)
[bench]   virchow        skipped: only 5 labelled embeddings (< 10)
[bench]   virchow2       skipped: only 5 labelled embeddings (< 10)

  WARN: benchmark returned nonzero (often 'too few labelled samples').

============================================================
 FINAL SETUP COMPLETE
   dataset:    /scratch/users/akshatg/stanf_pfm/runtime/tcga_stream2/tables/dataset.csv
   SVS cache:  /scratch/users/akshatg/stanf_pfm/runtime/tcga_stream2/slides   (4.0K)
   embeddings: /scratch/users/akshatg/stanf_pfm/runtime/embeddings_stream2/<model>/patch_embeddings.pt
   results:    /scratch/users/akshatg/stanf_pfm/runtime/embeddings_stream2/benchmark/results.csv
   end:        Mon Jul  6 11:35:03 PDT 2026
============================================================
