============================================================
 FINAL SETUP — staged full-SVS (~50 GB) -> all models -> train
   node:        sh03-12n13.int
   job:         32940211
   repo:        /scratch/users/akshatg/stanf_pfm
   scratch cache (PFM_TCGA_ROOT): /scratch/users/akshatg/stanf_pfm/runtime/tcga_full
   node-local staging (L_SCRATCH): /lscratch/akshatg
   embeddings:  /scratch/users/akshatg/stanf_pfm/runtime/embeddings_full
   HF token:    present (runtime/.hf_token)
   start:       Mon Jul  6 16:15:06 PDT 2026
============================================================

### STEP 1/5  ensure data-build container + venv
  present: /scratch/users/akshatg/stanf_pfm/runtime/containers/tcga_build.sif + /scratch/users/akshatg/stanf_pfm/runtime/venvs/tcga_build

### STEP 2/5  build/complete staged dataset (reuse cached SVS if present, else stream)
  no SVS cache -> stream each slide into node-local ($TMPDIR), thumbnail, evict (nothing large persists)
INFO: python -m build_tcga_dataset --config configs/tcga_tiled.yaml download.target_gb=50
  dataset ready: /scratch/users/akshatg/stanf_pfm/runtime/tcga_full/tables/dataset.csv  (6845 rows)

### STEP 3/5  ensure model container (pfm_base.sif)
  present: /scratch/users/akshatg/stanf_pfm/runtime/containers/pfm_base.sif

### STEP 4/5  stage tiles to node-local SSD (/lscratch/akshatg) for the GPU
  staging 2263652 tiles: /scratch/users/akshatg/stanf_pfm/runtime/tcga_full/patches -> /lscratch/akshatg/tcga_patches (node-local SSD)
  GPU reads node-local: /lscratch/akshatg/tcga_patches

### STEP 5/5  extract across 3 GPU(s) — spec: batch=128 workers=4 amp=auto prefetch=4

[1;34m[pfm][0m run: 11 models across 3 GPUs (one model/GPU, waves of 3)

[1;34m[pfm][0m [conch] -> GPU 0

[1;34m[pfm][0m [uni2] -> GPU 1

[1;34m[pfm][0m [virchow] -> GPU 2

[1;34m[pfm][0m === run: conch ===


[1;34m[pfm][0m === run: uni2 ===
[1;34m[pfm][0m === run: virchow ===

[1;34m[pfm][0m [conch] python /scratch/users/akshatg/stanf_pfm/models/conch/conch_spin.py

[1;34m[pfm][0m [uni2] python /scratch/users/akshatg/stanf_pfm/models/uni2/uni2_spin.py

[1;34m[pfm][0m [virchow] python /scratch/users/akshatg/stanf_pfm/models/virchow/virchow_spin.py
[uni2] device=cuda (uses GPU if available, else CPU).
[virchow] device=cuda (uses GPU if available, else CPU).
[conch] device=cuda (uses GPU if available, else CPU).
[uni2] loading model ...
[virchow] loading model ...
[conch] loading model ...
[conch] model ready.
[virchow] model ready.
[uni2] model ready.
[conch] found 2263652 images.
[conch] batch=128 workers=4 autocast=torch.bfloat16
[virchow] found 2263652 images.
[virchow] batch=128 workers=4 autocast=torch.bfloat16
[uni2] found 2263652 images.
[uni2] batch=128 workers=4 autocast=torch.bfloat16
[conch] batch 1 (128 imgs)
[virchow] batch 1 (128 imgs)
[uni2] batch 1 (128 imgs)
[conch] batch 11 (1408 imgs)
[conch] batch 21 (2688 imgs)
[virchow] batch 11 (1408 imgs)
[uni2] batch 11 (1408 imgs)
[conch] batch 31 (3968 imgs)
[virchow] batch 21 (2688 imgs)
[conch] batch 41 (5248 imgs)
[uni2] batch 21 (2688 imgs)
[conch] batch 51 (6528 imgs)
[virchow] batch 31 (3968 imgs)
[uni2] batch 31 (3968 imgs)
[conch] batch 61 (7808 imgs)
[conch] batch 71 (9088 imgs)
[virchow] batch 41 (5248 imgs)
[uni2] batch 41 (5248 imgs)
[conch] batch 81 (10368 imgs)
[conch] batch 91 (11648 imgs)
[virchow] batch 51 (6528 imgs)
[uni2] batch 51 (6528 imgs)
[conch] batch 101 (12928 imgs)
[conch] batch 111 (14208 imgs)
[virchow] batch 61 (7808 imgs)
[uni2] batch 61 (7808 imgs)
[conch] batch 121 (15488 imgs)
[virchow] batch 71 (9088 imgs)
[conch] batch 131 (16768 imgs)
[uni2] batch 71 (9088 imgs)
[conch] batch 141 (18048 imgs)
[virchow] batch 81 (10368 imgs)
[conch] batch 151 (19328 imgs)
[uni2] batch 81 (10368 imgs)
[conch] batch 161 (20608 imgs)
[virchow] batch 91 (11648 imgs)
[uni2] batch 91 (11648 imgs)
[conch] batch 171 (21888 imgs)
[virchow] batch 101 (12928 imgs)
[conch] batch 181 (23168 imgs)
[uni2] batch 101 (12928 imgs)
[conch] batch 191 (24448 imgs)
[virchow] batch 111 (14208 imgs)
[conch] batch 201 (25728 imgs)
[uni2] batch 111 (14208 imgs)
[conch] batch 211 (27008 imgs)
[virchow] batch 121 (15488 imgs)
[uni2] batch 121 (15488 imgs)
[conch] batch 221 (28288 imgs)
[virchow] batch 131 (16768 imgs)
[conch] batch 231 (29568 imgs)
[uni2] batch 131 (16768 imgs)
[conch] batch 241 (30848 imgs)
[virchow] batch 141 (18048 imgs)
[conch] batch 251 (32128 imgs)
[uni2] batch 141 (18048 imgs)
[virchow] batch 151 (19328 imgs)
[conch] batch 261 (33408 imgs)
[uni2] batch 151 (19328 imgs)
[conch] batch 271 (34688 imgs)
[virchow] batch 161 (20608 imgs)
[conch] batch 281 (35968 imgs)
[uni2] batch 161 (20608 imgs)
[virchow] batch 171 (21888 imgs)
[conch] batch 291 (37248 imgs)
[conch] batch 301 (38528 imgs)
[uni2] batch 171 (21888 imgs)
[virchow] batch 181 (23168 imgs)
[conch] batch 311 (39808 imgs)
[uni2] batch 181 (23168 imgs)
[virchow] batch 191 (24448 imgs)
[conch] batch 321 (41088 imgs)
[conch] batch 331 (42368 imgs)
[uni2] batch 191 (24448 imgs)
[virchow] batch 201 (25728 imgs)
[conch] batch 341 (43648 imgs)
[conch] batch 351 (44928 imgs)
[uni2] batch 201 (25728 imgs)
[virchow] batch 211 (27008 imgs)
[conch] batch 361 (46208 imgs)
[virchow] batch 221 (28288 imgs)
[uni2] batch 211 (27008 imgs)
[conch] batch 371 (47488 imgs)
[conch] batch 381 (48768 imgs)
[virchow] batch 231 (29568 imgs)
[uni2] batch 221 (28288 imgs)
[conch] batch 391 (50048 imgs)
[virchow] batch 241 (30848 imgs)
[conch] batch 401 (51328 imgs)
[uni2] batch 231 (29568 imgs)
[conch] batch 411 (52608 imgs)
[virchow] batch 251 (32128 imgs)
[uni2] batch 241 (30848 imgs)
[conch] batch 421 (53888 imgs)
[conch] batch 431 (55168 imgs)
[virchow] batch 261 (33408 imgs)
[uni2] batch 251 (32128 imgs)
[conch] batch 441 (56448 imgs)
[virchow] batch 271 (34688 imgs)
[conch] batch 451 (57728 imgs)
[uni2] batch 261 (33408 imgs)
[conch] batch 461 (59008 imgs)
[virchow] batch 281 (35968 imgs)
[uni2] batch 271 (34688 imgs)
[conch] batch 471 (60288 imgs)
[virchow] batch 291 (37248 imgs)
[conch] batch 481 (61568 imgs)
[uni2] batch 281 (35968 imgs)
[conch] batch 491 (62848 imgs)
[virchow] batch 301 (38528 imgs)
[conch] batch 501 (64128 imgs)
[uni2] batch 291 (37248 imgs)
[conch] batch 511 (65408 imgs)
[virchow] batch 311 (39808 imgs)
[uni2] batch 301 (38528 imgs)
[conch] batch 521 (66688 imgs)
[virchow] batch 321 (41088 imgs)
[conch] batch 531 (67968 imgs)
[uni2] batch 311 (39808 imgs)
[conch] batch 541 (69248 imgs)
[virchow] batch 331 (42368 imgs)
[conch] batch 551 (70528 imgs)
[uni2] batch 321 (41088 imgs)
[virchow] batch 341 (43648 imgs)
[conch] batch 561 (71808 imgs)
[uni2] batch 331 (42368 imgs)
[conch] batch 571 (73088 imgs)
[virchow] batch 351 (44928 imgs)
[conch] batch 581 (74368 imgs)
[uni2] batch 341 (43648 imgs)
[virchow] batch 361 (46208 imgs)
[conch] batch 591 (75648 imgs)
[conch] batch 601 (76928 imgs)
[uni2] batch 351 (44928 imgs)
[virchow] batch 371 (47488 imgs)
[conch] batch 611 (78208 imgs)
[uni2] batch 361 (46208 imgs)
[conch] batch 621 (79488 imgs)
[virchow] batch 381 (48768 imgs)
[conch] batch 631 (80768 imgs)
[uni2] batch 371 (47488 imgs)
[virchow] batch 391 (50048 imgs)
[conch] batch 641 (82048 imgs)
[conch] batch 651 (83328 imgs)
[uni2] batch 381 (48768 imgs)
[virchow] batch 401 (51328 imgs)
[conch] batch 661 (84608 imgs)
[uni2] batch 391 (50048 imgs)
[virchow] batch 411 (52608 imgs)
[conch] batch 671 (85888 imgs)
[conch] batch 681 (87168 imgs)
[uni2] batch 401 (51328 imgs)
[virchow] batch 421 (53888 imgs)
[conch] batch 691 (88448 imgs)
[conch] batch 701 (89728 imgs)
[virchow] batch 431 (55168 imgs)
[uni2] batch 411 (52608 imgs)
[conch] batch 711 (91008 imgs)
[virchow] batch 441 (56448 imgs)
[uni2] batch 421 (53888 imgs)
[conch] batch 721 (92288 imgs)
[conch] batch 731 (93568 imgs)
[virchow] batch 451 (57728 imgs)
[uni2] batch 431 (55168 imgs)
[conch] batch 741 (94848 imgs)
[virchow] batch 461 (59008 imgs)
[conch] batch 751 (96128 imgs)
[uni2] batch 441 (56448 imgs)
[conch] batch 761 (97408 imgs)
[virchow] batch 471 (60288 imgs)
[uni2] batch 451 (57728 imgs)
[conch] batch 771 (98688 imgs)
[virchow] batch 481 (61568 imgs)
[conch] batch 781 (99968 imgs)
[uni2] batch 461 (59008 imgs)
[conch] batch 791 (101248 imgs)
[virchow] batch 491 (62848 imgs)
[uni2] batch 471 (60288 imgs)
[conch] batch 801 (102528 imgs)
[conch] batch 811 (103808 imgs)
[virchow] batch 501 (64128 imgs)
[uni2] batch 481 (61568 imgs)
[conch] batch 821 (105088 imgs)
[virchow] batch 511 (65408 imgs)
[conch] batch 831 (106368 imgs)
[uni2] batch 491 (62848 imgs)
[conch] batch 841 (107648 imgs)
[virchow] batch 521 (66688 imgs)
[uni2] batch 501 (64128 imgs)
[conch] batch 851 (108928 imgs)
[virchow] batch 531 (67968 imgs)
[conch] batch 861 (110208 imgs)
[uni2] batch 511 (65408 imgs)
[conch] batch 871 (111488 imgs)
[virchow] batch 541 (69248 imgs)
[conch] batch 881 (112768 imgs)
[uni2] batch 521 (66688 imgs)
[conch] batch 891 (114048 imgs)
[virchow] batch 551 (70528 imgs)
[uni2] batch 531 (67968 imgs)
[conch] batch 901 (115328 imgs)
[virchow] batch 561 (71808 imgs)
[conch] batch 911 (116608 imgs)
[uni2] batch 541 (69248 imgs)
[conch] batch 921 (117888 imgs)
[virchow] batch 571 (73088 imgs)
[conch] batch 931 (119168 imgs)
[uni2] batch 551 (70528 imgs)
[virchow] batch 581 (74368 imgs)
[conch] batch 941 (120448 imgs)
[uni2] batch 561 (71808 imgs)
[conch] batch 951 (121728 imgs)
[virchow] batch 591 (75648 imgs)
[conch] batch 961 (123008 imgs)
[uni2] batch 571 (73088 imgs)
[virchow] batch 601 (76928 imgs)
[conch] batch 971 (124288 imgs)
[conch] batch 981 (125568 imgs)
[uni2] batch 581 (74368 imgs)
[virchow] batch 611 (78208 imgs)
[conch] batch 991 (126848 imgs)
[uni2] batch 591 (75648 imgs)
[conch] batch 1001 (128128 imgs)
[virchow] batch 621 (79488 imgs)
[conch] batch 1011 (129408 imgs)
[uni2] batch 601 (76928 imgs)
[virchow] batch 631 (80768 imgs)
[conch] batch 1021 (130688 imgs)
[conch] batch 1031 (131968 imgs)
[uni2] batch 611 (78208 imgs)
[virchow] batch 641 (82048 imgs)
[conch] batch 1041 (133248 imgs)
[uni2] batch 621 (79488 imgs)
[virchow] batch 651 (83328 imgs)
[conch] batch 1051 (134528 imgs)
[conch] batch 1061 (135808 imgs)
[uni2] batch 631 (80768 imgs)
[virchow] batch 661 (84608 imgs)
[conch] batch 1071 (137088 imgs)
[conch] batch 1081 (138368 imgs)
[uni2] batch 641 (82048 imgs)
[virchow] batch 671 (85888 imgs)
[conch] batch 1091 (139648 imgs)
[virchow] batch 681 (87168 imgs)
[uni2] batch 651 (83328 imgs)
[conch] batch 1101 (140928 imgs)
[conch] batch 1111 (142208 imgs)
[virchow] batch 691 (88448 imgs)
[uni2] batch 661 (84608 imgs)
[conch] batch 1121 (143488 imgs)
[virchow] batch 701 (89728 imgs)
[conch] batch 1131 (144768 imgs)
[uni2] batch 671 (85888 imgs)
[conch] batch 1141 (146048 imgs)
[virchow] batch 711 (91008 imgs)
[uni2] batch 681 (87168 imgs)
[conch] batch 1151 (147328 imgs)
[conch] batch 1161 (148608 imgs)
[virchow] batch 721 (92288 imgs)
[uni2] batch 691 (88448 imgs)
[conch] batch 1171 (149888 imgs)
[virchow] batch 731 (93568 imgs)
[conch] batch 1181 (151168 imgs)
[uni2] batch 701 (89728 imgs)
[conch] batch 1191 (152448 imgs)
[virchow] batch 741 (94848 imgs)
[uni2] batch 711 (91008 imgs)
[conch] batch 1201 (153728 imgs)
[virchow] batch 751 (96128 imgs)
[conch] batch 1211 (155008 imgs)
[uni2] batch 721 (92288 imgs)
[conch] batch 1221 (156288 imgs)
[virchow] batch 761 (97408 imgs)
[conch] batch 1231 (157568 imgs)
[uni2] batch 731 (93568 imgs)
[virchow] batch 771 (98688 imgs)
[conch] batch 1241 (158848 imgs)
[uni2] batch 741 (94848 imgs)
[conch] batch 1251 (160128 imgs)
[virchow] batch 781 (99968 imgs)
[conch] batch 1261 (161408 imgs)
[uni2] batch 751 (96128 imgs)
[conch] batch 1271 (162688 imgs)
[virchow] batch 791 (101248 imgs)
[uni2] batch 761 (97408 imgs)
[conch] batch 1281 (163968 imgs)
[virchow] batch 801 (102528 imgs)
[conch] batch 1291 (165248 imgs)
[uni2] batch 771 (98688 imgs)
[conch] batch 1301 (166528 imgs)
[virchow] batch 811 (103808 imgs)
[conch] batch 1311 (167808 imgs)
[uni2] batch 781 (99968 imgs)
[virchow] batch 821 (105088 imgs)
[conch] batch 1321 (169088 imgs)
[uni2] batch 791 (101248 imgs)
[conch] batch 1331 (170368 imgs)
[virchow] batch 831 (106368 imgs)
[conch] batch 1341 (171648 imgs)
[uni2] batch 801 (102528 imgs)
[virchow] batch 841 (107648 imgs)
[conch] batch 1351 (172928 imgs)
[conch] batch 1361 (174208 imgs)
[uni2] batch 811 (103808 imgs)
[virchow] batch 851 (108928 imgs)
[conch] batch 1371 (175488 imgs)
[uni2] batch 821 (105088 imgs)
[conch] batch 1381 (176768 imgs)
[virchow] batch 861 (110208 imgs)
[conch] batch 1391 (178048 imgs)
[uni2] batch 831 (106368 imgs)
[virchow] batch 871 (111488 imgs)
[conch] batch 1401 (179328 imgs)
[conch] batch 1411 (180608 imgs)
[uni2] batch 841 (107648 imgs)
[virchow] batch 881 (112768 imgs)
[conch] batch 1421 (181888 imgs)
[virchow] batch 891 (114048 imgs)
[uni2] batch 851 (108928 imgs)
[conch] batch 1431 (183168 imgs)
[conch] batch 1441 (184448 imgs)
[virchow] batch 901 (115328 imgs)
[uni2] batch 861 (110208 imgs)
[conch] batch 1451 (185728 imgs)
[virchow] batch 911 (116608 imgs)
[conch] batch 1461 (187008 imgs)
[uni2] batch 871 (111488 imgs)
[conch] batch 1471 (188288 imgs)
[virchow] batch 921 (117888 imgs)
[uni2] batch 881 (112768 imgs)
[conch] batch 1481 (189568 imgs)
[conch] batch 1491 (190848 imgs)
[virchow] batch 931 (119168 imgs)
[uni2] batch 891 (114048 imgs)
[conch] batch 1501 (192128 imgs)
[virchow] batch 941 (120448 imgs)
[conch] batch 1511 (193408 imgs)
[uni2] batch 901 (115328 imgs)
[conch] batch 1521 (194688 imgs)
[virchow] batch 951 (121728 imgs)
[uni2] batch 911 (116608 imgs)
[conch] batch 1531 (195968 imgs)
[virchow] batch 961 (123008 imgs)
[conch] batch 1541 (197248 imgs)
[uni2] batch 921 (117888 imgs)
[conch] batch 1551 (198528 imgs)
[virchow] batch 971 (124288 imgs)
[conch] batch 1561 (199808 imgs)
[uni2] batch 931 (119168 imgs)
[conch] batch 1571 (201088 imgs)
[virchow] batch 981 (125568 imgs)
[uni2] batch 941 (120448 imgs)
[conch] batch 1581 (202368 imgs)
[virchow] batch 991 (126848 imgs)
[conch] batch 1591 (203648 imgs)
[uni2] batch 951 (121728 imgs)
[conch] batch 1601 (204928 imgs)
[virchow] batch 1001 (128128 imgs)
[conch] batch 1611 (206208 imgs)
[uni2] batch 961 (123008 imgs)
[virchow] batch 1011 (129408 imgs)
[conch] batch 1621 (207488 imgs)
[uni2] batch 971 (124288 imgs)
[conch] batch 1631 (208768 imgs)
[virchow] batch 1021 (130688 imgs)
[conch] batch 1641 (210048 imgs)
[uni2] batch 981 (125568 imgs)
[conch] batch 1651 (211328 imgs)
[virchow] batch 1031 (131968 imgs)
[uni2] batch 991 (126848 imgs)
[conch] batch 1661 (212608 imgs)
[virchow] batch 1041 (133248 imgs)
[conch] batch 1671 (213888 imgs)
[uni2] batch 1001 (128128 imgs)
[conch] batch 1681 (215168 imgs)
[virchow] batch 1051 (134528 imgs)
[conch] batch 1691 (216448 imgs)
[uni2] batch 1011 (129408 imgs)
[virchow] batch 1061 (135808 imgs)
[conch] batch 1701 (217728 imgs)
[uni2] batch 1021 (130688 imgs)
[conch] batch 1711 (219008 imgs)
[virchow] batch 1071 (137088 imgs)
[conch] batch 1721 (220288 imgs)
[uni2] batch 1031 (131968 imgs)
[virchow] batch 1081 (138368 imgs)
[conch] batch 1731 (221568 imgs)
[conch] batch 1741 (222848 imgs)
[uni2] batch 1041 (133248 imgs)
[virchow] batch 1091 (139648 imgs)
[conch] batch 1751 (224128 imgs)
[uni2] batch 1051 (134528 imgs)
[virchow] batch 1101 (140928 imgs)
[conch] batch 1761 (225408 imgs)
[conch] batch 1771 (226688 imgs)
[uni2] batch 1061 (135808 imgs)
[virchow] batch 1111 (142208 imgs)
[conch] batch 1781 (227968 imgs)
[conch] batch 1791 (229248 imgs)
[virchow] batch 1121 (143488 imgs)
[uni2] batch 1071 (137088 imgs)
[conch] batch 1801 (230528 imgs)
[virchow] batch 1131 (144768 imgs)
[uni2] batch 1081 (138368 imgs)
[conch] batch 1811 (231808 imgs)
[conch] batch 1821 (233088 imgs)
[virchow] batch 1141 (146048 imgs)
[uni2] batch 1091 (139648 imgs)
[conch] batch 1831 (234368 imgs)
[virchow] batch 1151 (147328 imgs)
[conch] batch 1841 (235648 imgs)
[uni2] batch 1101 (140928 imgs)
[conch] batch 1851 (236928 imgs)
[virchow] batch 1161 (148608 imgs)
[uni2] batch 1111 (142208 imgs)
[conch] batch 1861 (238208 imgs)
[conch] batch 1871 (239488 imgs)
[virchow] batch 1171 (149888 imgs)
[uni2] batch 1121 (143488 imgs)
[conch] batch 1881 (240768 imgs)
[virchow] batch 1181 (151168 imgs)
[conch] batch 1891 (242048 imgs)
[uni2] batch 1131 (144768 imgs)
[conch] batch 1901 (243328 imgs)
[virchow] batch 1191 (152448 imgs)
[uni2] batch 1141 (146048 imgs)
[conch] batch 1911 (244608 imgs)
[virchow] batch 1201 (153728 imgs)
[conch] batch 1921 (245888 imgs)
[uni2] batch 1151 (147328 imgs)
[conch] batch 1931 (247168 imgs)
[virchow] batch 1211 (155008 imgs)
[conch] batch 1941 (248448 imgs)
[uni2] batch 1161 (148608 imgs)
[virchow] batch 1221 (156288 imgs)
[conch] batch 1951 (249728 imgs)
[uni2] batch 1171 (149888 imgs)
[conch] batch 1961 (251008 imgs)
[virchow] batch 1231 (157568 imgs)
[conch] batch 1971 (252288 imgs)
[uni2] batch 1181 (151168 imgs)
[conch] batch 1981 (253568 imgs)
[virchow] batch 1241 (158848 imgs)
[uni2] batch 1191 (152448 imgs)
[conch] batch 1991 (254848 imgs)
[virchow] batch 1251 (160128 imgs)
[conch] batch 2001 (256128 imgs)
[uni2] batch 1201 (153728 imgs)
[conch] batch 2011 (257408 imgs)
[virchow] batch 1261 (161408 imgs)
[conch] batch 2021 (258688 imgs)
[uni2] batch 1211 (155008 imgs)
[virchow] batch 1271 (162688 imgs)
[conch] batch 2031 (259968 imgs)
[uni2] batch 1221 (156288 imgs)
[conch] batch 2041 (261248 imgs)
[virchow] batch 1281 (163968 imgs)
[conch] batch 2051 (262528 imgs)
[uni2] batch 1231 (157568 imgs)
[conch] batch 2061 (263808 imgs)
[virchow] batch 1291 (165248 imgs)
[conch] batch 2071 (265088 imgs)
[uni2] batch 1241 (158848 imgs)
[virchow] batch 1301 (166528 imgs)
[conch] batch 2081 (266368 imgs)
[uni2] batch 1251 (160128 imgs)
[conch] batch 2091 (267648 imgs)
[virchow] batch 1311 (167808 imgs)
[conch] batch 2101 (268928 imgs)
[uni2] batch 1261 (161408 imgs)
[virchow] batch 1321 (169088 imgs)
[conch] batch 2111 (270208 imgs)
[conch] batch 2121 (271488 imgs)
[uni2] batch 1271 (162688 imgs)
[virchow] batch 1331 (170368 imgs)
[conch] batch 2131 (272768 imgs)
[uni2] batch 1281 (163968 imgs)
[virchow] batch 1341 (171648 imgs)
[conch] batch 2141 (274048 imgs)
[conch] batch 2151 (275328 imgs)
[uni2] batch 1291 (165248 imgs)
[virchow] batch 1351 (172928 imgs)
[conch] batch 2161 (276608 imgs)
[conch] batch 2171 (277888 imgs)
[virchow] batch 1361 (174208 imgs)
[uni2] batch 1301 (166528 imgs)
[conch] batch 2181 (279168 imgs)
[virchow] batch 1371 (175488 imgs)
[uni2] batch 1311 (167808 imgs)
[conch] batch 2191 (280448 imgs)
[conch] batch 2201 (281728 imgs)
[virchow] batch 1381 (176768 imgs)
[uni2] batch 1321 (169088 imgs)
[conch] batch 2211 (283008 imgs)
[virchow] batch 1391 (178048 imgs)
[conch] batch 2221 (284288 imgs)
[uni2] batch 1331 (170368 imgs)
[conch] batch 2231 (285568 imgs)
[virchow] batch 1401 (179328 imgs)
[uni2] batch 1341 (171648 imgs)
[conch] batch 2241 (286848 imgs)
[virchow] batch 1411 (180608 imgs)
[conch] batch 2251 (288128 imgs)
[uni2] batch 1351 (172928 imgs)
[conch] batch 2261 (289408 imgs)
[virchow] batch 1421 (181888 imgs)
[uni2] batch 1361 (174208 imgs)
[conch] batch 2271 (290688 imgs)
[conch] batch 2281 (291968 imgs)
[virchow] batch 1431 (183168 imgs)
[uni2] batch 1371 (175488 imgs)
[conch] batch 2291 (293248 imgs)
[virchow] batch 1441 (184448 imgs)
[conch] batch 2301 (294528 imgs)
[uni2] batch 1381 (176768 imgs)
[conch] batch 2311 (295808 imgs)
[virchow] batch 1451 (185728 imgs)
[uni2] batch 1391 (178048 imgs)
[conch] batch 2321 (297088 imgs)
[virchow] batch 1461 (187008 imgs)
[conch] batch 2331 (298368 imgs)
[uni2] batch 1401 (179328 imgs)
[conch] batch 2341 (299648 imgs)
[virchow] batch 1471 (188288 imgs)
[conch] batch 2351 (300928 imgs)
[uni2] batch 1411 (180608 imgs)
[virchow] batch 1481 (189568 imgs)
[conch] batch 2361 (302208 imgs)
[uni2] batch 1421 (181888 imgs)
[conch] batch 2371 (303488 imgs)
[virchow] batch 1491 (190848 imgs)
[conch] batch 2381 (304768 imgs)
[uni2] batch 1431 (183168 imgs)
[conch] batch 2391 (306048 imgs)
[virchow] batch 1501 (192128 imgs)
[conch] batch 2401 (307328 imgs)
[uni2] batch 1441 (184448 imgs)
[virchow] batch 1511 (193408 imgs)
[conch] batch 2411 (308608 imgs)
[uni2] batch 1451 (185728 imgs)
[conch] batch 2421 (309888 imgs)
[virchow] batch 1521 (194688 imgs)
[conch] batch 2431 (311168 imgs)
[uni2] batch 1461 (187008 imgs)
[virchow] batch 1531 (195968 imgs)
[conch] batch 2441 (312448 imgs)
[conch] batch 2451 (313728 imgs)
[uni2] batch 1471 (188288 imgs)
[virchow] batch 1541 (197248 imgs)
[conch] batch 2461 (315008 imgs)
[uni2] batch 1481 (189568 imgs)
[virchow] batch 1551 (198528 imgs)
[conch] batch 2471 (316288 imgs)
[conch] batch 2481 (317568 imgs)
[uni2] batch 1491 (190848 imgs)
[virchow] batch 1561 (199808 imgs)
[conch] batch 2491 (318848 imgs)
[conch] batch 2501 (320128 imgs)
[uni2] batch 1501 (192128 imgs)
[virchow] batch 1571 (201088 imgs)
[conch] batch 2511 (321408 imgs)
[virchow] batch 1581 (202368 imgs)
[uni2] batch 1511 (193408 imgs)
[conch] batch 2521 (322688 imgs)
[conch] batch 2531 (323968 imgs)
[virchow] batch 1591 (203648 imgs)
[uni2] batch 1521 (194688 imgs)
[conch] batch 2541 (325248 imgs)
[virchow] batch 1601 (204928 imgs)
[uni2] batch 1531 (195968 imgs)
[conch] batch 2551 (326528 imgs)
[conch] batch 2561 (327808 imgs)
[virchow] batch 1611 (206208 imgs)
[uni2] batch 1541 (197248 imgs)
[conch] batch 2571 (329088 imgs)
[virchow] batch 1621 (207488 imgs)
[conch] batch 2581 (330368 imgs)
[uni2] batch 1551 (198528 imgs)
[conch] batch 2591 (331648 imgs)
[virchow] batch 1631 (208768 imgs)
[uni2] batch 1561 (199808 imgs)
[conch] batch 2601 (332928 imgs)
[conch] batch 2611 (334208 imgs)
[virchow] batch 1641 (210048 imgs)
[uni2] batch 1571 (201088 imgs)
[conch] batch 2621 (335488 imgs)
[virchow] batch 1651 (211328 imgs)
[conch] batch 2631 (336768 imgs)
[uni2] batch 1581 (202368 imgs)
[conch] batch 2641 (338048 imgs)
[virchow] batch 1661 (212608 imgs)
[uni2] batch 1591 (203648 imgs)
[conch] batch 2651 (339328 imgs)
[virchow] batch 1671 (213888 imgs)
[conch] batch 2661 (340608 imgs)
[uni2] batch 1601 (204928 imgs)
[conch] batch 2671 (341888 imgs)
[virchow] batch 1681 (215168 imgs)
[conch] batch 2681 (343168 imgs)
[uni2] batch 1611 (206208 imgs)
[conch] batch 2691 (344448 imgs)
[virchow] batch 1691 (216448 imgs)
[uni2] batch 1621 (207488 imgs)
[conch] batch 2701 (345728 imgs)
[virchow] batch 1701 (217728 imgs)
[conch] batch 2711 (347008 imgs)
[uni2] batch 1631 (208768 imgs)
[conch] batch 2721 (348288 imgs)
[virchow] batch 1711 (219008 imgs)
[conch] batch 2731 (349568 imgs)
[uni2] batch 1641 (210048 imgs)
[virchow] batch 1721 (220288 imgs)
[conch] batch 2741 (350848 imgs)
[uni2] batch 1651 (211328 imgs)
[conch] batch 2751 (352128 imgs)
[virchow] batch 1731 (221568 imgs)
[conch] batch 2761 (353408 imgs)
[uni2] batch 1661 (212608 imgs)
[virchow] batch 1741 (222848 imgs)
[conch] batch 2771 (354688 imgs)
[conch] batch 2781 (355968 imgs)
[uni2] batch 1671 (213888 imgs)
[virchow] batch 1751 (224128 imgs)
[conch] batch 2791 (357248 imgs)
[uni2] batch 1681 (215168 imgs)
[conch] batch 2801 (358528 imgs)
[virchow] batch 1761 (225408 imgs)
[conch] batch 2811 (359808 imgs)
[uni2] batch 1691 (216448 imgs)
[virchow] batch 1771 (226688 imgs)
[conch] batch 2821 (361088 imgs)
[conch] batch 2831 (362368 imgs)
[uni2] batch 1701 (217728 imgs)
[virchow] batch 1781 (227968 imgs)
[conch] batch 2841 (363648 imgs)
[uni2] batch 1711 (219008 imgs)
[virchow] batch 1791 (229248 imgs)
[conch] batch 2851 (364928 imgs)
[conch] batch 2861 (366208 imgs)
[uni2] batch 1721 (220288 imgs)
[virchow] batch 1801 (230528 imgs)
[conch] batch 2871 (367488 imgs)
[conch] batch 2881 (368768 imgs)
[virchow] batch 1811 (231808 imgs)
[uni2] batch 1731 (221568 imgs)
[conch] batch 2891 (370048 imgs)
[virchow] batch 1821 (233088 imgs)
[uni2] batch 1741 (222848 imgs)
[conch] batch 2901 (371328 imgs)
[conch] batch 2911 (372608 imgs)
[virchow] batch 1831 (234368 imgs)
[uni2] batch 1751 (224128 imgs)
[conch] batch 2921 (373888 imgs)
[virchow] batch 1841 (235648 imgs)
[conch] batch 2931 (375168 imgs)
[uni2] batch 1761 (225408 imgs)
[conch] batch 2941 (376448 imgs)
[virchow] batch 1851 (236928 imgs)
[uni2] batch 1771 (226688 imgs)
[conch] batch 2951 (377728 imgs)
[conch] batch 2961 (379008 imgs)
[virchow] batch 1861 (238208 imgs)
[uni2] batch 1781 (227968 imgs)
[conch] batch 2971 (380288 imgs)
[virchow] batch 1871 (239488 imgs)
[conch] batch 2981 (381568 imgs)
[uni2] batch 1791 (229248 imgs)
[conch] batch 2991 (382848 imgs)
[virchow] batch 1881 (240768 imgs)
[uni2] batch 1801 (230528 imgs)
[conch] batch 3001 (384128 imgs)
